{"/media/my0sot1s/STUDY/DRIVE/wkr/dbwkr/__tests__/models/index.js":{"path":"/media/my0sot1s/STUDY/DRIVE/wkr/dbwkr/__tests__/models/index.js","s":{},"b":{},"f":{},"fnMap":{},"statementMap":{},"branchMap":{}},"/media/my0sot1s/STUDY/DRIVE/wkr/dbwkr/__tests__/models/model.js":{"path":"/media/my0sot1s/STUDY/DRIVE/wkr/dbwkr/__tests__/models/model.js","s":{"1":1,"2":1,"3":1,"4":1,"5":1,"6":1,"7":1,"8":3,"9":1,"10":1,"11":1,"12":1,"13":1,"14":1,"15":1,"16":1,"17":1,"18":1},"b":{"1":[1,2],"2":[3,3]},"f":{"1":3,"2":1,"3":1,"4":1},"fnMap":{"1":{"name":"_interopRequireDefault","line":0,"loc":{"start":{"line":0,"column":0},"end":{"line":0,"column":0}},"skip":true},"2":{"name":"(anonymous_2)","line":10,"loc":{"start":{"line":10,"column":33},"end":{"line":10,"column":39}}},"3":{"name":"(anonymous_3)","line":18,"loc":{"start":{"line":18,"column":27},"end":{"line":18,"column":33}}},"4":{"name":"(anonymous_4)","line":23,"loc":{"start":{"line":23,"column":20},"end":{"line":23,"column":26}}}},"statementMap":{"1":{"start":{"line":1,"column":0},"end":{"line":null,"column":null}},"2":{"start":{"line":0,"column":0},"end":{"line":0,"column":0},"skip":true},"3":{"start":{"line":2,"column":0},"end":{"line":null,"column":null}},"4":{"start":{"line":0,"column":0},"end":{"line":0,"column":0},"skip":true},"5":{"start":{"line":4,"column":0},"end":{"line":null,"column":null}},"6":{"start":{"line":0,"column":0},"end":{"line":0,"column":0},"skip":true},"7":{"start":{"line":0,"column":0},"end":{"line":0,"column":0},"skip":true},"8":{"start":{"line":0,"column":0},"end":{"line":0,"column":0},"skip":true},"9":{"start":{"line":5,"column":0},"end":{"line":null,"column":null}},"10":{"start":{"line":10,"column":0},"end":{"line":null,"column":null}},"11":{"start":{"line":12,"column":8},"end":{"line":null,"column":null}},"12":{"start":{"line":17,"column":8},"end":{"line":null,"column":null}},"13":{"start":{"line":18,"column":5},"end":{"line":null,"column":null}},"14":{"start":{"line":19,"column":11},"end":{"line":null,"column":null}},"15":{"start":{"line":20,"column":11},"end":{"line":null,"column":null}},"16":{"start":{"line":21,"column":11},"end":{"line":null,"column":null}},"17":{"start":{"line":23,"column":5},"end":{"line":null,"column":null}},"18":{"start":{"line":24,"column":11},"end":{"line":null,"column":null}}},"branchMap":{"1":{"line":0,"type":"cond-expr","locations":[{"start":{"line":0,"column":0},"end":{"line":0,"column":0},"skip":true},{"start":{"line":0,"column":0},"end":{"line":0,"column":0},"skip":true}]},"2":{"line":0,"type":"binary-expr","locations":[{"start":{"line":0,"column":0},"end":{"line":0,"column":0},"skip":true},{"start":{"line":0,"column":0},"end":{"line":0,"column":0},"skip":true}]}}},"/media/my0sot1s/STUDY/DRIVE/wkr/dbwkr/src/models/Products.js":{"path":"/media/my0sot1s/STUDY/DRIVE/wkr/dbwkr/src/models/Products.js","s":{"1":1,"2":1,"3":1,"4":1,"5":2,"6":2,"7":2,"8":2,"9":0,"10":2,"11":1,"12":1,"13":1,"14":1,"15":0,"16":1,"17":1,"18":5,"19":0,"20":1,"21":1,"22":5,"23":5,"24":5,"25":5,"26":5,"27":5,"28":5,"29":5,"30":5,"31":5,"32":5,"33":5,"34":5,"35":1,"36":3,"37":1,"38":1,"39":1},"b":{"1":[2,2],"2":[0,2],"3":[1,0],"4":[0,1],"5":[0,5],"6":[5,5],"7":[5,5],"8":[5,5],"9":[5,5],"10":[5,5],"11":[5,5],"12":[5,5]},"f":{"1":1,"2":1,"3":1,"4":5,"5":1,"6":5,"7":3,"8":1},"fnMap":{"1":{"name":"(anonymous_1)","line":0,"loc":{"start":{"line":0,"column":0},"end":{"line":0,"column":0}},"skip":true},"2":{"name":"defineProperties","line":0,"loc":{"start":{"line":0,"column":0},"end":{"line":0,"column":0}},"skip":true},"3":{"name":"(anonymous_3)","line":0,"loc":{"start":{"line":0,"column":0},"end":{"line":0,"column":0}},"skip":true},"4":{"name":"_classCallCheck","line":0,"loc":{"start":{"line":0,"column":0},"end":{"line":0,"column":0}},"skip":true},"5":{"name":"(anonymous_5)","line":0,"loc":{"start":{"line":0,"column":0},"end":{"line":0,"column":0}},"skip":true},"6":{"name":"Products","line":8,"loc":{"start":{"line":8,"column":14},"end":{"line":8,"column":20}}},"7":{"name":"get","line":25,"loc":{"start":{"line":25,"column":17},"end":{"line":25,"column":17}}},"8":{"name":"get","line":44,"loc":{"start":{"line":44,"column":11},"end":{"line":44,"column":11}}}},"statementMap":{"1":{"start":{"line":0,"column":0},"end":{"line":0,"column":0},"skip":true},"2":{"start":{"line":0,"column":0},"end":{"line":0,"column":0},"skip":true},"3":{"start":{"line":0,"column":0},"end":{"line":0,"column":0},"skip":true},"4":{"start":{"line":0,"column":0},"end":{"line":0,"column":0},"skip":true},"5":{"start":{"line":0,"column":0},"end":{"line":0,"column":0},"skip":true},"6":{"start":{"line":0,"column":0},"end":{"line":0,"column":0},"skip":true},"7":{"start":{"line":0,"column":0},"end":{"line":0,"column":0},"skip":true},"8":{"start":{"line":0,"column":0},"end":{"line":0,"column":0},"skip":true},"9":{"start":{"line":0,"column":0},"end":{"line":0,"column":0},"skip":true},"10":{"start":{"line":0,"column":0},"end":{"line":0,"column":0},"skip":true},"11":{"start":{"line":0,"column":0},"end":{"line":0,"column":0},"skip":true},"12":{"start":{"line":0,"column":0},"end":{"line":0,"column":0},"skip":true},"13":{"start":{"line":0,"column":0},"end":{"line":0,"column":0},"skip":true},"14":{"start":{"line":0,"column":0},"end":{"line":0,"column":0},"skip":true},"15":{"start":{"line":0,"column":0},"end":{"line":0,"column":0},"skip":true},"16":{"start":{"line":0,"column":0},"end":{"line":0,"column":0},"skip":true},"17":{"start":{"line":0,"column":0},"end":{"line":0,"column":0},"skip":true},"18":{"start":{"line":0,"column":0},"end":{"line":0,"column":0},"skip":true},"19":{"start":{"line":0,"column":0},"end":{"line":0,"column":0},"skip":true},"20":{"start":{"line":4,"column":21},"end":{"line":null,"column":null}},"21":{"start":{"line":8,"column":14},"end":{"line":null,"column":null}},"22":{"start":{"line":0,"column":0},"end":{"line":0,"column":0},"skip":true},"23":{"start":{"line":9,"column":9},"end":{"line":8,"column":20}},"24":{"start":{"line":10,"column":9},"end":{"line":null,"column":null}},"25":{"start":{"line":11,"column":9},"end":{"line":null,"column":null}},"26":{"start":{"line":12,"column":9},"end":{"line":null,"column":null}},"27":{"start":{"line":13,"column":9},"end":{"line":null,"column":null}},"28":{"start":{"line":14,"column":9},"end":{"line":null,"column":null}},"29":{"start":{"line":15,"column":9},"end":{"line":null,"column":null}},"30":{"start":{"line":16,"column":9},"end":{"line":null,"column":null}},"31":{"start":{"line":17,"column":9},"end":{"line":null,"column":null}},"32":{"start":{"line":18,"column":9},"end":{"line":null,"column":null}},"33":{"start":{"line":19,"column":9},"end":{"line":null,"column":null}},"34":{"start":{"line":20,"column":9},"end":{"line":null,"column":null}},"35":{"start":{"line":0,"column":0},"end":{"line":0,"column":0},"skip":true},"36":{"start":{"line":26,"column":11},"end":{"line":null,"column":null}},"37":{"start":{"line":45,"column":11},"end":{"line":null,"column":null}},"38":{"start":{"line":0,"column":0},"end":{"line":0,"column":0},"skip":true},"39":{"start":{"line":4,"column":21},"end":{"line":null,"column":null}}},"branchMap":{"1":{"line":0,"type":"binary-expr","locations":[{"start":{"line":0,"column":0},"end":{"line":0,"column":0},"skip":true},{"start":{"line":0,"column":0},"end":{"line":0,"column":0},"skip":true}]},"2":{"line":0,"type":"if","locations":[{"start":{"line":0,"column":0},"end":{"line":0,"column":0},"skip":true},{"start":{"line":0,"column":0},"end":{"line":0,"column":0},"skip":true}]},"3":{"line":0,"type":"if","locations":[{"start":{"line":0,"column":0},"end":{"line":0,"column":0},"skip":true},{"start":{"line":0,"column":0},"end":{"line":0,"column":0},"skip":true}]},"4":{"line":0,"type":"if","locations":[{"start":{"line":0,"column":0},"end":{"line":0,"column":0},"skip":true},{"start":{"line":0,"column":0},"end":{"line":0,"column":0},"skip":true}]},"5":{"line":0,"type":"if","locations":[{"start":{"line":0,"column":0},"end":{"line":0,"column":0},"skip":true},{"start":{"line":0,"column":0},"end":{"line":0,"column":0},"skip":true}]},"6":{"line":13,"type":"binary-expr","locations":[{"start":{"line":13,"column":15},"end":{"line":13,"column":15}},{"start":{"line":13,"column":27},"end":{"line":13,"column":4}}]},"7":{"line":15,"type":"binary-expr","locations":[{"start":{"line":15,"column":16},"end":{"line":15,"column":16}},{"start":{"line":15,"column":29},"end":{"line":15,"column":4}}]},"8":{"line":16,"type":"binary-expr","locations":[{"start":{"line":16,"column":17},"end":{"line":16,"column":39}},{"start":{"line":16,"column":39},"end":{"line":16,"column":4}}]},"9":{"line":17,"type":"binary-expr","locations":[{"start":{"line":17,"column":19},"end":{"line":17,"column":43}},{"start":{"line":17,"column":43},"end":{"line":17,"column":4}}]},"10":{"line":18,"type":"binary-expr","locations":[{"start":{"line":18,"column":22},"end":{"line":18,"column":22}},{"start":{"line":18,"column":41},"end":{"line":18,"column":4}}]},"11":{"line":19,"type":"binary-expr","locations":[{"start":{"line":19,"column":17},"end":{"line":19,"column":39}},{"start":{"line":19,"column":39},"end":{"line":19,"column":4}}]},"12":{"line":20,"type":"binary-expr","locations":[{"start":{"line":20,"column":17},"end":{"line":20,"column":39}},{"start":{"line":20,"column":39},"end":{"line":20,"column":4}}]}}},"/media/my0sot1s/STUDY/DRIVE/wkr/dbwkr/__tests__/process/Base.js":{"path":"/media/my0sot1s/STUDY/DRIVE/wkr/dbwkr/__tests__/process/Base.js","s":{"1":1,"2":1,"3":1,"4":1,"5":1,"6":1,"7":1,"8":1,"9":3,"10":1,"11":1,"12":1,"13":1,"14":1,"15":1,"16":1,"17":1,"18":1,"19":1,"20":1,"21":1,"22":1,"23":1,"24":0,"25":0,"26":1,"27":1,"28":1,"29":1,"30":1,"31":1,"32":1,"33":1,"34":1,"35":1,"36":1,"37":1,"38":1},"b":{"1":[1,2],"2":[3,3]},"f":{"1":3,"2":1,"3":1,"4":1,"5":1,"6":1,"7":0,"8":0,"9":1,"10":1,"11":1,"12":1},"fnMap":{"1":{"name":"_interopRequireDefault","line":0,"loc":{"start":{"line":0,"column":0},"end":{"line":0,"column":0}},"skip":true},"2":{"name":"(anonymous_2)","line":17,"loc":{"start":{"line":17,"column":32},"end":{"line":17,"column":38}}},"3":{"name":"(anonymous_3)","line":18,"loc":{"start":{"line":18,"column":33},"end":{"line":18,"column":39}}},"4":{"name":"(anonymous_4)","line":21,"loc":{"start":{"line":21,"column":33},"end":{"line":21,"column":39}}},"5":{"name":"(anonymous_5)","line":29,"loc":{"start":{"line":29,"column":31},"end":{"line":29,"column":37}}},"6":{"name":"(anonymous_6)","line":30,"loc":{"start":{"line":30,"column":29},"end":{"line":30,"column":35}}},"7":{"name":"(anonymous_7)","line":31,"loc":{"start":{"line":31,"column":31},"end":{"line":31,"column":38}}},"8":{"name":"(anonymous_8)","line":33,"loc":{"start":{"line":33,"column":13},"end":{"line":33,"column":20}}},"9":{"name":"(anonymous_9)","line":37,"loc":{"start":{"line":37,"column":30},"end":{"line":37,"column":36}}},"10":{"name":"close","line":39,"loc":{"start":{"line":39,"column":13},"end":{"line":null,"column":null}}},"11":{"name":"(anonymous_11)","line":43,"loc":{"start":{"line":43,"column":37},"end":{"line":43,"column":43}}},"12":{"name":"(anonymous_12)","line":48,"loc":{"start":{"line":48,"column":30},"end":{"line":48,"column":36}}}},"statementMap":{"1":{"start":{"line":1,"column":0},"end":{"line":null,"column":null}},"2":{"start":{"line":0,"column":0},"end":{"line":0,"column":0},"skip":true},"3":{"start":{"line":2,"column":0},"end":{"line":null,"column":null}},"4":{"start":{"line":0,"column":0},"end":{"line":0,"column":0},"skip":true},"5":{"start":{"line":3,"column":0},"end":{"line":null,"column":null}},"6":{"start":{"line":0,"column":0},"end":{"line":0,"column":0},"skip":true},"7":{"start":{"line":5,"column":0},"end":{"line":null,"column":null}},"8":{"start":{"line":0,"column":0},"end":{"line":0,"column":0},"skip":true},"9":{"start":{"line":0,"column":0},"end":{"line":0,"column":0},"skip":true},"10":{"start":{"line":6,"column":0},"end":{"line":null,"column":null}},"11":{"start":{"line":7,"column":0},"end":{"line":null,"column":null}},"12":{"start":{"line":10,"column":0},"end":{"line":null,"column":null}},"13":{"start":{"line":11,"column":0},"end":{"line":null,"column":null}},"14":{"start":{"line":12,"column":0},"end":{"line":null,"column":null}},"15":{"start":{"line":17,"column":0},"end":{"line":null,"column":null}},"16":{"start":{"line":18,"column":5},"end":{"line":null,"column":null}},"17":{"start":{"line":19,"column":11},"end":{"line":null,"column":null}},"18":{"start":{"line":21,"column":5},"end":{"line":null,"column":null}},"19":{"start":{"line":22,"column":10},"end":{"line":null,"column":null}},"20":{"start":{"line":23,"column":11},"end":{"line":null,"column":null}},"21":{"start":{"line":29,"column":0},"end":{"line":null,"column":null}},"22":{"start":{"line":30,"column":5},"end":{"line":null,"column":null}},"23":{"start":{"line":31,"column":9},"end":{"line":null,"column":null}},"24":{"start":{"line":32,"column":13},"end":{"line":null,"column":null}},"25":{"start":{"line":34,"column":13},"end":{"line":null,"column":null}},"26":{"start":{"line":37,"column":5},"end":{"line":null,"column":null}},"27":{"start":{"line":38,"column":10},"end":{"line":null,"column":null}},"28":{"start":{"line":39,"column":19},"end":{"line":null,"column":null}},"29":{"start":{"line":41,"column":11},"end":{"line":null,"column":null}},"30":{"start":{"line":43,"column":5},"end":{"line":null,"column":null}},"31":{"start":{"line":44,"column":16},"end":{"line":null,"column":null}},"32":{"start":{"line":45,"column":11},"end":{"line":null,"column":null}},"33":{"start":{"line":46,"column":11},"end":{"line":null,"column":null}},"34":{"start":{"line":48,"column":5},"end":{"line":null,"column":null}},"35":{"start":{"line":49,"column":10},"end":{"line":null,"column":null}},"36":{"start":{"line":50,"column":16},"end":{"line":null,"column":null}},"37":{"start":{"line":51,"column":11},"end":{"line":null,"column":null}},"38":{"start":{"line":52,"column":11},"end":{"line":null,"column":null}}},"branchMap":{"1":{"line":0,"type":"cond-expr","locations":[{"start":{"line":0,"column":0},"end":{"line":0,"column":0},"skip":true},{"start":{"line":0,"column":0},"end":{"line":0,"column":0},"skip":true}]},"2":{"line":0,"type":"binary-expr","locations":[{"start":{"line":0,"column":0},"end":{"line":0,"column":0},"skip":true},{"start":{"line":0,"column":0},"end":{"line":0,"column":0},"skip":true}]}}},"/media/my0sot1s/STUDY/DRIVE/wkr/dbwkr/src/process/Base.js":{"path":"/media/my0sot1s/STUDY/DRIVE/wkr/dbwkr/src/process/Base.js","s":{"1":1,"2":1,"3":1,"4":1,"5":0,"6":1,"7":1,"8":3,"9":5,"10":5,"11":5,"12":5,"13":3,"14":5,"15":1,"16":2,"17":2,"18":2,"19":1,"20":2,"21":1,"22":1,"23":1,"24":1,"25":1,"26":1,"27":1,"28":3,"29":0,"30":3,"31":1,"32":1,"33":0,"34":1,"35":1,"36":1,"37":1,"38":7,"39":0,"40":1,"41":1,"42":1,"43":4,"44":4,"45":4,"46":1,"47":1,"48":2,"49":1,"50":1,"51":1,"52":1,"53":3,"54":3,"55":3,"56":3,"57":3,"58":1,"59":8,"60":8,"61":8,"62":8,"63":0,"64":0,"65":0,"66":0,"67":0,"68":1,"69":1,"70":1,"71":1,"72":0,"73":2,"74":1,"75":5,"76":5,"77":1,"78":1,"79":1,"80":1,"81":1},"b":{"1":[1,0],"2":[1,1],"3":[0,0],"4":[0,0,0,0],"5":[5,5],"6":[3,2],"7":[2,0],"8":[1,1],"9":[0,1],"10":[1,1],"11":[0,3],"12":[0,3],"13":[3,0,0],"14":[0,1],"15":[1,0],"16":[1,1],"17":[1,0],"18":[1,0],"19":[0,7],"20":[3,0],"21":[0,0],"22":[0,0,0],"23":[1,0],"24":[1,1],"25":[2,1],"26":[0,1]},"f":{"1":1,"2":0,"3":1,"4":3,"5":2,"6":1,"7":3,"8":1,"9":7,"10":1,"11":4,"12":1,"13":2,"14":1,"15":3,"16":8,"17":8,"18":0,"19":1,"20":2,"21":5,"22":1},"fnMap":{"1":{"name":"(anonymous_1)","line":0,"loc":{"start":{"line":0,"column":0},"end":{"line":0,"column":0}},"skip":true},"2":{"name":"(anonymous_2)","line":0,"loc":{"start":{"line":0,"column":0},"end":{"line":0,"column":0}},"skip":true},"3":{"name":"(anonymous_3)","line":3,"loc":{"start":{"line":3,"column":39},"end":{"line":3,"column":39}}},"4":{"name":"defineProperties","line":3,"loc":{"start":{"line":3,"column":39},"end":{"line":3,"column":39}}},"5":{"name":"(anonymous_5)","line":3,"loc":{"start":{"line":3,"column":39},"end":{"line":3,"column":39}}},"6":{"name":"_interopRequireDefault","line":0,"loc":{"start":{"line":0,"column":0},"end":{"line":0,"column":0}},"skip":true},"7":{"name":"_possibleConstructorReturn","line":0,"loc":{"start":{"line":0,"column":0},"end":{"line":0,"column":0}},"skip":true},"8":{"name":"_inherits","line":0,"loc":{"start":{"line":0,"column":0},"end":{"line":0,"column":0}},"skip":true},"9":{"name":"_classCallCheck","line":0,"loc":{"start":{"line":0,"column":0},"end":{"line":0,"column":0}},"skip":true},"10":{"name":"(anonymous_10)","line":0,"loc":{"start":{"line":0,"column":0},"end":{"line":0,"column":0}},"skip":true},"11":{"name":"IBaseProcess","line":15,"loc":{"start":{"line":15,"column":16},"end":{"line":15,"column":16}}},"12":{"name":"get","line":22,"loc":{"start":{"line":22,"column":22},"end":{"line":22,"column":22}}},"13":{"name":"set","line":29,"loc":{"start":{"line":29,"column":20},"end":{"line":29,"column":32}}},"14":{"name":"(anonymous_14)","line":0,"loc":{"start":{"line":0,"column":0},"end":{"line":0,"column":0}},"skip":true},"15":{"name":"BaseProcess","line":41,"loc":{"start":{"line":41,"column":14},"end":{"line":41,"column":21}}},"16":{"name":"open","line":49,"loc":{"start":{"line":49,"column":7},"end":{"line":49,"column":23}}},"17":{"name":"(anonymous_17)","line":50,"loc":{"start":{"line":50,"column":23},"end":{"line":50,"column":44}}},"18":{"name":"(anonymous_18)","line":52,"loc":{"start":{"line":52,"column":38},"end":{"line":52,"column":51}}},"19":{"name":"close","line":68,"loc":{"start":{"line":68,"column":8},"end":{"line":68,"column":13}}},"20":{"name":"resetMem","line":80,"loc":{"start":{"line":80,"column":18},"end":{"line":80,"column":23}}},"21":{"name":"(anonymous_21)","line":82,"loc":{"start":{"line":82,"column":30},"end":{"line":82,"column":38}}},"22":{"name":"(anonymous_22)","line":88,"loc":{"start":{"line":88,"column":27},"end":{"line":88,"column":34}}}},"statementMap":{"1":{"start":{"line":0,"column":0},"end":{"line":0,"column":0},"skip":true},"2":{"start":{"line":0,"column":0},"end":{"line":0,"column":0},"skip":true},"3":{"start":{"line":0,"column":0},"end":{"line":0,"column":0},"skip":true},"4":{"start":{"line":0,"column":0},"end":{"line":0,"column":0},"skip":true},"5":{"start":{"line":0,"column":0},"end":{"line":0,"column":0},"skip":true},"6":{"start":{"line":3,"column":39},"end":{"line":3,"column":39}},"7":{"start":{"line":3,"column":39},"end":{"line":3,"column":39}},"8":{"start":{"line":3,"column":39},"end":{"line":3,"column":39}},"9":{"start":{"line":3,"column":39},"end":{"line":3,"column":39}},"10":{"start":{"line":3,"column":39},"end":{"line":3,"column":39}},"11":{"start":{"line":3,"column":39},"end":{"line":3,"column":39}},"12":{"start":{"line":3,"column":39},"end":{"line":3,"column":39}},"13":{"start":{"line":3,"column":39},"end":{"line":3,"column":39}},"14":{"start":{"line":3,"column":39},"end":{"line":3,"column":39}},"15":{"start":{"line":3,"column":39},"end":{"line":3,"column":39}},"16":{"start":{"line":3,"column":39},"end":{"line":3,"column":39}},"17":{"start":{"line":3,"column":39},"end":{"line":3,"column":39}},"18":{"start":{"line":3,"column":39},"end":{"line":3,"column":39}},"19":{"start":{"line":3,"column":39},"end":{"line":3,"column":39}},"20":{"start":{"line":3,"column":39},"end":{"line":3,"column":39}},"21":{"start":{"line":3,"column":0},"end":{"line":null,"column":null}},"22":{"start":{"line":4,"column":0},"end":{"line":null,"column":null}},"23":{"start":{"line":0,"column":0},"end":{"line":0,"column":0},"skip":true},"24":{"start":{"line":5,"column":0},"end":{"line":null,"column":null}},"25":{"start":{"line":0,"column":0},"end":{"line":0,"column":0},"skip":true},"26":{"start":{"line":0,"column":0},"end":{"line":0,"column":0},"skip":true},"27":{"start":{"line":0,"column":0},"end":{"line":0,"column":0},"skip":true},"28":{"start":{"line":0,"column":0},"end":{"line":0,"column":0},"skip":true},"29":{"start":{"line":0,"column":0},"end":{"line":0,"column":0},"skip":true},"30":{"start":{"line":0,"column":0},"end":{"line":0,"column":0},"skip":true},"31":{"start":{"line":0,"column":0},"end":{"line":0,"column":0},"skip":true},"32":{"start":{"line":0,"column":0},"end":{"line":0,"column":0},"skip":true},"33":{"start":{"line":0,"column":0},"end":{"line":0,"column":0},"skip":true},"34":{"start":{"line":0,"column":0},"end":{"line":0,"column":0},"skip":true},"35":{"start":{"line":0,"column":0},"end":{"line":0,"column":0},"skip":true},"36":{"start":{"line":0,"column":0},"end":{"line":0,"column":0},"skip":true},"37":{"start":{"line":0,"column":0},"end":{"line":0,"column":0},"skip":true},"38":{"start":{"line":0,"column":0},"end":{"line":0,"column":0},"skip":true},"39":{"start":{"line":0,"column":0},"end":{"line":0,"column":0},"skip":true},"40":{"start":{"line":6,"column":0},"end":{"line":null,"column":null}},"41":{"start":{"line":10,"column":13},"end":{"line":null,"column":null}},"42":{"start":{"line":15,"column":16},"end":{"line":null,"column":null}},"43":{"start":{"line":0,"column":0},"end":{"line":0,"column":0},"skip":true},"44":{"start":{"line":16,"column":9},"end":{"line":null,"column":null}},"45":{"start":{"line":17,"column":9},"end":{"line":15,"column":16}},"46":{"start":{"line":0,"column":0},"end":{"line":0,"column":0},"skip":true},"47":{"start":{"line":23,"column":11},"end":{"line":null,"column":null}},"48":{"start":{"line":30,"column":9},"end":{"line":null,"column":null}},"49":{"start":{"line":0,"column":0},"end":{"line":0,"column":0},"skip":true},"50":{"start":{"line":37,"column":21},"end":{"line":null,"column":null}},"51":{"start":{"line":0,"column":0},"end":{"line":0,"column":0},"skip":true},"52":{"start":{"line":41,"column":14},"end":{"line":null,"column":null}},"53":{"start":{"line":0,"column":0},"end":{"line":0,"column":0},"skip":true},"54":{"start":{"line":0,"column":0},"end":{"line":0,"column":0},"skip":true},"55":{"start":{"line":43,"column":9},"end":{"line":null,"column":null}},"56":{"start":{"line":44,"column":9},"end":{"line":null,"column":null}},"57":{"start":{"line":0,"column":0},"end":{"line":0,"column":0},"skip":true},"58":{"start":{"line":0,"column":0},"end":{"line":0,"column":0},"skip":true},"59":{"start":{"line":0,"column":0},"end":{"line":0,"column":0},"skip":true},"60":{"start":{"line":50,"column":11},"end":{"line":null,"column":null}},"61":{"start":{"line":51,"column":10},"end":{"line":null,"column":null}},"62":{"start":{"line":52,"column":20},"end":{"line":null,"column":null}},"63":{"start":{"line":53,"column":14},"end":{"line":null,"column":null}},"64":{"start":{"line":54,"column":20},"end":{"line":54,"column":66}},"65":{"start":{"line":54,"column":66},"end":{"line":null,"column":null}},"66":{"start":{"line":56,"column":20},"end":{"line":null,"column":null}},"67":{"start":{"line":60,"column":14},"end":{"line":null,"column":null}},"68":{"start":{"line":69,"column":8},"end":{"line":null,"column":null}},"69":{"start":{"line":70,"column":10},"end":{"line":null,"column":null}},"70":{"start":{"line":70,"column":15},"end":{"line":null,"column":null}},"71":{"start":{"line":71,"column":13},"end":{"line":null,"column":null}},"72":{"start":{"line":73,"column":12},"end":{"line":null,"column":null}},"73":{"start":{"line":81,"column":8},"end":{"line":null,"column":null}},"74":{"start":{"line":82,"column":13},"end":{"line":null,"column":null}},"75":{"start":{"line":83,"column":15},"end":{"line":null,"column":null}},"76":{"start":{"line":84,"column":15},"end":{"line":null,"column":null}},"77":{"start":{"line":88,"column":13},"end":{"line":null,"column":null}},"78":{"start":{"line":89,"column":15},"end":{"line":null,"column":null}},"79":{"start":{"line":90,"column":15},"end":{"line":null,"column":null}},"80":{"start":{"line":0,"column":0},"end":{"line":0,"column":0},"skip":true},"81":{"start":{"line":37,"column":21},"end":{"line":null,"column":null}}},"branchMap":{"1":{"line":0,"type":"cond-expr","locations":[{"start":{"line":0,"column":0},"end":{"line":0,"column":0},"skip":true},{"start":{"line":0,"column":0},"end":{"line":0,"column":0},"skip":true}]},"2":{"line":0,"type":"binary-expr","locations":[{"start":{"line":0,"column":0},"end":{"line":0,"column":0},"skip":true},{"start":{"line":0,"column":0},"end":{"line":0,"column":0},"skip":true}]},"3":{"line":0,"type":"cond-expr","locations":[{"start":{"line":0,"column":0},"end":{"line":0,"column":0},"skip":true},{"start":{"line":0,"column":0},"end":{"line":0,"column":0},"skip":true}]},"4":{"line":0,"type":"binary-expr","locations":[{"start":{"line":0,"column":0},"end":{"line":0,"column":0},"skip":true},{"start":{"line":0,"column":0},"end":{"line":0,"column":0},"skip":true},{"start":{"line":0,"column":0},"end":{"line":0,"column":0},"skip":true},{"start":{"line":0,"column":0},"end":{"line":0,"column":0},"skip":true}]},"5":{"line":3,"type":"binary-expr","locations":[{"start":{"line":3,"column":39},"end":{"line":3,"column":39}},{"start":{"line":3,"column":39},"end":{"line":3,"column":39}}]},"6":{"line":3,"type":"if","locations":[{"start":{"line":3,"column":39},"end":{"line":3,"column":39}},{"start":{"line":3,"column":39},"end":{"line":3,"column":39}}]},"7":{"line":3,"type":"if","locations":[{"start":{"line":3,"column":39},"end":{"line":3,"column":39}},{"start":{"line":3,"column":39},"end":{"line":3,"column":39}}]},"8":{"line":3,"type":"if","locations":[{"start":{"line":3,"column":39},"end":{"line":3,"column":39}},{"start":{"line":3,"column":39},"end":{"line":3,"column":39}}]},"9":{"line":0,"type":"cond-expr","locations":[{"start":{"line":0,"column":0},"end":{"line":0,"column":0},"skip":true},{"start":{"line":0,"column":0},"end":{"line":0,"column":0},"skip":true}]},"10":{"line":0,"type":"binary-expr","locations":[{"start":{"line":0,"column":0},"end":{"line":0,"column":0},"skip":true},{"start":{"line":0,"column":0},"end":{"line":0,"column":0},"skip":true}]},"11":{"line":0,"type":"if","locations":[{"start":{"line":0,"column":0},"end":{"line":0,"column":0},"skip":true},{"start":{"line":0,"column":0},"end":{"line":0,"column":0},"skip":true}]},"12":{"line":0,"type":"cond-expr","locations":[{"start":{"line":0,"column":0},"end":{"line":0,"column":0},"skip":true},{"start":{"line":0,"column":0},"end":{"line":0,"column":0},"skip":true}]},"13":{"line":0,"type":"binary-expr","locations":[{"start":{"line":0,"column":0},"end":{"line":0,"column":0},"skip":true},{"start":{"line":0,"column":0},"end":{"line":0,"column":0},"skip":true},{"start":{"line":0,"column":0},"end":{"line":0,"column":0},"skip":true}]},"14":{"line":0,"type":"if","locations":[{"start":{"line":0,"column":0},"end":{"line":0,"column":0},"skip":true},{"start":{"line":0,"column":0},"end":{"line":0,"column":0},"skip":true}]},"15":{"line":0,"type":"binary-expr","locations":[{"start":{"line":0,"column":0},"end":{"line":0,"column":0},"skip":true},{"start":{"line":0,"column":0},"end":{"line":0,"column":0},"skip":true}]},"16":{"line":0,"type":"binary-expr","locations":[{"start":{"line":0,"column":0},"end":{"line":0,"column":0},"skip":true},{"start":{"line":0,"column":0},"end":{"line":0,"column":0},"skip":true}]},"17":{"line":0,"type":"if","locations":[{"start":{"line":0,"column":0},"end":{"line":0,"column":0},"skip":true},{"start":{"line":0,"column":0},"end":{"line":0,"column":0},"skip":true}]},"18":{"line":0,"type":"cond-expr","locations":[{"start":{"line":0,"column":0},"end":{"line":0,"column":0},"skip":true},{"start":{"line":0,"column":0},"end":{"line":0,"column":0},"skip":true}]},"19":{"line":0,"type":"if","locations":[{"start":{"line":0,"column":0},"end":{"line":0,"column":0},"skip":true},{"start":{"line":0,"column":0},"end":{"line":0,"column":0},"skip":true}]},"20":{"line":0,"type":"binary-expr","locations":[{"start":{"line":0,"column":0},"end":{"line":0,"column":0},"skip":true},{"start":{"line":0,"column":0},"end":{"line":0,"column":0},"skip":true}]},"21":{"line":53,"type":"if","locations":[{"start":{"line":53,"column":14},"end":{"line":53,"column":14}},{"start":{"line":53,"column":14},"end":{"line":53,"column":14}}]},"22":{"line":53,"type":"binary-expr","locations":[{"start":{"line":53,"column":14},"end":{"line":53,"column":21}},{"start":{"line":53,"column":21},"end":{"line":53,"column":14}},{"start":{"line":53,"column":48},"end":{"line":53,"column":10}}]},"23":{"line":70,"type":"if","locations":[{"start":{"line":70,"column":10},"end":{"line":70,"column":10}},{"start":{"line":70,"column":10},"end":{"line":70,"column":10}}]},"24":{"line":81,"type":"if","locations":[{"start":{"line":81,"column":8},"end":{"line":81,"column":8}},{"start":{"line":81,"column":8},"end":{"line":81,"column":8}}]},"25":{"line":81,"type":"binary-expr","locations":[{"start":{"line":81,"column":8},"end":{"line":81,"column":8}},{"start":{"line":81,"column":29},"end":{"line":81,"column":4}}]},"26":{"line":81,"type":"cond-expr","locations":[{"start":{"line":81,"column":36},"end":{"line":81,"column":36}},{"start":{"line":81,"column":36},"end":{"line":81,"column":44}}]}}},"/media/my0sot1s/STUDY/DRIVE/wkr/dbwkr/configs.js":{"path":"/media/my0sot1s/STUDY/DRIVE/wkr/dbwkr/configs.js","s":{"1":1,"2":1,"3":3,"4":0,"5":3,"6":0,"7":0,"8":0,"9":0,"10":0,"11":0,"12":0,"13":0,"14":0,"15":0,"16":0,"17":0,"18":0,"19":0,"20":4,"21":4,"22":4,"23":0,"24":0,"25":0,"26":0,"27":0,"28":1},"b":{"1":[1,1],"2":[0,3],"3":[4,0]},"f":{"1":3,"2":0,"3":0,"4":0,"5":0,"6":0,"7":4,"8":0},"fnMap":{"1":{"name":"dbGenUrl","line":22,"loc":{"start":{"line":22,"column":14},"end":{"line":22,"column":25}}},"2":{"name":"middleware","line":39,"loc":{"start":{"line":39,"column":16},"end":{"line":39,"column":36}}},"3":{"name":"middlewareUpload","line":46,"loc":{"start":{"line":46,"column":22},"end":{"line":46,"column":42}}},"4":{"name":"destination","line":55,"loc":{"start":{"line":55,"column":19},"end":{"line":55,"column":38}}},"5":{"name":"filename","line":58,"loc":{"start":{"line":58,"column":16},"end":{"line":58,"column":35}}},"6":{"name":"(anonymous_6)","line":59,"loc":{"start":{"line":59,"column":37},"end":{"line":59,"column":51}}},"7":{"name":"checkall","line":64,"loc":{"start":{"line":64,"column":14},"end":{"line":64,"column":34}}},"8":{"name":"toText","line":84,"loc":{"start":{"line":84,"column":10},"end":{"line":84,"column":17}}}},"statementMap":{"1":{"start":{"line":1,"column":0},"end":{"line":null,"column":null}},"2":{"start":{"line":2,"column":0},"end":{"line":null,"column":null}},"3":{"start":{"line":23,"column":10},"end":{"line":null,"column":null}},"4":{"start":{"line":24,"column":18},"end":{"line":null,"column":null}},"5":{"start":{"line":27,"column":28},"end":{"line":null,"column":null}},"6":{"start":{"line":40,"column":10},"end":{"line":null,"column":null}},"7":{"start":{"line":41,"column":10},"end":{"line":null,"column":null}},"8":{"start":{"line":42,"column":10},"end":{"line":null,"column":null}},"9":{"start":{"line":43,"column":10},"end":{"line":null,"column":null}},"10":{"start":{"line":0,"column":0},"end":{"line":0,"column":0},"skip":true},"11":{"start":{"line":47,"column":10},"end":{"line":null,"column":null}},"12":{"start":{"line":48,"column":10},"end":{"line":null,"column":null}},"13":{"start":{"line":49,"column":10},"end":{"line":null,"column":null}},"14":{"start":{"line":50,"column":10},"end":{"line":null,"column":null}},"15":{"start":{"line":51,"column":10},"end":{"line":null,"column":null}},"16":{"start":{"line":0,"column":0},"end":{"line":0,"column":0},"skip":true},"17":{"start":{"line":56,"column":11},"end":{"line":55,"column":38}},"18":{"start":{"line":59,"column":15},"end":{"line":null,"column":null}},"19":{"start":{"line":60,"column":13},"end":{"line":59,"column":51}},"20":{"start":{"line":65,"column":12},"end":{"line":null,"column":null}},"21":{"start":{"line":66,"column":10},"end":{"line":null,"column":null}},"22":{"start":{"line":67,"column":12},"end":{"line":null,"column":null}},"23":{"start":{"line":68,"column":12},"end":{"line":null,"column":null}},"24":{"start":{"line":69,"column":22},"end":{"line":null,"column":null}},"25":{"start":{"line":85,"column":10},"end":{"line":84,"column":17}},"26":{"start":{"line":86,"column":10},"end":{"line":null,"column":null}},"27":{"start":{"line":92,"column":11},"end":{"line":null,"column":null}},"28":{"start":{"line":96,"column":0},"end":{"line":null,"column":null}}},"branchMap":{"1":{"line":4,"type":"binary-expr","locations":[{"start":{"line":4,"column":10},"end":{"line":4,"column":10}},{"start":{"line":4,"column":30},"end":{"line":3,"column":7}}]},"2":{"line":23,"type":"if","locations":[{"start":{"line":23,"column":10},"end":{"line":23,"column":10}},{"start":{"line":23,"column":10},"end":{"line":23,"column":10}}]},"3":{"line":66,"type":"if","locations":[{"start":{"line":66,"column":10},"end":{"line":66,"column":10}},{"start":{"line":66,"column":10},"end":{"line":66,"column":10}}]}}},"/media/my0sot1s/STUDY/DRIVE/wkr/dbwkr/src/models/index.js":{"path":"/media/my0sot1s/STUDY/DRIVE/wkr/dbwkr/src/models/index.js","s":{"1":1,"2":1,"3":1,"4":1,"5":1,"6":1,"7":1,"8":1,"9":1,"10":1,"11":1,"12":1,"13":1,"14":5,"15":1,"16":1,"17":1,"18":4,"19":1,"20":1,"21":1,"22":1,"23":1,"24":1},"b":{"1":[5,0],"2":[5,5]},"f":{"1":5,"2":4},"fnMap":{"1":{"name":"_interopRequireDefault","line":0,"loc":{"start":{"line":0,"column":0},"end":{"line":0,"column":0}},"skip":true},"2":{"name":"dynamicClass","line":21,"loc":{"start":{"line":21,"column":28},"end":{"line":21,"column":44}}}},"statementMap":{"1":{"start":{"line":0,"column":0},"end":{"line":0,"column":0},"skip":true},"2":{"start":{"line":0,"column":0},"end":{"line":0,"column":0},"skip":true},"3":{"start":{"line":1,"column":0},"end":{"line":null,"column":null}},"4":{"start":{"line":0,"column":0},"end":{"line":0,"column":0},"skip":true},"5":{"start":{"line":2,"column":0},"end":{"line":null,"column":null}},"6":{"start":{"line":0,"column":0},"end":{"line":0,"column":0},"skip":true},"7":{"start":{"line":3,"column":0},"end":{"line":null,"column":null}},"8":{"start":{"line":0,"column":0},"end":{"line":0,"column":0},"skip":true},"9":{"start":{"line":4,"column":0},"end":{"line":null,"column":null}},"10":{"start":{"line":0,"column":0},"end":{"line":0,"column":0},"skip":true},"11":{"start":{"line":5,"column":0},"end":{"line":null,"column":null}},"12":{"start":{"line":0,"column":0},"end":{"line":0,"column":0},"skip":true},"13":{"start":{"line":0,"column":0},"end":{"line":0,"column":0},"skip":true},"14":{"start":{"line":0,"column":0},"end":{"line":0,"column":0},"skip":true},"15":{"start":{"line":7,"column":7},"end":{"line":null,"column":null}},"16":{"start":{"line":14,"column":7},"end":{"line":null,"column":null}},"17":{"start":{"line":21,"column":7},"end":{"line":null,"column":null}},"18":{"start":{"line":22,"column":9},"end":{"line":null,"column":null}},"19":{"start":{"line":24,"column":7},"end":{"line":null,"column":null}},"20":{"start":{"line":47,"column":2},"end":{"line":null,"column":null}},"21":{"start":{"line":47,"column":10},"end":{"line":null,"column":null}},"22":{"start":{"line":47,"column":17},"end":{"line":null,"column":null}},"23":{"start":{"line":47,"column":27},"end":{"line":null,"column":null}},"24":{"start":{"line":47,"column":38},"end":{"line":null,"column":null}}},"branchMap":{"1":{"line":0,"type":"cond-expr","locations":[{"start":{"line":0,"column":0},"end":{"line":0,"column":0},"skip":true},{"start":{"line":0,"column":0},"end":{"line":0,"column":0},"skip":true}]},"2":{"line":0,"type":"binary-expr","locations":[{"start":{"line":0,"column":0},"end":{"line":0,"column":0},"skip":true},{"start":{"line":0,"column":0},"end":{"line":0,"column":0},"skip":true}]}}},"/media/my0sot1s/STUDY/DRIVE/wkr/dbwkr/src/models/Users.js":{"path":"/media/my0sot1s/STUDY/DRIVE/wkr/dbwkr/src/models/Users.js","s":{"1":1,"2":1,"3":1,"4":1,"5":2,"6":2,"7":2,"8":2,"9":0,"10":2,"11":1,"12":1,"13":1,"14":1,"15":0,"16":1,"17":1,"18":0,"19":0,"20":1,"21":1,"22":0,"23":0,"24":0,"25":0,"26":0,"27":0,"28":0,"29":0,"30":1,"31":0,"32":0,"33":1,"34":1},"b":{"1":[2,2],"2":[0,2],"3":[1,0],"4":[0,1],"5":[0,0],"6":[0,0],"7":[0,0],"8":[0,0],"9":[0,0],"10":[0,0]},"f":{"1":1,"2":1,"3":1,"4":0,"5":1,"6":0,"7":0,"8":0},"fnMap":{"1":{"name":"(anonymous_1)","line":0,"loc":{"start":{"line":0,"column":0},"end":{"line":0,"column":0}},"skip":true},"2":{"name":"defineProperties","line":0,"loc":{"start":{"line":0,"column":0},"end":{"line":0,"column":0}},"skip":true},"3":{"name":"(anonymous_3)","line":0,"loc":{"start":{"line":0,"column":0},"end":{"line":0,"column":0}},"skip":true},"4":{"name":"_classCallCheck","line":0,"loc":{"start":{"line":0,"column":0},"end":{"line":0,"column":0}},"skip":true},"5":{"name":"(anonymous_5)","line":0,"loc":{"start":{"line":0,"column":0},"end":{"line":0,"column":0}},"skip":true},"6":{"name":"Users","line":8,"loc":{"start":{"line":8,"column":14},"end":{"line":8,"column":20}}},"7":{"name":"get","line":20,"loc":{"start":{"line":20,"column":17},"end":{"line":20,"column":17}}},"8":{"name":"get","line":34,"loc":{"start":{"line":34,"column":11},"end":{"line":34,"column":11}}}},"statementMap":{"1":{"start":{"line":0,"column":0},"end":{"line":0,"column":0},"skip":true},"2":{"start":{"line":0,"column":0},"end":{"line":0,"column":0},"skip":true},"3":{"start":{"line":0,"column":0},"end":{"line":0,"column":0},"skip":true},"4":{"start":{"line":0,"column":0},"end":{"line":0,"column":0},"skip":true},"5":{"start":{"line":0,"column":0},"end":{"line":0,"column":0},"skip":true},"6":{"start":{"line":0,"column":0},"end":{"line":0,"column":0},"skip":true},"7":{"start":{"line":0,"column":0},"end":{"line":0,"column":0},"skip":true},"8":{"start":{"line":0,"column":0},"end":{"line":0,"column":0},"skip":true},"9":{"start":{"line":0,"column":0},"end":{"line":0,"column":0},"skip":true},"10":{"start":{"line":0,"column":0},"end":{"line":0,"column":0},"skip":true},"11":{"start":{"line":0,"column":0},"end":{"line":0,"column":0},"skip":true},"12":{"start":{"line":0,"column":0},"end":{"line":0,"column":0},"skip":true},"13":{"start":{"line":0,"column":0},"end":{"line":0,"column":0},"skip":true},"14":{"start":{"line":0,"column":0},"end":{"line":0,"column":0},"skip":true},"15":{"start":{"line":0,"column":0},"end":{"line":0,"column":0},"skip":true},"16":{"start":{"line":0,"column":0},"end":{"line":0,"column":0},"skip":true},"17":{"start":{"line":0,"column":0},"end":{"line":0,"column":0},"skip":true},"18":{"start":{"line":0,"column":0},"end":{"line":0,"column":0},"skip":true},"19":{"start":{"line":0,"column":0},"end":{"line":0,"column":0},"skip":true},"20":{"start":{"line":4,"column":21},"end":{"line":null,"column":null}},"21":{"start":{"line":8,"column":14},"end":{"line":null,"column":null}},"22":{"start":{"line":0,"column":0},"end":{"line":0,"column":0},"skip":true},"23":{"start":{"line":9,"column":9},"end":{"line":8,"column":20}},"24":{"start":{"line":10,"column":9},"end":{"line":null,"column":null}},"25":{"start":{"line":11,"column":9},"end":{"line":null,"column":null}},"26":{"start":{"line":12,"column":9},"end":{"line":null,"column":null}},"27":{"start":{"line":13,"column":9},"end":{"line":null,"column":null}},"28":{"start":{"line":14,"column":9},"end":{"line":null,"column":null}},"29":{"start":{"line":15,"column":9},"end":{"line":null,"column":null}},"30":{"start":{"line":0,"column":0},"end":{"line":0,"column":0},"skip":true},"31":{"start":{"line":21,"column":11},"end":{"line":null,"column":null}},"32":{"start":{"line":35,"column":11},"end":{"line":null,"column":null}},"33":{"start":{"line":0,"column":0},"end":{"line":0,"column":0},"skip":true},"34":{"start":{"line":4,"column":21},"end":{"line":null,"column":null}}},"branchMap":{"1":{"line":0,"type":"binary-expr","locations":[{"start":{"line":0,"column":0},"end":{"line":0,"column":0},"skip":true},{"start":{"line":0,"column":0},"end":{"line":0,"column":0},"skip":true}]},"2":{"line":0,"type":"if","locations":[{"start":{"line":0,"column":0},"end":{"line":0,"column":0},"skip":true},{"start":{"line":0,"column":0},"end":{"line":0,"column":0},"skip":true}]},"3":{"line":0,"type":"if","locations":[{"start":{"line":0,"column":0},"end":{"line":0,"column":0},"skip":true},{"start":{"line":0,"column":0},"end":{"line":0,"column":0},"skip":true}]},"4":{"line":0,"type":"if","locations":[{"start":{"line":0,"column":0},"end":{"line":0,"column":0},"skip":true},{"start":{"line":0,"column":0},"end":{"line":0,"column":0},"skip":true}]},"5":{"line":0,"type":"if","locations":[{"start":{"line":0,"column":0},"end":{"line":0,"column":0},"skip":true},{"start":{"line":0,"column":0},"end":{"line":0,"column":0},"skip":true}]},"6":{"line":10,"type":"binary-expr","locations":[{"start":{"line":10,"column":17},"end":{"line":10,"column":17}},{"start":{"line":10,"column":31},"end":{"line":10,"column":4}}]},"7":{"line":11,"type":"binary-expr","locations":[{"start":{"line":11,"column":17},"end":{"line":11,"column":17}},{"start":{"line":11,"column":31},"end":{"line":11,"column":4}}]},"8":{"line":12,"type":"binary-expr","locations":[{"start":{"line":12,"column":20},"end":{"line":12,"column":20}},{"start":{"line":12,"column":37},"end":{"line":12,"column":4}}]},"9":{"line":13,"type":"binary-expr","locations":[{"start":{"line":13,"column":23},"end":{"line":13,"column":23}},{"start":{"line":13,"column":43},"end":{"line":13,"column":4}}]},"10":{"line":15,"type":"binary-expr","locations":[{"start":{"line":15,"column":24},"end":{"line":15,"column":24}},{"start":{"line":15,"column":45},"end":{"line":15,"column":4}}]}}},"/media/my0sot1s/STUDY/DRIVE/wkr/dbwkr/src/models/Images.js":{"path":"/media/my0sot1s/STUDY/DRIVE/wkr/dbwkr/src/models/Images.js","s":{"1":1,"2":1,"3":1,"4":1,"5":2,"6":2,"7":2,"8":2,"9":0,"10":2,"11":1,"12":1,"13":1,"14":1,"15":0,"16":1,"17":1,"18":0,"19":0,"20":1,"21":1,"22":0,"23":0,"24":0,"25":0,"26":1,"27":0,"28":0,"29":1,"30":1},"b":{"1":[2,2],"2":[0,2],"3":[1,0],"4":[0,1],"5":[0,0],"6":[0,0]},"f":{"1":1,"2":1,"3":1,"4":0,"5":1,"6":0,"7":0,"8":0},"fnMap":{"1":{"name":"(anonymous_1)","line":0,"loc":{"start":{"line":0,"column":0},"end":{"line":0,"column":0}},"skip":true},"2":{"name":"defineProperties","line":0,"loc":{"start":{"line":0,"column":0},"end":{"line":0,"column":0}},"skip":true},"3":{"name":"(anonymous_3)","line":0,"loc":{"start":{"line":0,"column":0},"end":{"line":0,"column":0}},"skip":true},"4":{"name":"_classCallCheck","line":0,"loc":{"start":{"line":0,"column":0},"end":{"line":0,"column":0}},"skip":true},"5":{"name":"(anonymous_5)","line":0,"loc":{"start":{"line":0,"column":0},"end":{"line":0,"column":0}},"skip":true},"6":{"name":"Images","line":8,"loc":{"start":{"line":8,"column":14},"end":{"line":8,"column":20}}},"7":{"name":"get","line":16,"loc":{"start":{"line":16,"column":17},"end":{"line":16,"column":17}}},"8":{"name":"get","line":26,"loc":{"start":{"line":26,"column":11},"end":{"line":26,"column":11}}}},"statementMap":{"1":{"start":{"line":0,"column":0},"end":{"line":0,"column":0},"skip":true},"2":{"start":{"line":0,"column":0},"end":{"line":0,"column":0},"skip":true},"3":{"start":{"line":0,"column":0},"end":{"line":0,"column":0},"skip":true},"4":{"start":{"line":0,"column":0},"end":{"line":0,"column":0},"skip":true},"5":{"start":{"line":0,"column":0},"end":{"line":0,"column":0},"skip":true},"6":{"start":{"line":0,"column":0},"end":{"line":0,"column":0},"skip":true},"7":{"start":{"line":0,"column":0},"end":{"line":0,"column":0},"skip":true},"8":{"start":{"line":0,"column":0},"end":{"line":0,"column":0},"skip":true},"9":{"start":{"line":0,"column":0},"end":{"line":0,"column":0},"skip":true},"10":{"start":{"line":0,"column":0},"end":{"line":0,"column":0},"skip":true},"11":{"start":{"line":0,"column":0},"end":{"line":0,"column":0},"skip":true},"12":{"start":{"line":0,"column":0},"end":{"line":0,"column":0},"skip":true},"13":{"start":{"line":0,"column":0},"end":{"line":0,"column":0},"skip":true},"14":{"start":{"line":0,"column":0},"end":{"line":0,"column":0},"skip":true},"15":{"start":{"line":0,"column":0},"end":{"line":0,"column":0},"skip":true},"16":{"start":{"line":0,"column":0},"end":{"line":0,"column":0},"skip":true},"17":{"start":{"line":0,"column":0},"end":{"line":0,"column":0},"skip":true},"18":{"start":{"line":0,"column":0},"end":{"line":0,"column":0},"skip":true},"19":{"start":{"line":0,"column":0},"end":{"line":0,"column":0},"skip":true},"20":{"start":{"line":4,"column":21},"end":{"line":null,"column":null}},"21":{"start":{"line":8,"column":14},"end":{"line":null,"column":null}},"22":{"start":{"line":0,"column":0},"end":{"line":0,"column":0},"skip":true},"23":{"start":{"line":9,"column":9},"end":{"line":8,"column":20}},"24":{"start":{"line":10,"column":9},"end":{"line":null,"column":null}},"25":{"start":{"line":11,"column":9},"end":{"line":null,"column":null}},"26":{"start":{"line":0,"column":0},"end":{"line":0,"column":0},"skip":true},"27":{"start":{"line":17,"column":11},"end":{"line":null,"column":null}},"28":{"start":{"line":27,"column":11},"end":{"line":null,"column":null}},"29":{"start":{"line":0,"column":0},"end":{"line":0,"column":0},"skip":true},"30":{"start":{"line":4,"column":21},"end":{"line":null,"column":null}}},"branchMap":{"1":{"line":0,"type":"binary-expr","locations":[{"start":{"line":0,"column":0},"end":{"line":0,"column":0},"skip":true},{"start":{"line":0,"column":0},"end":{"line":0,"column":0},"skip":true}]},"2":{"line":0,"type":"if","locations":[{"start":{"line":0,"column":0},"end":{"line":0,"column":0},"skip":true},{"start":{"line":0,"column":0},"end":{"line":0,"column":0},"skip":true}]},"3":{"line":0,"type":"if","locations":[{"start":{"line":0,"column":0},"end":{"line":0,"column":0},"skip":true},{"start":{"line":0,"column":0},"end":{"line":0,"column":0},"skip":true}]},"4":{"line":0,"type":"if","locations":[{"start":{"line":0,"column":0},"end":{"line":0,"column":0},"skip":true},{"start":{"line":0,"column":0},"end":{"line":0,"column":0},"skip":true}]},"5":{"line":0,"type":"if","locations":[{"start":{"line":0,"column":0},"end":{"line":0,"column":0},"skip":true},{"start":{"line":0,"column":0},"end":{"line":0,"column":0},"skip":true}]},"6":{"line":11,"type":"binary-expr","locations":[{"start":{"line":11,"column":17},"end":{"line":11,"column":17}},{"start":{"line":11,"column":31},"end":{"line":11,"column":4}}]}}},"/media/my0sot1s/STUDY/DRIVE/wkr/dbwkr/src/models/listPosts.js":{"path":"/media/my0sot1s/STUDY/DRIVE/wkr/dbwkr/src/models/listPosts.js","s":{"1":1,"2":1,"3":1,"4":1,"5":2,"6":2,"7":2,"8":2,"9":0,"10":2,"11":1,"12":1,"13":1,"14":1,"15":0,"16":1,"17":1,"18":0,"19":0,"20":1,"21":1,"22":0,"23":0,"24":0,"25":0,"26":0,"27":0,"28":0,"29":0,"30":0,"31":1,"32":0,"33":0,"34":1,"35":1},"b":{"1":[2,2],"2":[0,2],"3":[1,0],"4":[0,1],"5":[0,0],"6":[0,0],"7":[0,0]},"f":{"1":1,"2":1,"3":1,"4":0,"5":1,"6":0,"7":0,"8":0},"fnMap":{"1":{"name":"(anonymous_1)","line":0,"loc":{"start":{"line":0,"column":0},"end":{"line":0,"column":0}},"skip":true},"2":{"name":"defineProperties","line":0,"loc":{"start":{"line":0,"column":0},"end":{"line":0,"column":0}},"skip":true},"3":{"name":"(anonymous_3)","line":0,"loc":{"start":{"line":0,"column":0},"end":{"line":0,"column":0}},"skip":true},"4":{"name":"_classCallCheck","line":0,"loc":{"start":{"line":0,"column":0},"end":{"line":0,"column":0}},"skip":true},"5":{"name":"(anonymous_5)","line":0,"loc":{"start":{"line":0,"column":0},"end":{"line":0,"column":0}},"skip":true},"6":{"name":"listPosts","line":8,"loc":{"start":{"line":8,"column":14},"end":{"line":8,"column":20}}},"7":{"name":"get","line":21,"loc":{"start":{"line":21,"column":17},"end":{"line":21,"column":17}}},"8":{"name":"get","line":36,"loc":{"start":{"line":36,"column":11},"end":{"line":36,"column":11}}}},"statementMap":{"1":{"start":{"line":0,"column":0},"end":{"line":0,"column":0},"skip":true},"2":{"start":{"line":0,"column":0},"end":{"line":0,"column":0},"skip":true},"3":{"start":{"line":0,"column":0},"end":{"line":0,"column":0},"skip":true},"4":{"start":{"line":0,"column":0},"end":{"line":0,"column":0},"skip":true},"5":{"start":{"line":0,"column":0},"end":{"line":0,"column":0},"skip":true},"6":{"start":{"line":0,"column":0},"end":{"line":0,"column":0},"skip":true},"7":{"start":{"line":0,"column":0},"end":{"line":0,"column":0},"skip":true},"8":{"start":{"line":0,"column":0},"end":{"line":0,"column":0},"skip":true},"9":{"start":{"line":0,"column":0},"end":{"line":0,"column":0},"skip":true},"10":{"start":{"line":0,"column":0},"end":{"line":0,"column":0},"skip":true},"11":{"start":{"line":0,"column":0},"end":{"line":0,"column":0},"skip":true},"12":{"start":{"line":0,"column":0},"end":{"line":0,"column":0},"skip":true},"13":{"start":{"line":0,"column":0},"end":{"line":0,"column":0},"skip":true},"14":{"start":{"line":0,"column":0},"end":{"line":0,"column":0},"skip":true},"15":{"start":{"line":0,"column":0},"end":{"line":0,"column":0},"skip":true},"16":{"start":{"line":0,"column":0},"end":{"line":0,"column":0},"skip":true},"17":{"start":{"line":0,"column":0},"end":{"line":0,"column":0},"skip":true},"18":{"start":{"line":0,"column":0},"end":{"line":0,"column":0},"skip":true},"19":{"start":{"line":0,"column":0},"end":{"line":0,"column":0},"skip":true},"20":{"start":{"line":4,"column":21},"end":{"line":null,"column":null}},"21":{"start":{"line":8,"column":14},"end":{"line":null,"column":null}},"22":{"start":{"line":0,"column":0},"end":{"line":0,"column":0},"skip":true},"23":{"start":{"line":9,"column":9},"end":{"line":null,"column":null}},"24":{"start":{"line":10,"column":9},"end":{"line":null,"column":null}},"25":{"start":{"line":11,"column":9},"end":{"line":null,"column":null}},"26":{"start":{"line":12,"column":9},"end":{"line":null,"column":null}},"27":{"start":{"line":13,"column":9},"end":{"line":null,"column":null}},"28":{"start":{"line":14,"column":9},"end":{"line":null,"column":null}},"29":{"start":{"line":15,"column":9},"end":{"line":null,"column":null}},"30":{"start":{"line":16,"column":9},"end":{"line":null,"column":null}},"31":{"start":{"line":0,"column":0},"end":{"line":0,"column":0},"skip":true},"32":{"start":{"line":22,"column":11},"end":{"line":null,"column":null}},"33":{"start":{"line":37,"column":11},"end":{"line":null,"column":null}},"34":{"start":{"line":0,"column":0},"end":{"line":0,"column":0},"skip":true},"35":{"start":{"line":4,"column":21},"end":{"line":null,"column":null}}},"branchMap":{"1":{"line":0,"type":"binary-expr","locations":[{"start":{"line":0,"column":0},"end":{"line":0,"column":0},"skip":true},{"start":{"line":0,"column":0},"end":{"line":0,"column":0},"skip":true}]},"2":{"line":0,"type":"if","locations":[{"start":{"line":0,"column":0},"end":{"line":0,"column":0},"skip":true},{"start":{"line":0,"column":0},"end":{"line":0,"column":0},"skip":true}]},"3":{"line":0,"type":"if","locations":[{"start":{"line":0,"column":0},"end":{"line":0,"column":0},"skip":true},{"start":{"line":0,"column":0},"end":{"line":0,"column":0},"skip":true}]},"4":{"line":0,"type":"if","locations":[{"start":{"line":0,"column":0},"end":{"line":0,"column":0},"skip":true},{"start":{"line":0,"column":0},"end":{"line":0,"column":0},"skip":true}]},"5":{"line":0,"type":"if","locations":[{"start":{"line":0,"column":0},"end":{"line":0,"column":0},"skip":true},{"start":{"line":0,"column":0},"end":{"line":0,"column":0},"skip":true}]},"6":{"line":15,"type":"binary-expr","locations":[{"start":{"line":15,"column":22},"end":{"line":15,"column":22}},{"start":{"line":15,"column":41},"end":{"line":15,"column":4}}]},"7":{"line":16,"type":"binary-expr","locations":[{"start":{"line":16,"column":18},"end":{"line":16,"column":18}},{"start":{"line":16,"column":33},"end":{"line":16,"column":4}}]}}},"/media/my0sot1s/STUDY/DRIVE/wkr/dbwkr/src/models/detailPost.js":{"path":"/media/my0sot1s/STUDY/DRIVE/wkr/dbwkr/src/models/detailPost.js","s":{"1":1,"2":1,"3":1,"4":1,"5":2,"6":2,"7":2,"8":2,"9":0,"10":2,"11":1,"12":1,"13":1,"14":1,"15":0,"16":1,"17":1,"18":0,"19":0,"20":1,"21":1,"22":0,"23":0,"24":0,"25":0,"26":0,"27":1,"28":0,"29":0,"30":1,"31":1},"b":{"1":[2,2],"2":[0,2],"3":[1,0],"4":[0,1],"5":[0,0],"6":[0,0],"7":[0,0]},"f":{"1":1,"2":1,"3":1,"4":0,"5":1,"6":0,"7":0,"8":0},"fnMap":{"1":{"name":"(anonymous_1)","line":0,"loc":{"start":{"line":0,"column":0},"end":{"line":0,"column":0}},"skip":true},"2":{"name":"defineProperties","line":0,"loc":{"start":{"line":0,"column":0},"end":{"line":0,"column":0}},"skip":true},"3":{"name":"(anonymous_3)","line":0,"loc":{"start":{"line":0,"column":0},"end":{"line":0,"column":0}},"skip":true},"4":{"name":"_classCallCheck","line":0,"loc":{"start":{"line":0,"column":0},"end":{"line":0,"column":0}},"skip":true},"5":{"name":"(anonymous_5)","line":0,"loc":{"start":{"line":0,"column":0},"end":{"line":0,"column":0}},"skip":true},"6":{"name":"detailPost","line":8,"loc":{"start":{"line":8,"column":14},"end":{"line":8,"column":20}}},"7":{"name":"get","line":17,"loc":{"start":{"line":17,"column":17},"end":{"line":17,"column":17}}},"8":{"name":"get","line":28,"loc":{"start":{"line":28,"column":11},"end":{"line":28,"column":11}}}},"statementMap":{"1":{"start":{"line":0,"column":0},"end":{"line":0,"column":0},"skip":true},"2":{"start":{"line":0,"column":0},"end":{"line":0,"column":0},"skip":true},"3":{"start":{"line":0,"column":0},"end":{"line":0,"column":0},"skip":true},"4":{"start":{"line":0,"column":0},"end":{"line":0,"column":0},"skip":true},"5":{"start":{"line":0,"column":0},"end":{"line":0,"column":0},"skip":true},"6":{"start":{"line":0,"column":0},"end":{"line":0,"column":0},"skip":true},"7":{"start":{"line":0,"column":0},"end":{"line":0,"column":0},"skip":true},"8":{"start":{"line":0,"column":0},"end":{"line":0,"column":0},"skip":true},"9":{"start":{"line":0,"column":0},"end":{"line":0,"column":0},"skip":true},"10":{"start":{"line":0,"column":0},"end":{"line":0,"column":0},"skip":true},"11":{"start":{"line":0,"column":0},"end":{"line":0,"column":0},"skip":true},"12":{"start":{"line":0,"column":0},"end":{"line":0,"column":0},"skip":true},"13":{"start":{"line":0,"column":0},"end":{"line":0,"column":0},"skip":true},"14":{"start":{"line":0,"column":0},"end":{"line":0,"column":0},"skip":true},"15":{"start":{"line":0,"column":0},"end":{"line":0,"column":0},"skip":true},"16":{"start":{"line":0,"column":0},"end":{"line":0,"column":0},"skip":true},"17":{"start":{"line":0,"column":0},"end":{"line":0,"column":0},"skip":true},"18":{"start":{"line":0,"column":0},"end":{"line":0,"column":0},"skip":true},"19":{"start":{"line":0,"column":0},"end":{"line":0,"column":0},"skip":true},"20":{"start":{"line":4,"column":21},"end":{"line":null,"column":null}},"21":{"start":{"line":8,"column":14},"end":{"line":null,"column":null}},"22":{"start":{"line":0,"column":0},"end":{"line":0,"column":0},"skip":true},"23":{"start":{"line":9,"column":9},"end":{"line":null,"column":null}},"24":{"start":{"line":10,"column":9},"end":{"line":null,"column":null}},"25":{"start":{"line":11,"column":9},"end":{"line":null,"column":null}},"26":{"start":{"line":12,"column":9},"end":{"line":null,"column":null}},"27":{"start":{"line":0,"column":0},"end":{"line":0,"column":0},"skip":true},"28":{"start":{"line":18,"column":11},"end":{"line":null,"column":null}},"29":{"start":{"line":29,"column":11},"end":{"line":null,"column":null}},"30":{"start":{"line":0,"column":0},"end":{"line":0,"column":0},"skip":true},"31":{"start":{"line":4,"column":21},"end":{"line":null,"column":null}}},"branchMap":{"1":{"line":0,"type":"binary-expr","locations":[{"start":{"line":0,"column":0},"end":{"line":0,"column":0},"skip":true},{"start":{"line":0,"column":0},"end":{"line":0,"column":0},"skip":true}]},"2":{"line":0,"type":"if","locations":[{"start":{"line":0,"column":0},"end":{"line":0,"column":0},"skip":true},{"start":{"line":0,"column":0},"end":{"line":0,"column":0},"skip":true}]},"3":{"line":0,"type":"if","locations":[{"start":{"line":0,"column":0},"end":{"line":0,"column":0},"skip":true},{"start":{"line":0,"column":0},"end":{"line":0,"column":0},"skip":true}]},"4":{"line":0,"type":"if","locations":[{"start":{"line":0,"column":0},"end":{"line":0,"column":0},"skip":true},{"start":{"line":0,"column":0},"end":{"line":0,"column":0},"skip":true}]},"5":{"line":0,"type":"if","locations":[{"start":{"line":0,"column":0},"end":{"line":0,"column":0},"skip":true},{"start":{"line":0,"column":0},"end":{"line":0,"column":0},"skip":true}]},"6":{"line":10,"type":"binary-expr","locations":[{"start":{"line":10,"column":18},"end":{"line":10,"column":18}},{"start":{"line":10,"column":33},"end":{"line":10,"column":4}}]},"7":{"line":12,"type":"binary-expr","locations":[{"start":{"line":12,"column":18},"end":{"line":12,"column":18}},{"start":{"line":12,"column":33},"end":{"line":12,"column":4}}]}}},"/media/my0sot1s/STUDY/DRIVE/wkr/dbwkr/__tests__/process/ProcessService.js":{"path":"/media/my0sot1s/STUDY/DRIVE/wkr/dbwkr/__tests__/process/ProcessService.js","s":{"1":1,"2":1,"3":1,"4":1,"5":1,"6":1,"7":1,"8":1,"9":3,"10":1,"11":1,"12":1,"13":1,"14":1,"15":1,"16":1,"17":1,"18":1,"19":1,"20":1,"21":0,"22":1,"23":1,"24":1,"25":1,"26":1,"27":0,"28":1,"29":1,"30":1,"31":1,"32":0,"33":1,"34":1,"35":1,"36":1,"37":1,"38":1,"39":0,"40":1,"41":1,"42":1,"43":1,"44":1,"45":1,"46":1,"47":1,"48":1,"49":1,"50":1,"51":1,"52":0,"53":1,"54":1,"55":1,"56":1,"57":1,"58":1,"59":0,"60":1,"61":1,"62":1,"63":1,"64":1,"65":1,"66":1,"67":1,"68":1,"69":1,"70":1,"71":1,"72":1,"73":1,"74":0},"b":{"1":[1,2],"2":[3,3]},"f":{"1":3,"2":1,"3":1,"4":1,"5":1,"6":0,"7":1,"8":1,"9":1,"10":0,"11":1,"12":1,"13":0,"14":1,"15":0,"16":1,"17":1,"18":1,"19":0,"20":1,"21":0,"22":1,"23":1,"24":1,"25":1,"26":1,"27":0},"fnMap":{"1":{"name":"_interopRequireDefault","line":0,"loc":{"start":{"line":0,"column":0},"end":{"line":0,"column":0}},"skip":true},"2":{"name":"(anonymous_2)","line":16,"loc":{"start":{"line":16,"column":44},"end":{"line":16,"column":50}}},"3":{"name":"(anonymous_3)","line":18,"loc":{"start":{"line":18,"column":28},"end":{"line":18,"column":34}}},"4":{"name":"(anonymous_4)","line":19,"loc":{"start":{"line":19,"column":15},"end":{"line":19,"column":23}}},"5":{"name":"(anonymous_5)","line":23,"loc":{"start":{"line":23,"column":26},"end":{"line":23,"column":32}}},"6":{"name":"(anonymous_6)","line":24,"loc":{"start":{"line":24,"column":14},"end":{"line":24,"column":22}}},"7":{"name":"(anonymous_7)","line":29,"loc":{"start":{"line":29,"column":26},"end":{"line":29,"column":32}}},"8":{"name":"(anonymous_8)","line":30,"loc":{"start":{"line":30,"column":19},"end":{"line":30,"column":27}}},"9":{"name":"(anonymous_9)","line":34,"loc":{"start":{"line":34,"column":28},"end":{"line":34,"column":34}}},"10":{"name":"(anonymous_10)","line":35,"loc":{"start":{"line":35,"column":18},"end":{"line":35,"column":26}}},"11":{"name":"(anonymous_11)","line":40,"loc":{"start":{"line":40,"column":28},"end":{"line":40,"column":34}}},"12":{"name":"(anonymous_12)","line":41,"loc":{"start":{"line":41,"column":23},"end":{"line":41,"column":31}}},"13":{"name":"(anonymous_13)","line":44,"loc":{"start":{"line":44,"column":22},"end":{"line":44,"column":30}}},"14":{"name":"(anonymous_14)","line":48,"loc":{"start":{"line":48,"column":30},"end":{"line":48,"column":36}}},"15":{"name":"(anonymous_15)","line":51,"loc":{"start":{"line":51,"column":38},"end":{"line":51,"column":46}}},"16":{"name":"(anonymous_16)","line":56,"loc":{"start":{"line":56,"column":28},"end":{"line":56,"column":34}}},"17":{"name":"(anonymous_17)","line":57,"loc":{"start":{"line":57,"column":23},"end":{"line":57,"column":31}}},"18":{"name":"(anonymous_18)","line":61,"loc":{"start":{"line":61,"column":38},"end":{"line":61,"column":46}}},"19":{"name":"(anonymous_19)","line":65,"loc":{"start":{"line":65,"column":39},"end":{"line":65,"column":47}}},"20":{"name":"(anonymous_20)","line":69,"loc":{"start":{"line":69,"column":30},"end":{"line":69,"column":36}}},"21":{"name":"(anonymous_21)","line":72,"loc":{"start":{"line":72,"column":38},"end":{"line":72,"column":46}}},"22":{"name":"(anonymous_22)","line":77,"loc":{"start":{"line":77,"column":28},"end":{"line":77,"column":34}}},"23":{"name":"(anonymous_23)","line":78,"loc":{"start":{"line":78,"column":33},"end":{"line":78,"column":41}}},"24":{"name":"(anonymous_24)","line":81,"loc":{"start":{"line":81,"column":38},"end":{"line":81,"column":46}}},"25":{"name":"(anonymous_25)","line":85,"loc":{"start":{"line":85,"column":26},"end":{"line":85,"column":34}}},"26":{"name":"(anonymous_26)","line":89,"loc":{"start":{"line":89,"column":30},"end":{"line":89,"column":36}}},"27":{"name":"(anonymous_27)","line":92,"loc":{"start":{"line":92,"column":24},"end":{"line":92,"column":32}}}},"statementMap":{"1":{"start":{"line":1,"column":0},"end":{"line":null,"column":null}},"2":{"start":{"line":0,"column":0},"end":{"line":0,"column":0},"skip":true},"3":{"start":{"line":2,"column":0},"end":{"line":null,"column":null}},"4":{"start":{"line":0,"column":0},"end":{"line":0,"column":0},"skip":true},"5":{"start":{"line":3,"column":0},"end":{"line":null,"column":null}},"6":{"start":{"line":0,"column":0},"end":{"line":0,"column":0},"skip":true},"7":{"start":{"line":4,"column":0},"end":{"line":null,"column":null}},"8":{"start":{"line":0,"column":0},"end":{"line":0,"column":0},"skip":true},"9":{"start":{"line":0,"column":0},"end":{"line":0,"column":0},"skip":true},"10":{"start":{"line":6,"column":0},"end":{"line":null,"column":null}},"11":{"start":{"line":7,"column":0},"end":{"line":null,"column":null}},"12":{"start":{"line":9,"column":0},"end":{"line":null,"column":null}},"13":{"start":{"line":10,"column":0},"end":{"line":null,"column":null}},"14":{"start":{"line":11,"column":0},"end":{"line":null,"column":null}},"15":{"start":{"line":16,"column":0},"end":{"line":null,"column":null}},"16":{"start":{"line":18,"column":5},"end":{"line":null,"column":null}},"17":{"start":{"line":19,"column":10},"end":{"line":null,"column":null}},"18":{"start":{"line":20,"column":13},"end":{"line":null,"column":null}},"19":{"start":{"line":23,"column":5},"end":{"line":null,"column":null}},"20":{"start":{"line":24,"column":9},"end":{"line":null,"column":null}},"21":{"start":{"line":25,"column":13},"end":{"line":null,"column":null}},"22":{"start":{"line":29,"column":5},"end":{"line":null,"column":null}},"23":{"start":{"line":30,"column":10},"end":{"line":null,"column":null}},"24":{"start":{"line":31,"column":13},"end":{"line":null,"column":null}},"25":{"start":{"line":34,"column":5},"end":{"line":null,"column":null}},"26":{"start":{"line":35,"column":9},"end":{"line":null,"column":null}},"27":{"start":{"line":36,"column":13},"end":{"line":null,"column":null}},"28":{"start":{"line":40,"column":5},"end":{"line":null,"column":null}},"29":{"start":{"line":41,"column":10},"end":{"line":null,"column":null}},"30":{"start":{"line":42,"column":13},"end":{"line":null,"column":null}},"31":{"start":{"line":44,"column":9},"end":{"line":null,"column":null}},"32":{"start":{"line":45,"column":13},"end":{"line":null,"column":null}},"33":{"start":{"line":48,"column":5},"end":{"line":null,"column":null}},"34":{"start":{"line":49,"column":10},"end":{"line":null,"column":null}},"35":{"start":{"line":50,"column":10},"end":{"line":50,"column":21}},"36":{"start":{"line":50,"column":21},"end":{"line":50,"column":44}},"37":{"start":{"line":50,"column":44},"end":{"line":null,"column":null}},"38":{"start":{"line":51,"column":9},"end":{"line":null,"column":null}},"39":{"start":{"line":52,"column":13},"end":{"line":null,"column":null}},"40":{"start":{"line":56,"column":5},"end":{"line":null,"column":null}},"41":{"start":{"line":57,"column":10},"end":{"line":null,"column":null}},"42":{"start":{"line":58,"column":13},"end":{"line":null,"column":null}},"43":{"start":{"line":60,"column":10},"end":{"line":60,"column":21}},"44":{"start":{"line":60,"column":21},"end":{"line":60,"column":40}},"45":{"start":{"line":60,"column":40},"end":{"line":null,"column":null}},"46":{"start":{"line":61,"column":9},"end":{"line":null,"column":null}},"47":{"start":{"line":62,"column":13},"end":{"line":null,"column":null}},"48":{"start":{"line":64,"column":10},"end":{"line":64,"column":22}},"49":{"start":{"line":64,"column":22},"end":{"line":64,"column":42}},"50":{"start":{"line":64,"column":42},"end":{"line":null,"column":null}},"51":{"start":{"line":65,"column":9},"end":{"line":null,"column":null}},"52":{"start":{"line":66,"column":13},"end":{"line":null,"column":null}},"53":{"start":{"line":69,"column":5},"end":{"line":null,"column":null}},"54":{"start":{"line":70,"column":10},"end":{"line":null,"column":null}},"55":{"start":{"line":71,"column":10},"end":{"line":71,"column":21}},"56":{"start":{"line":71,"column":21},"end":{"line":71,"column":40}},"57":{"start":{"line":71,"column":40},"end":{"line":null,"column":null}},"58":{"start":{"line":72,"column":9},"end":{"line":null,"column":null}},"59":{"start":{"line":73,"column":13},"end":{"line":null,"column":null}},"60":{"start":{"line":77,"column":5},"end":{"line":null,"column":null}},"61":{"start":{"line":78,"column":10},"end":{"line":null,"column":null}},"62":{"start":{"line":79,"column":13},"end":{"line":null,"column":null}},"63":{"start":{"line":81,"column":9},"end":{"line":null,"column":null}},"64":{"start":{"line":82,"column":14},"end":{"line":null,"column":null}},"65":{"start":{"line":83,"column":13},"end":{"line":null,"column":null}},"66":{"start":{"line":85,"column":9},"end":{"line":null,"column":null}},"67":{"start":{"line":86,"column":13},"end":{"line":null,"column":null}},"68":{"start":{"line":89,"column":5},"end":{"line":null,"column":null}},"69":{"start":{"line":90,"column":10},"end":{"line":null,"column":null}},"70":{"start":{"line":91,"column":10},"end":{"line":91,"column":21}},"71":{"start":{"line":91,"column":21},"end":{"line":91,"column":40}},"72":{"start":{"line":91,"column":40},"end":{"line":null,"column":null}},"73":{"start":{"line":92,"column":9},"end":{"line":null,"column":null}},"74":{"start":{"line":93,"column":13},"end":{"line":null,"column":null}}},"branchMap":{"1":{"line":0,"type":"cond-expr","locations":[{"start":{"line":0,"column":0},"end":{"line":0,"column":0},"skip":true},{"start":{"line":0,"column":0},"end":{"line":0,"column":0},"skip":true}]},"2":{"line":0,"type":"binary-expr","locations":[{"start":{"line":0,"column":0},"end":{"line":0,"column":0},"skip":true},{"start":{"line":0,"column":0},"end":{"line":0,"column":0},"skip":true}]}}},"/media/my0sot1s/STUDY/DRIVE/wkr/dbwkr/src/process/ProcessService.js":{"path":"/media/my0sot1s/STUDY/DRIVE/wkr/dbwkr/src/process/ProcessService.js","s":{"1":1,"2":1,"3":1,"4":1,"5":5,"6":5,"7":5,"8":5,"9":5,"10":5,"11":1,"12":1,"13":1,"14":1,"15":0,"16":1,"17":1,"18":1,"19":1,"20":1,"21":1,"22":1,"23":2,"24":0,"25":1,"26":2,"27":0,"28":2,"29":1,"30":1,"31":0,"32":1,"33":1,"34":1,"35":1,"36":1,"37":1,"38":2,"39":2,"40":1,"41":2,"42":2,"43":1,"44":1,"45":1,"46":0,"47":0,"48":0,"49":0,"50":0,"51":0,"52":0,"53":0,"54":0,"55":0,"56":0,"57":0,"58":0,"59":0,"60":0,"61":0,"62":0,"63":0,"64":0,"65":3,"66":3,"67":3,"68":1,"69":1,"70":1,"71":2,"72":0,"73":0,"74":0,"75":2,"76":2,"77":2,"78":2,"79":2,"80":2,"81":2,"82":0,"83":0,"84":0,"85":0,"86":0,"87":0,"88":4,"89":1,"90":1,"91":3,"92":3,"93":3,"94":1,"95":1,"96":2,"97":2,"98":2,"99":0,"100":0,"101":0,"102":0,"103":0,"104":2,"105":2,"106":1,"107":1,"108":1,"109":0,"110":0,"111":0,"112":0,"113":0,"114":0,"115":0,"116":0,"117":0,"118":4,"119":4,"120":1,"121":1,"122":3,"123":2,"124":2,"125":2,"126":1,"127":1,"128":0,"129":0,"130":0,"131":0,"132":0,"133":0,"134":1,"135":1},"b":{"1":[5,5],"2":[5,0],"3":[1,0],"4":[0,1],"5":[1,0],"6":[1,1],"7":[0,2],"8":[0,2],"9":[2,0],"10":[2,2,0],"11":[0,1],"12":[1,0],"13":[1,1],"14":[1,0],"15":[1,0],"16":[2,0],"17":[1,1],"18":[0,0],"19":[0,0],"20":[0,0],"21":[0,0],"22":[1,2],"23":[0,2],"24":[2,2,2,2],"25":[0,0],"26":[1,3],"27":[1,2],"28":[3,3],"29":[0,0],"30":[1,1],"31":[0,0],"32":[0,0],"33":[1,3],"34":[2,1],"35":[0,0]},"f":{"1":1,"2":1,"3":1,"4":1,"5":2,"6":2,"7":1,"8":1,"9":2,"10":2,"11":0,"12":0,"13":0,"14":3,"15":0,"16":0,"17":0,"18":4,"19":0,"20":0,"21":0,"22":2,"23":0,"24":0,"25":0,"26":4,"27":0,"28":0,"29":0},"fnMap":{"1":{"name":"(anonymous_1)","line":0,"loc":{"start":{"line":0,"column":0},"end":{"line":0,"column":0}},"skip":true},"2":{"name":"defineProperties","line":0,"loc":{"start":{"line":0,"column":0},"end":{"line":0,"column":0}},"skip":true},"3":{"name":"(anonymous_3)","line":0,"loc":{"start":{"line":0,"column":0},"end":{"line":0,"column":0}},"skip":true},"4":{"name":"_interopRequireDefault","line":0,"loc":{"start":{"line":0,"column":0},"end":{"line":0,"column":0}},"skip":true},"5":{"name":"_classCallCheck","line":0,"loc":{"start":{"line":0,"column":0},"end":{"line":0,"column":0}},"skip":true},"6":{"name":"_possibleConstructorReturn","line":0,"loc":{"start":{"line":0,"column":0},"end":{"line":0,"column":0}},"skip":true},"7":{"name":"_inherits","line":0,"loc":{"start":{"line":0,"column":0},"end":{"line":0,"column":0}},"skip":true},"8":{"name":"(anonymous_8)","line":0,"loc":{"start":{"line":0,"column":0},"end":{"line":0,"column":0}},"skip":true},"9":{"name":"ProcessService","line":0,"loc":{"start":{"line":0,"column":0},"end":{"line":0,"column":0}},"skip":true},"10":{"name":"read","line":11,"loc":{"start":{"line":11,"column":7},"end":{"line":11,"column":11}}},"11":{"name":"(anonymous_11)","line":15,"loc":{"start":{"line":15,"column":40},"end":{"line":15,"column":48}}},"12":{"name":"(anonymous_12)","line":17,"loc":{"start":{"line":17,"column":30},"end":{"line":17,"column":45}}},"13":{"name":"(anonymous_13)","line":38,"loc":{"start":{"line":38,"column":13},"end":{"line":38,"column":20}}},"14":{"name":"create","line":44,"loc":{"start":{"line":44,"column":9},"end":{"line":44,"column":18}}},"15":{"name":"(anonymous_15)","line":64,"loc":{"start":{"line":64,"column":42},"end":{"line":64,"column":50}}},"16":{"name":"(anonymous_16)","line":65,"loc":{"start":{"line":65,"column":35},"end":{"line":65,"column":43}}},"17":{"name":"(anonymous_17)","line":69,"loc":{"start":{"line":69,"column":15},"end":{"line":69,"column":22}}},"18":{"name":"update","line":77,"loc":{"start":{"line":77,"column":9},"end":{"line":77,"column":18}}},"19":{"name":"(anonymous_19)","line":90,"loc":{"start":{"line":90,"column":40},"end":{"line":90,"column":48}}},"20":{"name":"(anonymous_20)","line":91,"loc":{"start":{"line":91,"column":60},"end":{"line":91,"column":68}}},"21":{"name":"(anonymous_21)","line":94,"loc":{"start":{"line":94,"column":13},"end":{"line":94,"column":20}}},"22":{"name":"find","line":101,"loc":{"start":{"line":101,"column":7},"end":{"line":101,"column":21}}},"23":{"name":"(anonymous_23)","line":107,"loc":{"start":{"line":107,"column":40},"end":{"line":107,"column":48}}},"24":{"name":"(anonymous_24)","line":108,"loc":{"start":{"line":108,"column":34},"end":{"line":108,"column":49}}},"25":{"name":"(anonymous_25)","line":112,"loc":{"start":{"line":112,"column":13},"end":{"line":112,"column":20}}},"26":{"name":"_delete","line":119,"loc":{"start":{"line":119,"column":9},"end":{"line":119,"column":18}}},"27":{"name":"(anonymous_27)","line":131,"loc":{"start":{"line":131,"column":40},"end":{"line":131,"column":48}}},"28":{"name":"(anonymous_28)","line":132,"loc":{"start":{"line":132,"column":32},"end":{"line":132,"column":40}}},"29":{"name":"(anonymous_29)","line":136,"loc":{"start":{"line":136,"column":13},"end":{"line":136,"column":20}}}},"statementMap":{"1":{"start":{"line":0,"column":0},"end":{"line":0,"column":0},"skip":true},"2":{"start":{"line":0,"column":0},"end":{"line":0,"column":0},"skip":true},"3":{"start":{"line":0,"column":0},"end":{"line":0,"column":0},"skip":true},"4":{"start":{"line":0,"column":0},"end":{"line":0,"column":0},"skip":true},"5":{"start":{"line":0,"column":0},"end":{"line":0,"column":0},"skip":true},"6":{"start":{"line":0,"column":0},"end":{"line":0,"column":0},"skip":true},"7":{"start":{"line":0,"column":0},"end":{"line":0,"column":0},"skip":true},"8":{"start":{"line":0,"column":0},"end":{"line":0,"column":0},"skip":true},"9":{"start":{"line":0,"column":0},"end":{"line":0,"column":0},"skip":true},"10":{"start":{"line":0,"column":0},"end":{"line":0,"column":0},"skip":true},"11":{"start":{"line":0,"column":0},"end":{"line":0,"column":0},"skip":true},"12":{"start":{"line":0,"column":0},"end":{"line":0,"column":0},"skip":true},"13":{"start":{"line":0,"column":0},"end":{"line":0,"column":0},"skip":true},"14":{"start":{"line":0,"column":0},"end":{"line":0,"column":0},"skip":true},"15":{"start":{"line":0,"column":0},"end":{"line":0,"column":0},"skip":true},"16":{"start":{"line":0,"column":0},"end":{"line":0,"column":0},"skip":true},"17":{"start":{"line":3,"column":0},"end":{"line":null,"column":null}},"18":{"start":{"line":0,"column":0},"end":{"line":0,"column":0},"skip":true},"19":{"start":{"line":4,"column":0},"end":{"line":null,"column":null}},"20":{"start":{"line":0,"column":0},"end":{"line":0,"column":0},"skip":true},"21":{"start":{"line":0,"column":0},"end":{"line":0,"column":0},"skip":true},"22":{"start":{"line":0,"column":0},"end":{"line":0,"column":0},"skip":true},"23":{"start":{"line":0,"column":0},"end":{"line":0,"column":0},"skip":true},"24":{"start":{"line":0,"column":0},"end":{"line":0,"column":0},"skip":true},"25":{"start":{"line":0,"column":0},"end":{"line":0,"column":0},"skip":true},"26":{"start":{"line":0,"column":0},"end":{"line":0,"column":0},"skip":true},"27":{"start":{"line":0,"column":0},"end":{"line":0,"column":0},"skip":true},"28":{"start":{"line":0,"column":0},"end":{"line":0,"column":0},"skip":true},"29":{"start":{"line":0,"column":0},"end":{"line":0,"column":0},"skip":true},"30":{"start":{"line":0,"column":0},"end":{"line":0,"column":0},"skip":true},"31":{"start":{"line":0,"column":0},"end":{"line":0,"column":0},"skip":true},"32":{"start":{"line":0,"column":0},"end":{"line":0,"column":0},"skip":true},"33":{"start":{"line":0,"column":0},"end":{"line":0,"column":0},"skip":true},"34":{"start":{"line":0,"column":0},"end":{"line":0,"column":0},"skip":true},"35":{"start":{"line":8,"column":21},"end":{"line":null,"column":null}},"36":{"start":{"line":0,"column":0},"end":{"line":0,"column":0},"skip":true},"37":{"start":{"line":0,"column":0},"end":{"line":0,"column":0},"skip":true},"38":{"start":{"line":0,"column":0},"end":{"line":0,"column":0},"skip":true},"39":{"start":{"line":0,"column":0},"end":{"line":0,"column":0},"skip":true},"40":{"start":{"line":0,"column":0},"end":{"line":0,"column":0},"skip":true},"41":{"start":{"line":0,"column":0},"end":{"line":0,"column":0},"skip":true},"42":{"start":{"line":12,"column":8},"end":{"line":null,"column":null}},"43":{"start":{"line":13,"column":9},"end":{"line":13,"column":16}},"44":{"start":{"line":13,"column":16},"end":{"line":null,"column":null}},"45":{"start":{"line":15,"column":9},"end":{"line":null,"column":null}},"46":{"start":{"line":16,"column":10},"end":{"line":null,"column":null}},"47":{"start":{"line":17,"column":13},"end":{"line":null,"column":null}},"48":{"start":{"line":18,"column":14},"end":{"line":null,"column":null}},"49":{"start":{"line":18,"column":29},"end":{"line":18,"column":39}},"50":{"start":{"line":18,"column":39},"end":{"line":18,"column":49}},"51":{"start":{"line":18,"column":49},"end":{"line":null,"column":null}},"52":{"start":{"line":20,"column":16},"end":{"line":null,"column":null}},"53":{"start":{"line":21,"column":17},"end":{"line":null,"column":null}},"54":{"start":{"line":22,"column":21},"end":{"line":null,"column":null}},"55":{"start":{"line":23,"column":18},"end":{"line":null,"column":null}},"56":{"start":{"line":24,"column":23},"end":{"line":null,"column":null}},"57":{"start":{"line":26,"column":18},"end":{"line":null,"column":null}},"58":{"start":{"line":28,"column":15},"end":{"line":null,"column":null}},"59":{"start":{"line":0,"column":0},"end":{"line":0,"column":0},"skip":true},"60":{"start":{"line":34,"column":16},"end":{"line":null,"column":null}},"61":{"start":{"line":35,"column":11},"end":{"line":null,"column":null}},"62":{"start":{"line":0,"column":0},"end":{"line":0,"column":0},"skip":true},"63":{"start":{"line":39,"column":14},"end":{"line":null,"column":null}},"64":{"start":{"line":40,"column":9},"end":{"line":null,"column":null}},"65":{"start":{"line":45,"column":12},"end":{"line":null,"column":null}},"66":{"start":{"line":46,"column":8},"end":{"line":null,"column":null}},"67":{"start":{"line":47,"column":8},"end":{"line":null,"column":null}},"68":{"start":{"line":48,"column":14},"end":{"line":null,"column":null}},"69":{"start":{"line":49,"column":9},"end":{"line":null,"column":null}},"70":{"start":{"line":0,"column":0},"end":{"line":0,"column":0},"skip":true},"71":{"start":{"line":52,"column":9},"end":{"line":null,"column":null}},"72":{"start":{"line":53,"column":14},"end":{"line":null,"column":null}},"73":{"start":{"line":54,"column":9},"end":{"line":null,"column":null}},"74":{"start":{"line":0,"column":0},"end":{"line":0,"column":0},"skip":true},"75":{"start":{"line":58,"column":14},"end":{"line":null,"column":null}},"76":{"start":{"line":59,"column":10},"end":{"line":null,"column":null}},"77":{"start":{"line":60,"column":11},"end":{"line":null,"column":null}},"78":{"start":{"line":61,"column":13},"end":{"line":null,"column":null}},"79":{"start":{"line":62,"column":13},"end":{"line":null,"column":null}},"80":{"start":{"line":63,"column":14},"end":{"line":null,"column":null}},"81":{"start":{"line":64,"column":11},"end":{"line":null,"column":null}},"82":{"start":{"line":65,"column":13},"end":{"line":null,"column":null}},"83":{"start":{"line":66,"column":13},"end":{"line":null,"column":null}},"84":{"start":{"line":0,"column":0},"end":{"line":0,"column":0},"skip":true},"85":{"start":{"line":70,"column":16},"end":{"line":null,"column":null}},"86":{"start":{"line":71,"column":11},"end":{"line":null,"column":null}},"87":{"start":{"line":0,"column":0},"end":{"line":0,"column":0},"skip":true},"88":{"start":{"line":78,"column":8},"end":{"line":null,"column":null}},"89":{"start":{"line":79,"column":9},"end":{"line":null,"column":null}},"90":{"start":{"line":0,"column":0},"end":{"line":0,"column":0},"skip":true},"91":{"start":{"line":82,"column":8},"end":{"line":null,"column":null}},"92":{"start":{"line":83,"column":12},"end":{"line":null,"column":null}},"93":{"start":{"line":84,"column":8},"end":{"line":null,"column":null}},"94":{"start":{"line":85,"column":9},"end":{"line":null,"column":null}},"95":{"start":{"line":0,"column":0},"end":{"line":0,"column":0},"skip":true},"96":{"start":{"line":88,"column":8},"end":{"line":null,"column":null}},"97":{"start":{"line":89,"column":11},"end":{"line":null,"column":null}},"98":{"start":{"line":90,"column":9},"end":{"line":null,"column":null}},"99":{"start":{"line":91,"column":11},"end":{"line":null,"column":null}},"100":{"start":{"line":92,"column":11},"end":{"line":null,"column":null}},"101":{"start":{"line":95,"column":14},"end":{"line":null,"column":null}},"102":{"start":{"line":96,"column":9},"end":{"line":null,"column":null}},"103":{"start":{"line":0,"column":0},"end":{"line":0,"column":0},"skip":true},"104":{"start":{"line":102,"column":12},"end":{"line":null,"column":null}},"105":{"start":{"line":103,"column":8},"end":{"line":null,"column":null}},"106":{"start":{"line":104,"column":9},"end":{"line":null,"column":null}},"107":{"start":{"line":0,"column":0},"end":{"line":0,"column":0},"skip":true},"108":{"start":{"line":107,"column":9},"end":{"line":null,"column":null}},"109":{"start":{"line":108,"column":11},"end":{"line":null,"column":null}},"110":{"start":{"line":109,"column":12},"end":{"line":null,"column":null}},"111":{"start":{"line":109,"column":31},"end":{"line":109,"column":38}},"112":{"start":{"line":109,"column":38},"end":{"line":null,"column":null}},"113":{"start":{"line":110,"column":18},"end":{"line":110,"column":25}},"114":{"start":{"line":110,"column":25},"end":{"line":null,"column":null}},"115":{"start":{"line":113,"column":14},"end":{"line":null,"column":null}},"116":{"start":{"line":114,"column":9},"end":{"line":null,"column":null}},"117":{"start":{"line":0,"column":0},"end":{"line":0,"column":0},"skip":true},"118":{"start":{"line":120,"column":12},"end":{"line":null,"column":null}},"119":{"start":{"line":121,"column":8},"end":{"line":null,"column":null}},"120":{"start":{"line
[...]
-expr","locations":[{"start":{"line":84,"column":8},"end":{"line":84,"column":8}},{"start":{"line":84,"column":25},"end":{"line":84,"column":4}}]},"29":{"line":92,"type":"binary-expr","locations":[{"start":{"line":92,"column":11},"end":{"line":92,"column":19}},{"start":{"line":92,"column":19},"end":{"line":92,"column":8}}]},"30":{"line":103,"type":"if","locations":[{"start":{"line":103,"column":8},"end":{"line":103,"column":8}},{"start":{"line":103,"column":8},"end":{"line":103,"column":8}}]},"31":{"line":109,"type":"if","locations":[{"start":{"line":109,"column":12},"end":{"line":109,"column":12}},{"start":{"line":109,"column":12},"end":{"line":109,"column":12}}]},"32":{"line":109,"type":"binary-expr","locations":[{"start":{"line":109,"column":12},"end":{"line":109,"column":19}},{"start":{"line":109,"column":19},"end":{"line":109,"column":8}}]},"33":{"line":121,"type":"if","locations":[{"start":{"line":121,"column":8},"end":{"line":121,"column":8}},{"start":{"line":121,"column":8},"end":{"line":121,"column":8}}]},"34":{"line":125,"type":"if","locations":[{"start":{"line":125,"column":8},"end":{"line":125,"column":8}},{"start":{"line":125,"column":8},"end":{"line":125,"column":8}}]},"35":{"line":133,"type":"binary-expr","locations":[{"start":{"line":133,"column":11},"end":{"line":133,"column":18}},{"start":{"line":133,"column":18},"end":{"line":133,"column":8}}]}}},"/media/my0sot1s/STUDY/DRIVE/wkr/dbwkr/__tests__/rest/restBase.js":{"path":"/media/my0sot1s/STUDY/DRIVE/wkr/dbwkr/__tests__/rest/restBase.js","s":{"1":1,"2":1,"3":1,"4":1,"5":1,"6":1,"7":1,"8":1,"9":1,"10":4,"11":1,"12":1,"13":1,"14":1,"15":1,"16":1,"17":1,"18":1,"19":0,"20":0,"21":1,"22":0,"23":0,"24":1,"25":1,"26":0,"27":0,"28":1,"29":1,"30":0,"31":0},"b":{"1":[1,3],"2":[4,4]},"f":{"1":4,"2":1,"3":1,"4":1,"5":0,"6":0,"7":0,"8":0,"9":1,"10":0,"11":0,"12":1,"13":0,"14":0},"fnMap":{"1":{"name":"_interopRequireDefault","line":0,"loc":{"start":{"line":0,"column":0},"end":{"line":0,"column":0}},"skip":true},"2":{"name":"(anonymous_2)","line":10,"loc":{"start":{"line":10,"column":35},"end":{"line":10,"column":41}}},"3":{"name":"(anonymous_3)","line":11,"loc":{"start":{"line":11,"column":18},"end":{"line":11,"column":24}}},"4":{"name":"(anonymous_4)","line":16,"loc":{"start":{"line":16,"column":20},"end":{"line":16,"column":26}}},"5":{"name":"(anonymous_5)","line":19,"loc":{"start":{"line":19,"column":12},"end":{"line":19,"column":19}}},"6":{"name":"(anonymous_6)","line":22,"loc":{"start":{"line":22,"column":13},"end":{"line":22,"column":20}}},"7":{"name":"(anonymous_7)","line":27,"loc":{"start":{"line":27,"column":12},"end":{"line":27,"column":19}}},"8":{"name":"(anonymous_8)","line":30,"loc":{"start":{"line":30,"column":13},"end":{"line":30,"column":20}}},"9":{"name":"(anonymous_9)","line":34,"loc":{"start":{"line":34,"column":19},"end":{"line":34,"column":25}}},"10":{"name":"(anonymous_10)","line":36,"loc":{"start":{"line":36,"column":12},"end":{"line":36,"column":19}}},"11":{"name":"(anonymous_11)","line":39,"loc":{"start":{"line":39,"column":13},"end":{"line":39,"column":20}}},"12":{"name":"(anonymous_12)","line":43,"loc":{"start":{"line":43,"column":21},"end":{"line":43,"column":27}}},"13":{"name":"(anonymous_13)","line":45,"loc":{"start":{"line":45,"column":12},"end":{"line":45,"column":19}}},"14":{"name":"(anonymous_14)","line":48,"loc":{"start":{"line":48,"column":13},"end":{"line":48,"column":20}}}},"statementMap":{"1":{"start":{"line":1,"column":0},"end":{"line":null,"column":null}},"2":{"start":{"line":0,"column":0},"end":{"line":0,"column":0},"skip":true},"3":{"start":{"line":2,"column":0},"end":{"line":null,"column":null}},"4":{"start":{"line":0,"column":0},"end":{"line":0,"column":0},"skip":true},"5":{"start":{"line":3,"column":0},"end":{"line":null,"column":null}},"6":{"start":{"line":0,"column":0},"end":{"line":0,"column":0},"skip":true},"7":{"start":{"line":5,"column":0},"end":{"line":null,"column":null}},"8":{"start":{"line":0,"column":0},"end":{"line":0,"column":0},"skip":true},"9":{"start":{"line":0,"column":0},"end":{"line":0,"column":0},"skip":true},"10":{"start":{"line":0,"column":0},"end":{"line":0,"column":0},"skip":true},"11":{"start":{"line":7,"column":0},"end":{"line":null,"column":null}},"12":{"start":{"line":9,"column":0},"end":{"line":null,"column":null}},"13":{"start":{"line":10,"column":0},"end":{"line":null,"column":null}},"14":{"start":{"line":11,"column":5},"end":{"line":null,"column":null}},"15":{"start":{"line":12,"column":9},"end":{"line":null,"column":null}},"16":{"start":{"line":14,"column":9},"end":{"line":null,"column":null}},"17":{"start":{"line":16,"column":5},"end":{"line":null,"column":null}},"18":{"start":{"line":17,"column":9},"end":{"line":null,"column":null}},"19":{"start":{"line":20,"column":15},"end":{"line":null,"column":null}},"20":{"start":{"line":23,"column":14},"end":{"line":null,"column":null}},"21":{"start":{"line":25,"column":9},"end":{"line":null,"column":null}},"22":{"start":{"line":28,"column":15},"end":{"line":null,"column":null}},"23":{"start":{"line":31,"column":14},"end":{"line":null,"column":null}},"24":{"start":{"line":34,"column":5},"end":{"line":null,"column":null}},"25":{"start":{"line":35,"column":9},"end":{"line":null,"column":null}},"26":{"start":{"line":37,"column":15},"end":{"line":null,"column":null}},"27":{"start":{"line":40,"column":14},"end":{"line":null,"column":null}},"28":{"start":{"line":43,"column":5},"end":{"line":null,"column":null}},"29":{"start":{"line":44,"column":9},"end":{"line":null,"column":null}},"30":{"start":{"line":46,"column":15},"end":{"line":null,"column":null}},"31":{"start":{"line":49,"column":14},"end":{"line":null,"column":null}}},"branchMap":{"1":{"line":0,"type":"cond-expr","locations":[{"start":{"line":0,"column":0},"end":{"line":0,"column":0},"skip":true},{"start":{"line":0,"column":0},"end":{"line":0,"column":0},"skip":true}]},"2":{"line":0,"type":"binary-expr","locations":[{"start":{"line":0,"column":0},"end":{"line":0,"column":0},"skip":true},{"start":{"line":0,"column":0},"end":{"line":0,"column":0},"skip":true}]}}},"/media/my0sot1s/STUDY/DRIVE/wkr/dbwkr/src/rest/restBase.js":{"path":"/media/my0sot1s/STUDY/DRIVE/wkr/dbwkr/src/rest/restBase.js","s":{"1":1,"2":1,"3":1,"4":1,"5":1,"6":1,"7":1,"8":1,"9":1,"10":0,"11":0,"12":0,"13":0,"14":0,"15":0,"16":0,"17":0,"18":0,"19":0,"20":0,"21":0,"22":0,"23":0,"24":0,"25":0,"26":0,"27":0,"28":0,"29":0,"30":0,"31":0,"32":0,"33":0,"34":0,"35":0,"36":0,"37":0,"38":0,"39":0,"40":0,"41":0,"42":0,"43":0,"44":0,"45":0,"46":0,"47":0,"48":0,"49":0,"50":0,"51":0,"52":0,"53":0,"54":0,"55":0,"56":1},"b":{"1":[0,1],"2":[1,1],"3":[0,0],"4":[0,0],"5":[0,0],"6":[0,0],"7":[0,0],"8":[0,0],"9":[0,0],"10":[0,0],"11":[0,0],"12":[0,0]},"f":{"1":1,"2":0,"3":0,"4":0,"5":0,"6":0,"7":0,"8":0,"9":0,"10":0,"11":0,"12":0},"fnMap":{"1":{"name":"_interopRequireDefault","line":0,"loc":{"start":{"line":0,"column":0},"end":{"line":0,"column":0}},"skip":true},"2":{"name":"(anonymous_2)","line":13,"loc":{"start":{"line":13,"column":18},"end":{"line":13,"column":32}}},"3":{"name":"(anonymous_3)","line":23,"loc":{"start":{"line":23,"column":15},"end":{"line":23,"column":29}}},"4":{"name":"(anonymous_4)","line":26,"loc":{"start":{"line":26,"column":19},"end":{"line":26,"column":27}}},"5":{"name":"(anonymous_5)","line":40,"loc":{"start":{"line":40,"column":23},"end":{"line":40,"column":37}}},"6":{"name":"(anonymous_6)","line":43,"loc":{"start":{"line":43,"column":52},"end":{"line":43,"column":60}}},"7":{"name":"(anonymous_7)","line":56,"loc":{"start":{"line":56,"column":16},"end":{"line":56,"column":30}}},"8":{"name":"(anonymous_8)","line":60,"loc":{"start":{"line":60,"column":47},"end":{"line":60,"column":55}}},"9":{"name":"(anonymous_9)","line":73,"loc":{"start":{"line":73,"column":15},"end":{"line":73,"column":29}}},"10":{"name":"(anonymous_10)","line":77,"loc":{"start":{"line":77,"column":47},"end":{"line":77,"column":55}}},"11":{"name":"(anonymous_11)","line":90,"loc":{"start":{"line":90,"column":18},"end":{"line":90,"column":32}}},"12":{"name":"(anonymous_12)","line":94,"loc":{"start":{"line":94,"column":43},"end":{"line":94,"column":51}}}},"statementMap":{"1":{"start":{"line":0,"column":0},"end":{"line":0,"column":0},"skip":true},"2":{"start":{"line":3,"column":0},"end":{"line":null,"column":null}},"3":{"start":{"line":4,"column":0},"end":{"line":null,"column":null}},"4":{"start":{"line":5,"column":0},"end":{"line":null,"column":null}},"5":{"start":{"line":0,"column":0},"end":{"line":0,"column":0},"skip":true},"6":{"start":{"line":0,"column":0},"end":{"line":0,"column":0},"skip":true},"7":{"start":{"line":0,"column":0},"end":{"line":0,"column":0},"skip":true},"8":{"start":{"line":6,"column":0},"end":{"line":null,"column":null}},"9":{"start":{"line":8,"column":0},"end":{"line":null,"column":null}},"10":{"start":{"line":14,"column":8},"end":{"line":null,"column":null}},"11":{"start":{"line":15,"column":14},"end":{"line":null,"column":null}},"12":{"start":{"line":16,"column":21},"end":{"line":null,"column":null}},"13":{"start":{"line":17,"column":10},"end":{"line":null,"column":null}},"14":{"start":{"line":19,"column":10},"end":{"line":null,"column":null}},"15":{"start":{"line":24,"column":8},"end":{"line":null,"column":null}},"16":{"start":{"line":25,"column":8},"end":{"line":null,"column":null}},"17":{"start":{"line":26,"column":14},"end":{"line":null,"column":null}},"18":{"start":{"line":27,"column":12},"end":{"line":null,"column":null}},"19":{"start":{"line":28,"column":18},"end":{"line":null,"column":null}},"20":{"start":{"line":29,"column":14},"end":{"line":null,"column":null}},"21":{"start":{"line":32,"column":14},"end":{"line":null,"column":null}},"22":{"start":{"line":36,"column":14},"end":{"line":null,"column":null}},"23":{"start":{"line":37,"column":10},"end":{"line":null,"column":null}},"24":{"start":{"line":41,"column":8},"end":{"line":null,"column":null}},"25":{"start":{"line":42,"column":8},"end":{"line":null,"column":null}},"26":{"start":{"line":43,"column":14},"end":{"line":null,"column":null}},"27":{"start":{"line":44,"column":12},"end":{"line":null,"column":null}},"28":{"start":{"line":45,"column":14},"end":{"line":null,"column":null}},"29":{"start":{"line":48,"column":14},"end":{"line":null,"column":null}},"30":{"start":{"line":52,"column":14},"end":{"line":null,"column":null}},"31":{"start":{"line":53,"column":10},"end":{"line":null,"column":null}},"32":{"start":{"line":57,"column":8},"end":{"line":null,"column":null}},"33":{"start":{"line":59,"column":8},"end":{"line":null,"column":null}},"34":{"start":{"line":60,"column":14},"end":{"line":null,"column":null}},"35":{"start":{"line":61,"column":12},"end":{"line":null,"column":null}},"36":{"start":{"line":62,"column":14},"end":{"line":null,"column":null}},"37":{"start":{"line":65,"column":14},"end":{"line":null,"column":null}},"38":{"start":{"line":69,"column":14},"end":{"line":null,"column":null}},"39":{"start":{"line":70,"column":10},"end":{"line":null,"column":null}},"40":{"start":{"line":74,"column":8},"end":{"line":null,"column":null}},"41":{"start":{"line":76,"column":8},"end":{"line":null,"column":null}},"42":{"start":{"line":77,"column":14},"end":{"line":null,"column":null}},"43":{"start":{"line":78,"column":12},"end":{"line":null,"column":null}},"44":{"start":{"line":79,"column":14},"end":{"line":null,"column":null}},"45":{"start":{"line":82,"column":14},"end":{"line":null,"column":null}},"46":{"start":{"line":86,"column":14},"end":{"line":null,"column":null}},"47":{"start":{"line":87,"column":10},"end":{"line":null,"column":null}},"48":{"start":{"line":91,"column":8},"end":{"line":null,"column":null}},"49":{"start":{"line":93,"column":8},"end":{"line":null,"column":null}},"50":{"start":{"line":94,"column":14},"end":{"line":null,"column":null}},"51":{"start":{"line":95,"column":12},"end":{"line":null,"column":null}},"52":{"start":{"line":96,"column":14},"end":{"line":null,"column":null}},"53":{"start":{"line":99,"column":14},"end":{"line":null,"column":null}},"54":{"start":{"line":103,"column":14},"end":{"line":null,"column":null}},"55":{"start":{"line":104,"column":10},"end":{"line":null,"column":null}},"56":{"start":{"line":108,"column":15},"end":{"line":null,"column":null}}},"branchMap":{"1":{"line":0,"type":"cond-expr","locations":[{"start":{"line":0,"column":0},"end":{"line":0,"column":0},"skip":true},{"start":{"line":0,"column":0},"end":{"line":0,"column":0},"skip":true}]},"2":{"line":0,"type":"binary-expr","locations":[{"start":{"line":0,"column":0},"end":{"line":0,"column":0},"skip":true},{"start":{"line":0,"column":0},"end":{"line":0,"column":0},"skip":true}]},"3":{"line":27,"type":"if","locations":[{"start":{"line":27,"column":12},"end":{"line":27,"column":12}},{"start":{"line":27,"column":12},"end":{"line":27,"column":12}}]},"4":{"line":29,"type":"binary-expr","locations":[{"start":{"line":29,"column":31},"end":{"line":29,"column":39}},{"start":{"line":29,"column":39},"end":{"line":29,"column":10}}]},"5":{"line":44,"type":"if","locations":[{"start":{"line":44,"column":12},"end":{"line":44,"column":12}},{"start":{"line":44,"column":12},"end":{"line":44,"column":12}}]},"6":{"line":45,"type":"binary-expr","locations":[{"start":{"line":45,"column":31},"end":{"line":45,"column":39}},{"start":{"line":45,"column":39},"end":{"line":45,"column":10}}]},"7":{"line":61,"type":"if","locations":[{"start":{"line":61,"column":12},"end":{"line":61,"column":12}},{"start":{"line":61,"column":12},"end":{"line":61,"column":12}}]},"8":{"line":62,"type":"binary-expr","locations":[{"start":{"line":62,"column":31},"end":{"line":62,"column":39}},{"start":{"line":62,"column":39},"end":{"line":62,"column":10}}]},"9":{"line":78,"type":"if","locations":[{"start":{"line":78,"column":12},"end":{"line":78,"column":12}},{"start":{"line":78,"column":12},"end":{"line":78,"column":12}}]},"10":{"line":79,"type":"binary-expr","locations":[{"start":{"line":79,"column":31},"end":{"line":79,"column":39}},{"start":{"line":79,"column":39},"end":{"line":79,"column":10}}]},"11":{"line":95,"type":"if","locations":[{"start":{"line":95,"column":12},"end":{"line":95,"column":12}},{"start":{"line":95,"column":12},"end":{"line":95,"column":12}}]},"12":{"line":96,"type":"binary-expr","locations":[{"start":{"line":96,"column":31},"end":{"line":96,"column":39}},{"start":{"line":96,"column":39},"end":{"line":96,"column":10}}]}}},"/media/my0sot1s/STUDY/DRIVE/wkr/dbwkr/src/process/index.js":{"path":"/media/my0sot1s/STUDY/DRIVE/wkr/dbwkr/src/process/index.js","s":{"1":1,"2":1,"3":1,"4":1,"5":1,"6":1,"7":1,"8":2,"9":1,"10":1},"b":{"1":[2,0],"2":[2,2]},"f":{"1":2},"fnMap":{"1":{"name":"_interopRequireDefault","line":0,"loc":{"start":{"line":0,"column":0},"end":{"line":0,"column":0}},"skip":true}},"statementMap":{"1":{"start":{"line":0,"column":0},"end":{"line":0,"column":0},"skip":true},"2":{"start":{"line":0,"column":0},"end":{"line":0,"column":0},"skip":true},"3":{"start":{"line":1,"column":0},"end":{"line":null,"column":null}},"4":{"start":{"line":0,"column":0},"end":{"line":0,"column":0},"skip":true},"5":{"start":{"line":2,"column":0},"end":{"line":null,"column":null}},"6":{"start":{"line":0,"column":0},"end":{"line":0,"column":0},"skip":true},"7":{"start":{"line":0,"column":0},"end":{"line":0,"column":0},"skip":true},"8":{"start":{"line":0,"column":0},"end":{"line":0,"column":0},"skip":true},"9":{"start":{"line":4,"column":9},"end":{"line":null,"column":null}},"10":{"start":{"line":4,"column":25},"end":{"line":null,"column":null}}},"branchMap":{"1":{"line":0,"type":"cond-expr","locations":[{"start":{"line":0,"column":0},"end":{"line":0,"column":0},"skip":true},{"start":{"line":0,"column":0},"end":{"line":0,"column":0},"skip":true}]},"2":{"line":0,"type":"binary-expr","locations":[{"start":{"line":0,"column":0},"end":{"line":0,"column":0},"skip":true},{"start":{"line":0,"column":0},"end":{"line":0,"column":0},"skip":true}]}}},"/media/my0sot1s/STUDY/DRIVE/wkr/dbwkr/src/process/weatherCheck.js":{"path":"/media/my0sot1s/STUDY/DRIVE/wkr/dbwkr/src/process/weatherCheck.js","s":{"1":1,"2":1,"3":1,"4":1,"5":1,"6":1,"7":1,"8":0,"9":0,"10":0,"11":0,"12":0,"13":0,"14":0,"15":0,"16":0,"17":0,"18":0,"19":0,"20":0,"21":0,"22":0,"23":0,"24":0,"25":0,"26":0,"27":0,"28":1},"b":{"1":[0,1],"2":[1,1],"3":[0,0],"4":[0,0],"5":[0,0]},"f":{"1":1,"2":0,"3":0,"4":0,"5":0,"6":0},"fnMap":{"1":{"name":"_interopRequireDefault","line":0,"loc":{"start":{"line":0,"column":0},"end":{"line":0,"column":0}},"skip":true},"2":{"name":"checkWeather","line":6,"loc":{"start":{"line":6,"column":21},"end":{"line":6,"column":41}}},"3":{"name":"(anonymous_3)","line":8,"loc":{"start":{"line":8,"column":101},"end":{"line":8,"column":113}}},"4":{"name":"(anonymous_4)","line":15,"loc":{"start":{"line":15,"column":27},"end":{"line":null,"column":null}}},"5":{"name":"(anonymous_5)","line":16,"loc":{"start":{"line":16,"column":26},"end":{"line":16,"column":35}}},"6":{"name":"(anonymous_6)","line":19,"loc":{"start":{"line":19,"column":25},"end":{"line":19,"column":32}}}},"statementMap":{"1":{"start":{"line":0,"column":0},"end":{"line":0,"column":0},"skip":true},"2":{"start":{"line":3,"column":0},"end":{"line":null,"column":null}},"3":{"start":{"line":4,"column":0},"end":{"line":null,"column":null}},"4":{"start":{"line":0,"column":0},"end":{"line":0,"column":0},"skip":true},"5":{"start":{"line":0,"column":0},"end":{"line":0,"column":0},"skip":true},"6":{"start":{"line":0,"column":0},"end":{"line":0,"column":0},"skip":true},"7":{"start":{"line":6,"column":0},"end":{"line":null,"column":null}},"8":{"start":{"line":7,"column":6},"end":{"line":null,"column":null}},"9":{"start":{"line":8,"column":7},"end":{"line":null,"column":null}},"10":{"start":{"line":9,"column":8},"end":{"line":null,"column":null}},"11":{"start":{"line":10,"column":8},"end":{"line":null,"column":null}},"12":{"start":{"line":12,"column":8},"end":{"line":null,"column":null}},"13":{"start":{"line":13,"column":9},"end":{"line":12,"column":37}},"14":{"start":{"line":15,"column":15},"end":{"line":null,"column":null}},"15":{"start":{"line":15,"column":32},"end":{"line":null,"column":null}},"16":{"start":{"line":16,"column":15},"end":{"line":null,"column":null}},"17":{"start":{"line":17,"column":18},"end":{"line":null,"column":null}},"18":{"start":{"line":19,"column":15},"end":{"line":null,"column":null}},"19":{"start":{"line":20,"column":15},"end":{"line":null,"column":null}},"20":{"start":{"line":21,"column":12},"end":{"line":null,"column":null}},"21":{"start":{"line":22,"column":17},"end":{"line":null,"column":null}},"22":{"start":{"line":24,"column":12},"end":{"line":null,"column":null}},"23":{"start":{"line":25,"column":14},"end":{"line":25,"column":27}},"24":{"start":{"line":25,"column":27},"end":{"line":25,"column":47}},"25":{"start":{"line":25,"column":47},"end":{"line":null,"column":null}},"26":{"start":{"line":27,"column":18},"end":{"line":null,"column":null}},"27":{"start":{"line":29,"column":11},"end":{"line":null,"column":null}},"28":{"start":{"line":34,"column":15},"end":{"line":null,"column":null}}},"branchMap":{"1":{"line":0,"type":"cond-expr","locations":[{"start":{"line":0,"column":0},"end":{"line":0,"column":0},"skip":true},{"start":{"line":0,"column":0},"end":{"line":0,"column":0},"skip":true}]},"2":{"line":0,"type":"binary-expr","locations":[{"start":{"line":0,"column":0},"end":{"line":0,"column":0},"skip":true},{"start":{"line":0,"column":0},"end":{"line":0,"column":0},"skip":true}]},"3":{"line":12,"type":"if","locations":[{"start":{"line":12,"column":8},"end":{"line":12,"column":8}},{"start":{"line":12,"column":8},"end":{"line":12,"column":8}}]},"4":{"line":21,"type":"if","locations":[{"start":{"line":21,"column":12},"end":{"line":21,"column":12}},{"start":{"line":21,"column":12},"end":{"line":21,"column":12}}]},"5":{"line":24,"type":"if","locations":[{"start":{"line":24,"column":12},"end":{"line":24,"column":12}},{"start":{"line":24,"column":12},"end":{"line":24,"column":12}}]}}}}