{"/media/my0sot1s/STUDY/DRIVE/wkr/dbwkr/globals.js": {"path":"/media/my0sot1s/STUDY/DRIVE/wkr/dbwkr/globals.js","statementMap":{"0":{"start":{"line":1,"column":11},"end":{"line":1,"column":0}},"1":{"start":{"line":2,"column":15},"end":{"line":2,"column":0}},"2":{"start":{"line":4,"column":4},"end":{"line":9,"column":5}},"3":{"start":{"line":5,"column":6},"end":{"line":null,"column":-1}},"4":{"start":{"line":8,"column":6},"end":{"line":null,"column":-1}},"5":{"start":{"line":20,"column":6},"end":{"line":null,"column":-1}},"6":{"start":{"line":21,"column":6},"end":{"line":null,"column":-1}},"7":{"start":{"line":22,"column":6},"end":{"line":null,"column":-1}},"8":{"start":{"line":23,"column":6},"end":{"line":null,"column":-1}},"9":{"start":{"line":24,"column":6},"end":{"line":null,"column":-1}},"10":{"start":{"line":27,"column":6},"end":{"line":null,"column":-1}},"11":{"start":{"line":28,"column":6},"end":{"line":null,"column":-1}},"12":{"start":{"line":29,"column":6},"end":{"line":null,"column":-1}},"13":{"start":{"line":30,"column":6},"end":{"line":null,"column":-1}},"14":{"start":{"line":31,"column":6},"end":{"line":null,"column":-1}},"15":{"start":{"line":32,"column":6},"end":{"line":null,"column":-1}},"16":{"start":{"line":36,"column":8},"end":{"line":35,"column":44}},"17":{"start":{"line":39,"column":8},"end":{"line":null,"column":-1}},"18":{"start":{"line":40,"column":10},"end":{"line":39,"column":51}},"19":{"start":{"line":45,"column":21},"end":{"line":45,"column":6}},"20":{"start":{"line":46,"column":6},"end":{"line":49,"column":31}},"21":{"start":{"line":47,"column":8},"end":{"line":null,"column":-1}},"22":{"start":{"line":48,"column":8},"end":{"line":null,"column":-1}},"23":{"start":{"line":49,"column":15},"end":{"line":null,"column":-1}},"24":{"start":{"line":53,"column":4},"end":{"line":52,"column":25}},"25":{"start":{"line":54,"column":4},"end":{"line":null,"column":-1}},"26":{"start":{"line":60,"column":4},"end":{"line":null,"column":-1}},"27":{"start":{"line":64,"column":0},"end":{"line":null,"column":-1}}},"fnMap":{"0":{"name":"dbGenUrl","decl":{"start":{"line":3,"column":12},"end":{"line":3,"column":22}},"loc":{"start":{"line":3,"column":23},"end":{"line":2,"column":15}}},"1":{"name":"middleware","decl":{"start":{"line":19,"column":16},"end":{"line":19,"column":25}},"loc":{"start":{"line":19,"column":42},"end":{"line":18,"column":18}}},"2":{"name":"middlewareUpload","decl":{"start":{"line":26,"column":22},"end":{"line":26,"column":31}},"loc":{"start":{"line":26,"column":48},"end":{"line":18,"column":18}}},"3":{"name":"destination","decl":{"start":{"line":35,"column":19},"end":{"line":35,"column":28}},"loc":{"start":{"line":35,"column":44},"end":{"line":34,"column":18}}},"4":{"name":"filename","decl":{"start":{"line":38,"column":16},"end":{"line":38,"column":25}},"loc":{"start":{"line":38,"column":41},"end":{"line":42,"column":7}}},"5":{"name":"(anonymous_5)","decl":{"start":{"line":39,"column":37},"end":{"line":39,"column":37}},"loc":{"start":{"line":39,"column":51},"end":{"line":39,"column":8}}},"6":{"name":"checkall","decl":{"start":{"line":44,"column":14},"end":{"line":44,"column":23}},"loc":{"start":{"line":44,"column":40},"end":{"line":50,"column":5}}},"7":{"name":"toText","decl":{"start":{"line":52,"column":10},"end":{"line":52,"column":19}},"loc":{"start":{"line":52,"column":25},"end":{"line":61,"column":3}}}},"branchMap":{"0":{"loc":{"start":{"line":4,"column":4},"end":{"line":9,"column":5}},"type":"if","locations":[{"start":{"line":4,"column":4},"end":{"line":9,"column":5}},{"start":{"line":4,"column":4},"end":{"line":9,"column":5}}]},"1":{"loc":{"start":{"line":46,"column":6},"end":{"line":49,"column":31}},"type":"if","locations":[{"start":{"line":46,"column":6},"end":{"line":49,"column":31}},{"start":{"line":46,"column":6},"end":{"line":49,"column":31}}]}},"s":{"0":1,"1":1,"2":25,"3":25,"4":0,"5":0,"6":0,"7":0,"8":0,"9":0,"10":0,"11":0,"12":0,"13":0,"14":0,"15":0,"16":0,"17":0,"18":0,"19":4,"20":4,"21":4,"22":0,"23":0,"24":0,"25":0,"26":0,"27":1},"f":{"0":25,"1":0,"2":0,"3":0,"4":0,"5":0,"6":4,"7":0},"b":{"0":[25,0],"1":[4,0]}}
,"/media/my0sot1s/STUDY/DRIVE/wkr/dbwkr/__tests__/models/Images.js": {"path":"/media/my0sot1s/STUDY/DRIVE/wkr/dbwkr/__tests__/models/Images.js","statementMap":{"0":{"start":{"line":1,"column":0},"end":{"line":null,"column":-1}},"1":{"start":{"line":2,"column":0},"end":{"line":null,"column":-1}},"2":{"start":{"line":4,"column":0},"end":{"line":null,"column":-1}},"3":{"start":{"line":5,"column":15},"end":{"line":5,"column":0}},"4":{"start":{"line":10,"column":0},"end":{"line":null,"column":-1}},"5":{"start":{"line":12,"column":15},"end":{"line":12,"column":2}},"6":{"start":{"line":17,"column":16},"end":{"line":17,"column":2}},"7":{"start":{"line":18,"column":2},"end":{"line":null,"column":-1}},"8":{"start":{"line":19,"column":4},"end":{"line":null,"column":-1}},"9":{"start":{"line":20,"column":4},"end":{"line":null,"column":-1}},"10":{"start":{"line":21,"column":4},"end":{"line":null,"column":-1}},"11":{"start":{"line":23,"column":2},"end":{"line":null,"column":-1}},"12":{"start":{"line":24,"column":4},"end":{"line":null,"column":-1}}},"fnMap":{"0":{"name":"(anonymous_1)","decl":{"start":{"line":10,"column":33},"end":{"line":10,"column":38}},"loc":{"start":{"line":10,"column":39},"end":{"line":10,"column":0}}},"1":{"name":"(anonymous_2)","decl":{"start":{"line":18,"column":27},"end":{"line":18,"column":32}},"loc":{"start":{"line":18,"column":33},"end":{"line":18,"column":2}}},"2":{"name":"(anonymous_3)","decl":{"start":{"line":23,"column":20},"end":{"line":23,"column":25}},"loc":{"start":{"line":23,"column":26},"end":{"line":23,"column":2}}}},"branchMap":{},"s":{"0":1,"1":1,"2":1,"3":1,"4":1,"5":1,"6":1,"7":1,"8":1,"9":1,"10":1,"11":1,"12":1},"f":{"0":1,"1":1,"2":1},"b":{}}
,"/media/my0sot1s/STUDY/DRIVE/wkr/dbwkr/__tests__/models/Products.js": {"path":"/media/my0sot1s/STUDY/DRIVE/wkr/dbwkr/__tests__/models/Products.js","statementMap":{"0":{"start":{"line":1,"column":0},"end":{"line":null,"column":-1}},"1":{"start":{"line":2,"column":0},"end":{"line":null,"column":-1}},"2":{"start":{"line":4,"column":0},"end":{"line":null,"column":-1}},"3":{"start":{"line":5,"column":0},"end":{"line":null,"column":-1}},"4":{"start":{"line":6,"column":0},"end":{"line":null,"column":-1}},"5":{"start":{"line":7,"column":0},"end":{"line":null,"column":-1}},"6":{"start":{"line":8,"column":0},"end":{"line":null,"column":-1}},"7":{"start":{"line":9,"column":15},"end":{"line":9,"column":0}},"8":{"start":{"line":14,"column":0},"end":{"line":null,"column":-1}},"9":{"start":{"line":16,"column":15},"end":{"line":16,"column":2}},"10":{"start":{"line":21,"column":19},"end":{"line":21,"column":2}},"11":{"start":{"line":22,"column":2},"end":{"line":null,"column":-1}},"12":{"start":{"line":23,"column":4},"end":{"line":null,"column":-1}},"13":{"start":{"line":24,"column":4},"end":{"line":null,"column":-1}},"14":{"start":{"line":25,"column":4},"end":{"line":null,"column":-1}},"15":{"start":{"line":27,"column":2},"end":{"line":null,"column":-1}},"16":{"start":{"line":28,"column":4},"end":{"line":null,"column":-1}}},"fnMap":{"0":{"name":"(anonymous_1)","decl":{"start":{"line":14,"column":35},"end":{"line":14,"column":40}},"loc":{"start":{"line":14,"column":41},"end":{"line":14,"column":0}}},"1":{"name":"(anonymous_2)","decl":{"start":{"line":22,"column":27},"end":{"line":22,"column":32}},"loc":{"start":{"line":22,"column":33},"end":{"line":22,"column":2}}},"2":{"name":"(anonymous_3)","decl":{"start":{"line":27,"column":20},"end":{"line":27,"column":25}},"loc":{"start":{"line":27,"column":26},"end":{"line":27,"column":2}}}},"branchMap":{},"s":{"0":1,"1":1,"2":1,"3":1,"4":1,"5":1,"6":1,"7":1,"8":1,"9":1,"10":1,"11":1,"12":1,"13":1,"14":1,"15":1,"16":1},"f":{"0":1,"1":1,"2":1},"b":{}}
,"/media/my0sot1s/STUDY/DRIVE/wkr/dbwkr/__tests__/models/Users.js": {"path":"/media/my0sot1s/STUDY/DRIVE/wkr/dbwkr/__tests__/models/Users.js","statementMap":{"0":{"start":{"line":1,"column":0},"end":{"line":null,"column":-1}},"1":{"start":{"line":2,"column":0},"end":{"line":null,"column":-1}},"2":{"start":{"line":4,"column":0},"end":{"line":null,"column":-1}},"3":{"start":{"line":5,"column":15},"end":{"line":5,"column":0}},"4":{"start":{"line":10,"column":0},"end":{"line":null,"column":-1}},"5":{"start":{"line":12,"column":15},"end":{"line":12,"column":2}},"6":{"start":{"line":17,"column":16},"end":{"line":17,"column":2}},"7":{"start":{"line":18,"column":2},"end":{"line":null,"column":-1}},"8":{"start":{"line":19,"column":4},"end":{"line":null,"column":-1}},"9":{"start":{"line":20,"column":4},"end":{"line":null,"column":-1}},"10":{"start":{"line":21,"column":4},"end":{"line":null,"column":-1}},"11":{"start":{"line":23,"column":2},"end":{"line":null,"column":-1}},"12":{"start":{"line":24,"column":4},"end":{"line":null,"column":-1}}},"fnMap":{"0":{"name":"(anonymous_1)","decl":{"start":{"line":10,"column":32},"end":{"line":10,"column":37}},"loc":{"start":{"line":10,"column":38},"end":{"line":10,"column":0}}},"1":{"name":"(anonymous_2)","decl":{"start":{"line":18,"column":27},"end":{"line":18,"column":32}},"loc":{"start":{"line":18,"column":33},"end":{"line":18,"column":2}}},"2":{"name":"(anonymous_3)","decl":{"start":{"line":23,"column":20},"end":{"line":23,"column":25}},"loc":{"start":{"line":23,"column":26},"end":{"line":23,"column":2}}}},"branchMap":{},"s":{"0":1,"1":1,"2":1,"3":1,"4":1,"5":1,"6":1,"7":1,"8":1,"9":1,"10":1,"11":1,"12":1},"f":{"0":1,"1":1,"2":1},"b":{}}
,"/media/my0sot1s/STUDY/DRIVE/wkr/dbwkr/__tests__/models/detailPost.js": {"path":"/media/my0sot1s/STUDY/DRIVE/wkr/dbwkr/__tests__/models/detailPost.js","statementMap":{"0":{"start":{"line":1,"column":0},"end":{"line":null,"column":-1}},"1":{"start":{"line":2,"column":0},"end":{"line":null,"column":-1}},"2":{"start":{"line":4,"column":0},"end":{"line":null,"column":-1}},"3":{"start":{"line":6,"column":15},"end":{"line":6,"column":0}},"4":{"start":{"line":11,"column":0},"end":{"line":null,"column":-1}},"5":{"start":{"line":13,"column":15},"end":{"line":13,"column":2}},"6":{"start":{"line":18,"column":17},"end":{"line":18,"column":2}},"7":{"start":{"line":19,"column":2},"end":{"line":null,"column":-1}},"8":{"start":{"line":20,"column":4},"end":{"line":null,"column":-1}},"9":{"start":{"line":21,"column":4},"end":{"line":null,"column":-1}},"10":{"start":{"line":22,"column":4},"end":{"line":null,"column":-1}},"11":{"start":{"line":24,"column":2},"end":{"line":null,"column":-1}},"12":{"start":{"line":25,"column":4},"end":{"line":null,"column":-1}}},"fnMap":{"0":{"name":"(anonymous_1)","decl":{"start":{"line":11,"column":37},"end":{"line":11,"column":42}},"loc":{"start":{"line":11,"column":43},"end":{"line":11,"column":0}}},"1":{"name":"(anonymous_2)","decl":{"start":{"line":19,"column":27},"end":{"line":19,"column":32}},"loc":{"start":{"line":19,"column":33},"end":{"line":19,"column":2}}},"2":{"name":"(anonymous_3)","decl":{"start":{"line":24,"column":20},"end":{"line":24,"column":25}},"loc":{"start":{"line":24,"column":26},"end":{"line":24,"column":2}}}},"branchMap":{},"s":{"0":1,"1":1,"2":1,"3":1,"4":1,"5":1,"6":1,"7":1,"8":1,"9":1,"10":1,"11":1,"12":1},"f":{"0":1,"1":1,"2":1},"b":{}}
,"/media/my0sot1s/STUDY/DRIVE/wkr/dbwkr/__tests__/models/index.js": {"path":"/media/my0sot1s/STUDY/DRIVE/wkr/dbwkr/__tests__/models/index.js","statementMap":{"0":{"start":{"line":1,"column":0},"end":{"line":null,"column":-1}},"1":{"start":{"line":2,"column":0},"end":{"line":null,"column":-1}},"2":{"start":{"line":4,"column":0},"end":{"line":null,"column":-1}},"3":{"start":{"line":5,"column":0},"end":{"line":null,"column":-1}},"4":{"start":{"line":6,"column":15},"end":{"line":6,"column":0}},"5":{"start":{"line":11,"column":0},"end":{"line":null,"column":-1}},"6":{"start":{"line":13,"column":2},"end":{"line":null,"column":-1}},"7":{"start":{"line":14,"column":4},"end":{"line":null,"column":-1}}},"fnMap":{"0":{"name":"(anonymous_1)","decl":{"start":{"line":11,"column":32},"end":{"line":11,"column":37}},"loc":{"start":{"line":11,"column":38},"end":{"line":11,"column":0}}},"1":{"name":"(anonymous_2)","decl":{"start":{"line":13,"column":19},"end":{"line":13,"column":24}},"loc":{"start":{"line":13,"column":25},"end":{"line":13,"column":2}}}},"branchMap":{},"s":{"0":1,"1":1,"2":1,"3":1,"4":1,"5":1,"6":1,"7":1},"f":{"0":1,"1":1},"b":{}}
,"/media/my0sot1s/STUDY/DRIVE/wkr/dbwkr/__tests__/models/listPosts.js": {"path":"/media/my0sot1s/STUDY/DRIVE/wkr/dbwkr/__tests__/models/listPosts.js","statementMap":{"0":{"start":{"line":1,"column":0},"end":{"line":null,"column":-1}},"1":{"start":{"line":2,"column":0},"end":{"line":null,"column":-1}},"2":{"start":{"line":4,"column":0},"end":{"line":null,"column":-1}},"3":{"start":{"line":6,"column":15},"end":{"line":6,"column":0}},"4":{"start":{"line":11,"column":0},"end":{"line":null,"column":-1}},"5":{"start":{"line":13,"column":15},"end":{"line":13,"column":2}},"6":{"start":{"line":18,"column":15},"end":{"line":18,"column":2}},"7":{"start":{"line":19,"column":2},"end":{"line":null,"column":-1}},"8":{"start":{"line":20,"column":4},"end":{"line":null,"column":-1}},"9":{"start":{"line":21,"column":4},"end":{"line":null,"column":-1}},"10":{"start":{"line":22,"column":4},"end":{"line":null,"column":-1}},"11":{"start":{"line":24,"column":2},"end":{"line":null,"column":-1}},"12":{"start":{"line":25,"column":4},"end":{"line":null,"column":-1}}},"fnMap":{"0":{"name":"(anonymous_1)","decl":{"start":{"line":11,"column":36},"end":{"line":11,"column":41}},"loc":{"start":{"line":11,"column":42},"end":{"line":11,"column":0}}},"1":{"name":"(anonymous_2)","decl":{"start":{"line":19,"column":27},"end":{"line":19,"column":32}},"loc":{"start":{"line":19,"column":33},"end":{"line":19,"column":2}}},"2":{"name":"(anonymous_3)","decl":{"start":{"line":24,"column":20},"end":{"line":24,"column":25}},"loc":{"start":{"line":24,"column":26},"end":{"line":24,"column":2}}}},"branchMap":{},"s":{"0":1,"1":1,"2":1,"3":1,"4":1,"5":1,"6":1,"7":1,"8":1,"9":1,"10":1,"11":1,"12":1},"f":{"0":1,"1":1,"2":1},"b":{}}
,"/media/my0sot1s/STUDY/DRIVE/wkr/dbwkr/__tests__/process/Base.js": {"path":"/media/my0sot1s/STUDY/DRIVE/wkr/dbwkr/__tests__/process/Base.js","statementMap":{"0":{"start":{"line":1,"column":0},"end":{"line":null,"column":-1}},"1":{"start":{"line":2,"column":0},"end":{"line":null,"column":-1}},"2":{"start":{"line":3,"column":0},"end":{"line":null,"column":-1}},"3":{"start":{"line":5,"column":0},"end":{"line":null,"column":-1}},"4":{"start":{"line":7,"column":14},"end":{"line":7,"column":0}},"5":{"start":{"line":8,"column":13},"end":{"line":8,"column":0}},"6":{"start":{"line":11,"column":15},"end":{"line":11,"column":0}},"7":{"start":{"line":12,"column":15},"end":{"line":12,"column":0}},"8":{"start":{"line":17,"column":0},"end":{"line":null,"column":-1}},"9":{"start":{"line":18,"column":2},"end":{"line":null,"column":-1}},"10":{"start":{"line":19,"column":4},"end":{"line":null,"column":-1}},"11":{"start":{"line":21,"column":2},"end":{"line":null,"column":-1}},"12":{"start":{"line":22,"column":4},"end":{"line":null,"column":-1}},"13":{"start":{"line":23,"column":4},"end":{"line":null,"column":-1}},"14":{"start":{"line":29,"column":0},"end":{"line":null,"column":-1}},"15":{"start":{"line":30,"column":2},"end":{"line":null,"column":-1}},"16":{"start":{"line":31,"column":4},"end":{"line":null,"column":-1}},"17":{"start":{"line":32,"column":6},"end":{"line":null,"column":-1}},"18":{"start":{"line":34,"column":6},"end":{"line":null,"column":-1}},"19":{"start":{"line":37,"column":2},"end":{"line":null,"column":-1}},"20":{"start":{"line":38,"column":15},"end":{"line":38,"column":4}},"21":{"start":{"line":39,"column":13},"end":{"line":null,"column":-1}},"22":{"start":{"line":41,"column":4},"end":{"line":null,"column":-1}},"23":{"start":{"line":43,"column":2},"end":{"line":null,"column":-1}},"24":{"start":{"line":44,"column":15},"end":{"line":44,"column":4}},"25":{"start":{"line":45,"column":4},"end":{"line":null,"column":-1}},"26":{"start":{"line":47,"column":2},"end":{"line":null,"column":-1}},"27":{"start":{"line":48,"column":4},"end":{"line":null,"column":-1}},"28":{"start":{"line":49,"column":4},"end":{"line":null,"column":-1}},"29":{"start":{"line":50,"column":4},"end":{"line":null,"column":-1}},"30":{"start":{"line":52,"column":2},"end":{"line":null,"column":-1}},"31":{"start":{"line":53,"column":16},"end":{"line":53,"column":4}},"32":{"start":{"line":54,"column":4},"end":{"line":null,"column":-1}},"33":{"start":{"line":55,"column":4},"end":{"line":null,"column":-1}},"34":{"start":{"line":56,"column":4},"end":{"line":null,"column":-1}}},"fnMap":{"0":{"name":"(anonymous_1)","decl":{"start":{"line":17,"column":32},"end":{"line":17,"column":37}},"loc":{"start":{"line":17,"column":38},"end":{"line":17,"column":0}}},"1":{"name":"(anonymous_2)","decl":{"start":{"line":18,"column":33},"end":{"line":18,"column":38}},"loc":{"start":{"line":18,"column":39},"end":{"line":18,"column":2}}},"2":{"name":"(anonymous_3)","decl":{"start":{"line":21,"column":33},"end":{"line":21,"column":38}},"loc":{"start":{"line":21,"column":39},"end":{"line":21,"column":2}}},"3":{"name":"(anonymous_4)","decl":{"start":{"line":29,"column":31},"end":{"line":29,"column":36}},"loc":{"start":{"line":29,"column":37},"end":{"line":29,"column":0}}},"4":{"name":"(anonymous_5)","decl":{"start":{"line":30,"column":29},"end":{"line":30,"column":34}},"loc":{"start":{"line":30,"column":35},"end":{"line":30,"column":2}}},"5":{"name":"(anonymous_6)","decl":{"start":{"line":31,"column":31},"end":{"line":31,"column":37}},"loc":{"start":{"line":31,"column":38},"end":{"line":31,"column":4}}},"6":{"name":"(anonymous_7)","decl":{"start":{"line":33,"column":13},"end":{"line":33,"column":19}},"loc":{"start":{"line":33,"column":20},"end":{"line":31,"column":4}}},"7":{"name":"(anonymous_8)","decl":{"start":{"line":37,"column":33},"end":{"line":37,"column":38}},"loc":{"start":{"line":37,"column":39},"end":{"line":37,"column":2}}},"8":{"name":"close","decl":{"start":{"line":39,"column":13},"end":{"line":null,"column":-1}},"loc":{"start":{"line":39,"column":13},"end":{"line":null,"column":-1}}},"9":{"name":"(anonymous_10)","decl":{"start":{"line":43,"column":35},"end":{"line":43,"column":40}},"loc":{"start":{"line":43,"column":41},"end":{"line":43,"column":2}}},"10":{"name":"(anonymous_11)","decl":{"start":{"line":47,"column":37},"end":{"line":47,"column":42}},"loc":{"start":{"line":47,"column":43},"end":{"line":47,"column":2}}},"11":{"name":"(anonymous_12)","decl":{"start":{"line":52,"column":30},"end":{"line":52,"column":35}},"loc":{"start":{"line":52,"column":36},"end":{"line":52,"column":2}}}},"branchMap":{},"s":{"0":1,"1":1,"2":1,"3":1,"4":1,"5":1,"6":1,"7":1,"8":1,"9":1,"10":1,"11":1,"12":1,"13":1,"14":1,"15":1,"16":1,"17":0,"18":1,"19":1,"20":1,"21":1,"22":1,"23":1,"24":1,"25":1,"26":1,"27":1,"28":1,"29":0,"30":1,"31":1,"32":1,"33":0,"34":0},"f":{"0":1,"1":1,"2":1,"3":1,"4":1,"5":0,"6":1,"7":1,"8":1,"9":1,"10":1,"11":1},"b":{}}
,"/media/my0sot1s/STUDY/DRIVE/wkr/dbwkr/__tests__/process/create.js": {"path":"/media/my0sot1s/STUDY/DRIVE/wkr/dbwkr/__tests__/process/create.js","statementMap":{"0":{"start":{"line":1,"column":0},"end":{"line":null,"column":-1}},"1":{"start":{"line":2,"column":0},"end":{"line":null,"column":-1}},"2":{"start":{"line":3,"column":0},"end":{"line":null,"column":-1}},"3":{"start":{"line":5,"column":0},"end":{"line":null,"column":-1}},"4":{"start":{"line":6,"column":0},"end":{"line":null,"column":-1}},"5":{"start":{"line":8,"column":0},"end":{"line":null,"column":-1}},"6":{"start":{"line":9,"column":15},"end":{"line":9,"column":0}},"7":{"start":{"line":10,"column":0},"end":{"line":null,"column":-1}},"8":{"start":{"line":18,"column":13},"end":{"line":18,"column":0}},"9":{"start":{"line":19,"column":14},"end":{"line":19,"column":0}},"10":{"start":{"line":21,"column":0},"end":{"line":null,"column":-1}},"11":{"start":{"line":22,"column":2},"end":{"line":null,"column":-1}},"12":{"start":{"line":23,"column":19},"end":{"line":23,"column":4}},"13":{"start":{"line":24,"column":4},"end":{"line":null,"column":-1}},"14":{"start":{"line":26,"column":2},"end":{"line":null,"column":-1}},"15":{"start":{"line":27,"column":19},"end":{"line":27,"column":4}},"16":{"start":{"line":28,"column":4},"end":{"line":null,"column":-1}},"17":{"start":{"line":30,"column":2},"end":{"line":null,"column":-1}},"18":{"start":{"line":31,"column":19},"end":{"line":31,"column":4}},"19":{"start":{"line":32,"column":4},"end":{"line":null,"column":-1}},"20":{"start":{"line":34,"column":2},"end":{"line":null,"column":-1}},"21":{"start":{"line":35,"column":19},"end":{"line":35,"column":4}},"22":{"start":{"line":36,"column":4},"end":{"line":null,"column":-1}},"23":{"start":{"line":38,"column":2},"end":{"line":null,"column":-1}},"24":{"start":{"line":39,"column":19},"end":{"line":39,"column":4}},"25":{"start":{"line":40,"column":4},"end":{"line":null,"column":-1}},"26":{"start":{"line":42,"column":2},"end":{"line":null,"column":-1}},"27":{"start":{"line":43,"column":19},"end":{"line":43,"column":4}},"28":{"start":{"line":44,"column":4},"end":{"line":null,"column":-1}}},"fnMap":{"0":{"name":"(anonymous_1)","decl":{"start":{"line":21,"column":33},"end":{"line":21,"column":38}},"loc":{"start":{"line":21,"column":39},"end":{"line":21,"column":0}}},"1":{"name":"(anonymous_2)","decl":{"start":{"line":22,"column":33},"end":{"line":22,"column":38}},"loc":{"start":{"line":22,"column":39},"end":{"line":22,"column":2}}},"2":{"name":"(anonymous_3)","decl":{"start":{"line":26,"column":44},"end":{"line":26,"column":49}},"loc":{"start":{"line":26,"column":50},"end":{"line":26,"column":2}}},"3":{"name":"(anonymous_4)","decl":{"start":{"line":30,"column":44},"end":{"line":30,"column":49}},"loc":{"start":{"line":30,"column":50},"end":{"line":30,"column":2}}},"4":{"name":"(anonymous_5)","decl":{"start":{"line":34,"column":55},"end":{"line":34,"column":60}},"loc":{"start":{"line":34,"column":61},"end":{"line":34,"column":2}}},"5":{"name":"(anonymous_6)","decl":{"start":{"line":38,"column":32},"end":{"line":38,"column":37}},"loc":{"start":{"line":38,"column":38},"end":{"line":38,"column":2}}},"6":{"name":"(anonymous_7)","decl":{"start":{"line":42,"column":32},"end":{"line":42,"column":37}},"loc":{"start":{"line":42,"column":38},"end":{"line":42,"column":2}}}},"branchMap":{},"s":{"0":1,"1":1,"2":1,"3":1,"4":1,"5":1,"6":1,"7":1,"8":1,"9":1,"10":1,"11":1,"12":1,"13":1,"14":1,"15":1,"16":1,"17":1,"18":1,"19":1,"20":1,"21":1,"22":1,"23":1,"24":1,"25":1,"26":1,"27":1,"28":1},"f":{"0":1,"1":1,"2":1,"3":1,"4":1,"5":1,"6":1},"b":{}}
,"/media/my0sot1s/STUDY/DRIVE/wkr/dbwkr/__tests__/process/deleted.js": {"path":"/media/my0sot1s/STUDY/DRIVE/wkr/dbwkr/__tests__/process/deleted.js","statementMap":{"0":{"start":{"line":1,"column":0},"end":{"line":null,"column":-1}},"1":{"start":{"line":2,"column":0},"end":{"line":null,"column":-1}},"2":{"start":{"line":3,"column":0},"end":{"line":null,"column":-1}},"3":{"start":{"line":5,"column":0},"end":{"line":null,"column":-1}},"4":{"start":{"line":6,"column":0},"end":{"line":null,"column":-1}},"5":{"start":{"line":8,"column":0},"end":{"line":null,"column":-1}},"6":{"start":{"line":9,"column":15},"end":{"line":9,"column":0}},"7":{"start":{"line":11,"column":12},"end":{"line":11,"column":0}},"8":{"start":{"line":12,"column":0},"end":{"line":null,"column":-1}},"9":{"start":{"line":20,"column":0},"end":{"line":null,"column":-1}},"10":{"start":{"line":21,"column":2},"end":{"line":null,"column":-1}},"11":{"start":{"line":22,"column":20},"end":{"line":22,"column":4}},"12":{"start":{"line":23,"column":4},"end":{"line":null,"column":-1}},"13":{"start":{"line":25,"column":2},"end":{"line":null,"column":-1}},"14":{"start":{"line":26,"column":20},"end":{"line":26,"column":4}},"15":{"start":{"line":27,"column":4},"end":{"line":null,"column":-1}},"16":{"start":{"line":29,"column":2},"end":{"line":null,"column":-1}},"17":{"start":{"line":30,"column":20},"end":{"line":30,"column":4}},"18":{"start":{"line":31,"column":4},"end":{"line":null,"column":-1}},"19":{"start":{"line":33,"column":2},"end":{"line":null,"column":-1}},"20":{"start":{"line":34,"column":20},"end":{"line":34,"column":4}},"21":{"start":{"line":35,"column":4},"end":{"line":null,"column":-1}},"22":{"start":{"line":37,"column":2},"end":{"line":null,"column":-1}},"23":{"start":{"line":38,"column":20},"end":{"line":38,"column":4}},"24":{"start":{"line":39,"column":4},"end":{"line":null,"column":-1}}},"fnMap":{"0":{"name":"(anonymous_1)","decl":{"start":{"line":20,"column":34},"end":{"line":20,"column":39}},"loc":{"start":{"line":20,"column":40},"end":{"line":20,"column":0}}},"1":{"name":"(anonymous_2)","decl":{"start":{"line":21,"column":34},"end":{"line":21,"column":39}},"loc":{"start":{"line":21,"column":40},"end":{"line":21,"column":2}}},"2":{"name":"(anonymous_3)","decl":{"start":{"line":25,"column":45},"end":{"line":25,"column":50}},"loc":{"start":{"line":25,"column":51},"end":{"line":25,"column":2}}},"3":{"name":"(anonymous_4)","decl":{"start":{"line":29,"column":56},"end":{"line":29,"column":61}},"loc":{"start":{"line":29,"column":62},"end":{"line":29,"column":2}}},"4":{"name":"(anonymous_5)","decl":{"start":{"line":33,"column":33},"end":{"line":33,"column":38}},"loc":{"start":{"line":33,"column":39},"end":{"line":33,"column":2}}},"5":{"name":"(anonymous_6)","decl":{"start":{"line":37,"column":33},"end":{"line":37,"column":38}},"loc":{"start":{"line":37,"column":39},"end":{"line":37,"column":2}}}},"branchMap":{},"s":{"0":1,"1":1,"2":1,"3":1,"4":1,"5":1,"6":1,"7":1,"8":1,"9":1,"10":1,"11":1,"12":1,"13":1,"14":1,"15":1,"16":1,"17":1,"18":1,"19":1,"20":1,"21":1,"22":1,"23":1,"24":1},"f":{"0":1,"1":1,"2":1,"3":1,"4":1,"5":1},"b":{}}
,"/media/my0sot1s/STUDY/DRIVE/wkr/dbwkr/__tests__/process/find.js": {"path":"/media/my0sot1s/STUDY/DRIVE/wkr/dbwkr/__tests__/process/find.js","statementMap":{"0":{"start":{"line":1,"column":0},"end":{"line":null,"column":-1}},"1":{"start":{"line":2,"column":0},"end":{"line":null,"column":-1}},"2":{"start":{"line":3,"column":0},"end":{"line":null,"column":-1}},"3":{"start":{"line":5,"column":0},"end":{"line":null,"column":-1}},"4":{"start":{"line":6,"column":0},"end":{"line":null,"column":-1}},"5":{"start":{"line":8,"column":0},"end":{"line":null,"column":-1}},"6":{"start":{"line":9,"column":15},"end":{"line":9,"column":0}},"7":{"start":{"line":11,"column":13},"end":{"line":11,"column":0}},"8":{"start":{"line":12,"column":0},"end":{"line":null,"column":-1}},"9":{"start":{"line":13,"column":2},"end":{"line":null,"column":-1}},"10":{"start":{"line":14,"column":17},"end":{"line":14,"column":4}},"11":{"start":{"line":15,"column":4},"end":{"line":null,"column":-1}},"12":{"start":{"line":18,"column":2},"end":{"line":null,"column":-1}},"13":{"start":{"line":19,"column":17},"end":{"line":19,"column":4}},"14":{"start":{"line":20,"column":4},"end":{"line":null,"column":-1}},"15":{"start":{"line":23,"column":2},"end":{"line":null,"column":-1}},"16":{"start":{"line":24,"column":17},"end":{"line":24,"column":4}},"17":{"start":{"line":25,"column":4},"end":{"line":null,"column":-1}}},"fnMap":{"0":{"name":"(anonymous_1)","decl":{"start":{"line":12,"column":31},"end":{"line":12,"column":36}},"loc":{"start":{"line":12,"column":37},"end":{"line":12,"column":0}}},"1":{"name":"(anonymous_2)","decl":{"start":{"line":13,"column":31},"end":{"line":13,"column":36}},"loc":{"start":{"line":13,"column":37},"end":{"line":13,"column":2}}},"2":{"name":"(anonymous_3)","decl":{"start":{"line":18,"column":30},"end":{"line":18,"column":35}},"loc":{"start":{"line":18,"column":36},"end":{"line":18,"column":2}}},"3":{"name":"(anonymous_4)","decl":{"start":{"line":23,"column":30},"end":{"line":23,"column":35}},"loc":{"start":{"line":23,"column":36},"end":{"line":23,"column":2}}}},"branchMap":{},"s":{"0":1,"1":1,"2":1,"3":1,"4":1,"5":1,"6":1,"7":1,"8":1,"9":1,"10":1,"11":1,"12":1,"13":1,"14":1,"15":1,"16":1,"17":1},"f":{"0":1,"1":1,"2":1,"3":1},"b":{}}
,"/media/my0sot1s/STUDY/DRIVE/wkr/dbwkr/__tests__/process/read.js": {"path":"/media/my0sot1s/STUDY/DRIVE/wkr/dbwkr/__tests__/process/read.js","statementMap":{"0":{"start":{"line":1,"column":0},"end":{"line":null,"column":-1}},"1":{"start":{"line":2,"column":0},"end":{"line":null,"column":-1}},"2":{"start":{"line":3,"column":0},"end":{"line":null,"column":-1}},"3":{"start":{"line":5,"column":0},"end":{"line":null,"column":-1}},"4":{"start":{"line":6,"column":0},"end":{"line":null,"column":-1}},"5":{"start":{"line":8,"column":0},"end":{"line":null,"column":-1}},"6":{"start":{"line":9,"column":15},"end":{"line":9,"column":0}},"7":{"start":{"line":10,"column":0},"end":{"line":null,"column":-1}},"8":{"start":{"line":19,"column":0},"end":{"line":null,"column":-1}},"9":{"start":{"line":20,"column":2},"end":{"line":null,"column":-1}},"10":{"start":{"line":21,"column":17},"end":{"line":21,"column":4}},"11":{"start":{"line":22,"column":4},"end":{"line":null,"column":-1}},"12":{"start":{"line":24,"column":2},"end":{"line":null,"column":-1}},"13":{"start":{"line":25,"column":17},"end":{"line":25,"column":4}},"14":{"start":{"line":26,"column":4},"end":{"line":null,"column":-1}},"15":{"start":{"line":28,"column":2},"end":{"line":null,"column":-1}},"16":{"start":{"line":29,"column":17},"end":{"line":29,"column":4}},"17":{"start":{"line":30,"column":4},"end":{"line":null,"column":-1}},"18":{"start":{"line":32,"column":2},"end":{"line":null,"column":-1}},"19":{"start":{"line":33,"column":17},"end":{"line":33,"column":4}},"20":{"start":{"line":34,"column":4},"end":{"line":null,"column":-1}},"21":{"start":{"line":36,"column":2},"end":{"line":null,"column":-1}},"22":{"start":{"line":37,"column":17},"end":{"line":37,"column":4}},"23":{"start":{"line":38,"column":4},"end":{"line":null,"column":-1}}},"fnMap":{"0":{"name":"(anonymous_1)","decl":{"start":{"line":19,"column":31},"end":{"line":19,"column":36}},"loc":{"start":{"line":19,"column":37},"end":{"line":19,"column":0}}},"1":{"name":"(anonymous_2)","decl":{"start":{"line":20,"column":31},"end":{"line":20,"column":36}},"loc":{"start":{"line":20,"column":37},"end":{"line":20,"column":2}}},"2":{"name":"(anonymous_3)","decl":{"start":{"line":24,"column":53},"end":{"line":24,"column":58}},"loc":{"start":{"line":24,"column":59},"end":{"line":24,"column":2}}},"3":{"name":"(anonymous_4)","decl":{"start":{"line":28,"column":42},"end":{"line":28,"column":47}},"loc":{"start":{"line":28,"column":48},"end":{"line":28,"column":2}}},"4":{"name":"(anonymous_5)","decl":{"start":{"line":32,"column":30},"end":{"line":32,"column":35}},"loc":{"start":{"line":32,"column":36},"end":{"line":32,"column":2}}},"5":{"name":"(anonymous_6)","decl":{"start":{"line":36,"column":30},"end":{"line":36,"column":35}},"loc":{"start":{"line":36,"column":36},"end":{"line":36,"column":2}}}},"branchMap":{},"s":{"0":1,"1":1,"2":1,"3":1,"4":1,"5":1,"6":1,"7":1,"8":1,"9":1,"10":1,"11":1,"12":1,"13":1,"14":1,"15":1,"16":1,"17":1,"18":1,"19":1,"20":1,"21":1,"22":1,"23":1},"f":{"0":1,"1":1,"2":1,"3":1,"4":1,"5":1},"b":{}}
,"/media/my0sot1s/STUDY/DRIVE/wkr/dbwkr/__tests__/process/update.js": {"path":"/media/my0sot1s/STUDY/DRIVE/wkr/dbwkr/__tests__/process/update.js","statementMap":{"0":{"start":{"line":1,"column":0},"end":{"line":null,"column":-1}},"1":{"start":{"line":2,"column":0},"end":{"line":null,"column":-1}},"2":{"start":{"line":3,"column":0},"end":{"line":null,"column":-1}},"3":{"start":{"line":5,"column":0},"end":{"line":null,"column":-1}},"4":{"start":{"line":6,"column":0},"end":{"line":null,"column":-1}},"5":{"start":{"line":8,"column":0},"end":{"line":null,"column":-1}},"6":{"start":{"line":9,"column":15},"end":{"line":9,"column":0}},"7":{"start":{"line":10,"column":0},"end":{"line":null,"column":-1}},"8":{"start":{"line":18,"column":13},"end":{"line":18,"column":0}},"9":{"start":{"line":19,"column":14},"end":{"line":19,"column":0}},"10":{"start":{"line":21,"column":0},"end":{"line":null,"column":-1}},"11":{"start":{"line":22,"column":2},"end":{"line":null,"column":-1}},"12":{"start":{"line":23,"column":19},"end":{"line":23,"column":4}},"13":{"start":{"line":24,"column":4},"end":{"line":null,"column":-1}},"14":{"start":{"line":27,"column":2},"end":{"line":null,"column":-1}},"15":{"start":{"line":28,"column":19},"end":{"line":28,"column":4}},"16":{"start":{"line":29,"column":4},"end":{"line":null,"column":-1}},"17":{"start":{"line":32,"column":2},"end":{"line":null,"column":-1}},"18":{"start":{"line":33,"column":19},"end":{"line":33,"column":4}},"19":{"start":{"line":34,"column":4},"end":{"line":null,"column":-1}},"20":{"start":{"line":37,"column":2},"end":{"line":null,"column":-1}},"21":{"start":{"line":38,"column":19},"end":{"line":38,"column":4}},"22":{"start":{"line":39,"column":4},"end":{"line":null,"column":-1}},"23":{"start":{"line":41,"column":2},"end":{"line":null,"column":-1}},"24":{"start":{"line":42,"column":19},"end":{"line":42,"column":4}},"25":{"start":{"line":43,"column":4},"end":{"line":null,"column":-1}}},"fnMap":{"0":{"name":"(anonymous_1)","decl":{"start":{"line":21,"column":33},"end":{"line":21,"column":38}},"loc":{"start":{"line":21,"column":39},"end":{"line":21,"column":0}}},"1":{"name":"(anonymous_2)","decl":{"start":{"line":22,"column":33},"end":{"line":22,"column":38}},"loc":{"start":{"line":22,"column":39},"end":{"line":22,"column":2}}},"2":{"name":"(anonymous_3)","decl":{"start":{"line":27,"column":40},"end":{"line":27,"column":45}},"loc":{"start":{"line":27,"column":46},"end":{"line":27,"column":2}}},"3":{"name":"(anonymous_4)","decl":{"start":{"line":32,"column":37},"end":{"line":32,"column":42}},"loc":{"start":{"line":32,"column":43},"end":{"line":32,"column":2}}},"4":{"name":"(anonymous_5)","decl":{"start":{"line":37,"column":32},"end":{"line":37,"column":37}},"loc":{"start":{"line":37,"column":38},"end":{"line":37,"column":2}}},"5":{"name":"(anonymous_6)","decl":{"start":{"line":41,"column":32},"end":{"line":41,"column":37}},"loc":{"start":{"line":41,"column":38},"end":{"line":41,"column":2}}}},"branchMap":{},"s":{"0":1,"1":1,"2":1,"3":1,"4":1,"5":1,"6":1,"7":1,"8":1,"9":1,"10":1,"11":1,"12":1,"13":1,"14":1,"15":1,"16":1,"17":1,"18":1,"19":1,"20":1,"21":1,"22":1,"23":1,"24":1,"25":1},"f":{"0":1,"1":1,"2":1,"3":1,"4":1,"5":1},"b":{}}
,"/media/my0sot1s/STUDY/DRIVE/wkr/dbwkr/__tests__/rest/restBase.js": {"path":"/media/my0sot1s/STUDY/DRIVE/wkr/dbwkr/__tests__/rest/restBase.js","statementMap":{"0":{"start":{"line":1,"column":0},"end":{"line":null,"column":-1}},"1":{"start":{"line":2,"column":0},"end":{"line":null,"column":-1}},"2":{"start":{"line":3,"column":0},"end":{"line":null,"column":-1}},"3":{"start":{"line":4,"column":0},"end":{"line":null,"column":-1}},"4":{"start":{"line":6,"column":0},"end":{"line":null,"column":-1}},"5":{"start":{"line":8,"column":0},"end":{"line":null,"column":-1}},"6":{"start":{"line":9,"column":0},"end":{"line":null,"column":-1}},"7":{"start":{"line":10,"column":15},"end":{"line":10,"column":0}},"8":{"start":{"line":12,"column":0},"end":{"line":null,"column":-1}},"9":{"start":{"line":13,"column":2},"end":{"line":null,"column":-1}},"10":{"start":{"line":14,"column":4},"end":{"line":null,"column":-1}},"11":{"start":{"line":16,"column":4},"end":{"line":null,"column":-1}},"12":{"start":{"line":18,"column":2},"end":{"line":null,"column":-1}},"13":{"start":{"line":19,"column":4},"end":{"line":null,"column":-1}},"14":{"start":{"line":22,"column":8},"end":{"line":null,"column":-1}},"15":{"start":{"line":25,"column":8},"end":{"line":null,"column":-1}},"16":{"start":{"line":27,"column":4},"end":{"line":null,"column":-1}},"17":{"start":{"line":30,"column":8},"end":{"line":null,"column":-1}},"18":{"start":{"line":33,"column":8},"end":{"line":null,"column":-1}},"19":{"start":{"line":36,"column":2},"end":{"line":null,"column":-1}},"20":{"start":{"line":37,"column":4},"end":{"line":null,"column":-1}},"21":{"start":{"line":39,"column":8},"end":{"line":null,"column":-1}},"22":{"start":{"line":42,"column":8},"end":{"line":null,"column":-1}},"23":{"start":{"line":45,"column":2},"end":{"line":null,"column":-1}},"24":{"start":{"line":46,"column":4},"end":{"line":null,"column":-1}},"25":{"start":{"line":48,"column":8},"end":{"line":null,"column":-1}},"26":{"start":{"line":51,"column":8},"end":{"line":null,"column":-1}}},"fnMap":{"0":{"name":"(anonymous_1)","decl":{"start":{"line":12,"column":35},"end":{"line":12,"column":40}},"loc":{"start":{"line":12,"column":41},"end":{"line":12,"column":0}}},"1":{"name":"(anonymous_2)","decl":{"start":{"line":13,"column":18},"end":{"line":13,"column":23}},"loc":{"start":{"line":13,"column":24},"end":{"line":13,"column":2}}},"2":{"name":"(anonymous_3)","decl":{"start":{"line":18,"column":20},"end":{"line":18,"column":25}},"loc":{"start":{"line":18,"column":26},"end":{"line":18,"column":2}}},"3":{"name":"(anonymous_4)","decl":{"start":{"line":21,"column":12},"end":{"line":21,"column":18}},"loc":{"start":{"line":21,"column":19},"end":{"line":19,"column":4}}},"4":{"name":"(anonymous_5)","decl":{"start":{"line":24,"column":13},"end":{"line":24,"column":19}},"loc":{"start":{"line":24,"column":20},"end":{"line":19,"column":4}}},"5":{"name":"(anonymous_6)","decl":{"start":{"line":29,"column":12},"end":{"line":29,"column":18}},"loc":{"start":{"line":29,"column":19},"end":{"line":27,"column":4}}},"6":{"name":"(anonymous_7)","decl":{"start":{"line":32,"column":13},"end":{"line":32,"column":19}},"loc":{"start":{"line":32,"column":20},"end":{"line":27,"column":4}}},"7":{"name":"(anonymous_8)","decl":{"start":{"line":36,"column":19},"end":{"line":36,"column":24}},"loc":{"start":{"line":36,"column":25},"end":{"line":36,"column":2}}},"8":{"name":"(anonymous_9)","decl":{"start":{"line":38,"column":12},"end":{"line":38,"column":18}},"loc":{"start":{"line":38,"column":19},"end":{"line":37,"column":4}}},"9":{"name":"(anonymous_10)","decl":{"start":{"line":41,"column":13},"end":{"line":41,"column":19}},"loc":{"start":{"line":41,"column":20},"end":{"line":37,"column":4}}},"10":{"name":"(anonymous_11)","decl":{"start":{"line":45,"column":21},"end":{"line":45,"column":26}},"loc":{"start":{"line":45,"column":27},"end":{"line":45,"column":2}}},"11":{"name":"(anonymous_12)","decl":{"start":{"line":47,"column":12},"end":{"line":47,"column":18}},"loc":{"start":{"line":47,"column":19},"end":{"line":46,"column":4}}},"12":{"name":"(anonymous_13)","decl":{"start":{"line":50,"column":13},"end":{"line":50,"column":19}},"loc":{"start":{"line":50,"column":20},"end":{"line":46,"column":4}}}},"branchMap":{},"s":{"0":1,"1":1,"2":1,"3":1,"4":1,"5":1,"6":1,"7":1,"8":1,"9":1,"10":1,"11":1,"12":1,"13":1,"14":0,"15":0,"16":1,"17":0,"18":0,"19":1,"20":1,"21":0,"22":0,"23":1,"24":1,"25":0,"26":0},"f":{"0":1,"1":1,"2":1,"3":0,"4":0,"5":0,"6":0,"7":1,"8":0,"9":0,"10":1,"11":0,"12":0},"b":{}}
,"/media/my0sot1s/STUDY/DRIVE/wkr/dbwkr/src/initialize.js": {"path":"/media/my0sot1s/STUDY/DRIVE/wkr/dbwkr/src/initialize.js","statementMap":{"0":{"start":{"line":4,"column":0},"end":{"line":null,"column":-1}},"1":{"start":{"line":5,"column":0},"end":{"line":null,"column":-1}},"2":{"start":{"line":6,"column":0},"end":{"line":null,"column":-1}},"3":{"start":{"line":10,"column":0},"end":{"line":12,"column":1}},"4":{"start":{"line":11,"column":2},"end":{"line":null,"column":-1}},"5":{"start":{"line":14,"column":23},"end":{"line":14,"column":0}},"6":{"start":{"line":16,"column":26},"end":{"line":16,"column":0}},"7":{"start":{"line":18,"column":27},"end":{"line":18,"column":0}},"8":{"start":{"line":22,"column":19},"end":{"line":22,"column":0}},"9":{"start":{"line":34,"column":0},"end":{"line":null,"column":-1}}},"fnMap":{},"branchMap":{"0":{"loc":{"start":{"line":10,"column":0},"end":{"line":12,"column":1}},"type":"if","locations":[{"start":{"line":10,"column":0},"end":{"line":12,"column":1}},{"start":{"line":10,"column":0},"end":{"line":12,"column":1}}]},"1":{"loc":{"start":{"line":23,"column":4},"end":{"line":22,"column":19}},"type":"cond-expr","locations":[{"start":{"line":23,"column":4},"end":{"line":22,"column":19}},{"start":{"line":24,"column":4},"end":{"line":22,"column":0}}]}},"s":{"0":1,"1":1,"2":1,"3":1,"4":1,"5":1,"6":1,"7":1,"8":1,"9":1},"f":{},"b":{"0":[1,0],"1":[0,1]}}
,"/media/my0sot1s/STUDY/DRIVE/wkr/dbwkr/src/models/Images.js": {"path":"/media/my0sot1s/STUDY/DRIVE/wkr/dbwkr/src/models/Images.js","statementMap":{"0":{"start":{"line":8,"column":20},"end":{"line":null,"column":-1}},"1":{"start":{"line":9,"column":4},"end":{"line":8,"column":20}},"2":{"start":{"line":10,"column":4},"end":{"line":null,"column":-1}},"3":{"start":{"line":11,"column":4},"end":{"line":null,"column":-1}},"4":{"start":{"line":17,"column":4},"end":{"line":null,"column":-1}},"5":{"start":{"line":27,"column":4},"end":{"line":null,"column":-1}}},"fnMap":{"0":{"name":"Images","decl":{"start":{"line":8,"column":2},"end":{"line":8,"column":13}},"loc":{"start":{"line":8,"column":20},"end":{"line":12,"column":3}}}},"branchMap":{"0":{"loc":{"start":{"line":11,"column":17},"end":{"line":11,"column":16}},"type":"binary-expr","locations":[{"start":{"line":11,"column":17},"end":{"line":11,"column":16}},{"start":{"line":11,"column":31},"end":{"line":11,"column":4}}]}},"s":{"0":1,"1":1,"2":1,"3":1,"4":3,"5":1},"f":{"0":1},"b":{"0":[1,0]}}
,"/media/my0sot1s/STUDY/DRIVE/wkr/dbwkr/src/models/Products.js": {"path":"/media/my0sot1s/STUDY/DRIVE/wkr/dbwkr/src/models/Products.js","statementMap":{"0":{"start":{"line":8,"column":20},"end":{"line":null,"column":-1}},"1":{"start":{"line":9,"column":4},"end":{"line":8,"column":20}},"2":{"start":{"line":10,"column":4},"end":{"line":null,"column":-1}},"3":{"start":{"line":11,"column":4},"end":{"line":null,"column":-1}},"4":{"start":{"line":12,"column":4},"end":{"line":null,"column":-1}},"5":{"start":{"line":13,"column":4},"end":{"line":null,"column":-1}},"6":{"start":{"line":14,"column":4},"end":{"line":null,"column":-1}},"7":{"start":{"line":15,"column":4},"end":{"line":null,"column":-1}},"8":{"start":{"line":16,"column":4},"end":{"line":null,"column":-1}},"9":{"start":{"line":17,"column":4},"end":{"line":null,"column":-1}},"10":{"start":{"line":18,"column":4},"end":{"line":null,"column":-1}},"11":{"start":{"line":19,"column":4},"end":{"line":null,"column":-1}},"12":{"start":{"line":20,"column":4},"end":{"line":null,"column":-1}},"13":{"start":{"line":26,"column":4},"end":{"line":null,"column":-1}},"14":{"start":{"line":45,"column":4},"end":{"line":null,"column":-1}}},"fnMap":{"0":{"name":"Products","decl":{"start":{"line":8,"column":2},"end":{"line":8,"column":13}},"loc":{"start":{"line":8,"column":20},"end":{"line":21,"column":3}}}},"branchMap":{"0":{"loc":{"start":{"line":13,"column":15},"end":{"line":13,"column":14}},"type":"binary-expr","locations":[{"start":{"line":13,"column":15},"end":{"line":13,"column":14}},{"start":{"line":13,"column":27},"end":{"line":13,"column":4}}]},"1":{"loc":{"start":{"line":15,"column":16},"end":{"line":15,"column":15}},"type":"binary-expr","locations":[{"start":{"line":15,"column":16},"end":{"line":15,"column":15}},{"start":{"line":15,"column":29},"end":{"line":15,"column":4}}]},"2":{"loc":{"start":{"line":16,"column":17},"end":{"line":16,"column":38}},"type":"binary-expr","locations":[{"start":{"line":16,"column":17},"end":{"line":16,"column":38}},{"start":{"line":16,"column":39},"end":{"line":16,"column":4}}]},"3":{"loc":{"start":{"line":17,"column":19},"end":{"line":17,"column":42}},"type":"binary-expr","locations":[{"start":{"line":17,"column":19},"end":{"line":17,"column":42}},{"start":{"line":17,"column":43},"end":{"line":17,"column":4}}]},"4":{"loc":{"start":{"line":18,"column":22},"end":{"line":18,"column":21}},"type":"binary-expr","locations":[{"start":{"line":18,"column":22},"end":{"line":18,"column":21}},{"start":{"line":18,"column":41},"end":{"line":18,"column":4}}]},"5":{"loc":{"start":{"line":19,"column":17},"end":{"line":19,"column":38}},"type":"binary-expr","locations":[{"start":{"line":19,"column":17},"end":{"line":19,"column":38}},{"start":{"line":19,"column":39},"end":{"line":19,"column":4}}]},"6":{"loc":{"start":{"line":20,"column":17},"end":{"line":20,"column":38}},"type":"binary-expr","locations":[{"start":{"line":20,"column":17},"end":{"line":20,"column":38}},{"start":{"line":20,"column":39},"end":{"line":20,"column":4}}]}},"s":{"0":1,"1":1,"2":1,"3":1,"4":1,"5":1,"6":1,"7":1,"8":1,"9":1,"10":1,"11":1,"12":1,"13":3,"14":1},"f":{"0":1},"b":{"0":[1,1],"1":[1,1],"2":[1,1],"3":[1,1],"4":[1,1],"5":[1,1],"6":[1,1]}}
,"/media/my0sot1s/STUDY/DRIVE/wkr/dbwkr/src/models/Users.js": {"path":"/media/my0sot1s/STUDY/DRIVE/wkr/dbwkr/src/models/Users.js","statementMap":{"0":{"start":{"line":8,"column":20},"end":{"line":null,"column":-1}},"1":{"start":{"line":9,"column":4},"end":{"line":8,"column":20}},"2":{"start":{"line":10,"column":4},"end":{"line":null,"column":-1}},"3":{"start":{"line":11,"column":4},"end":{"line":null,"column":-1}},"4":{"start":{"line":12,"column":4},"end":{"line":null,"column":-1}},"5":{"start":{"line":13,"column":4},"end":{"line":null,"column":-1}},"6":{"start":{"line":14,"column":4},"end":{"line":null,"column":-1}},"7":{"start":{"line":15,"column":4},"end":{"line":null,"column":-1}},"8":{"start":{"line":21,"column":4},"end":{"line":null,"column":-1}},"9":{"start":{"line":35,"column":4},"end":{"line":null,"column":-1}}},"fnMap":{"0":{"name":"Users","decl":{"start":{"line":8,"column":2},"end":{"line":8,"column":13}},"loc":{"start":{"line":8,"column":20},"end":{"line":16,"column":3}}}},"branchMap":{"0":{"loc":{"start":{"line":10,"column":17},"end":{"line":10,"column":16}},"type":"binary-expr","locations":[{"start":{"line":10,"column":17},"end":{"line":10,"column":16}},{"start":{"line":10,"column":31},"end":{"line":10,"column":4}}]},"1":{"loc":{"start":{"line":11,"column":17},"end":{"line":11,"column":16}},"type":"binary-expr","locations":[{"start":{"line":11,"column":17},"end":{"line":11,"column":16}},{"start":{"line":11,"column":31},"end":{"line":11,"column":4}}]},"2":{"loc":{"start":{"line":12,"column":20},"end":{"line":12,"column":19}},"type":"binary-expr","locations":[{"start":{"line":12,"column":20},"end":{"line":12,"column":19}},{"start":{"line":12,"column":37},"end":{"line":12,"column":4}}]},"3":{"loc":{"start":{"line":13,"column":23},"end":{"line":13,"column":22}},"type":"binary-expr","locations":[{"start":{"line":13,"column":23},"end":{"line":13,"column":22}},{"start":{"line":13,"column":43},"end":{"line":13,"column":4}}]},"4":{"loc":{"start":{"line":15,"column":24},"end":{"line":15,"column":23}},"type":"binary-expr","locations":[{"start":{"line":15,"column":24},"end":{"line":15,"column":23}},{"start":{"line":15,"column":45},"end":{"line":15,"column":4}}]}},"s":{"0":1,"1":1,"2":1,"3":1,"4":1,"5":1,"6":1,"7":1,"8":3,"9":1},"f":{"0":1},"b":{"0":[1,0],"1":[1,0],"2":[1,1],"3":[1,1],"4":[1,1]}}
,"/media/my0sot1s/STUDY/DRIVE/wkr/dbwkr/src/models/detailPost.js": {"path":"/media/my0sot1s/STUDY/DRIVE/wkr/dbwkr/src/models/detailPost.js","statementMap":{"0":{"start":{"line":8,"column":20},"end":{"line":null,"column":-1}},"1":{"start":{"line":9,"column":4},"end":{"line":null,"column":-1}},"2":{"start":{"line":10,"column":4},"end":{"line":null,"column":-1}},"3":{"start":{"line":11,"column":4},"end":{"line":null,"column":-1}},"4":{"start":{"line":12,"column":4},"end":{"line":null,"column":-1}},"5":{"start":{"line":18,"column":4},"end":{"line":null,"column":-1}},"6":{"start":{"line":29,"column":4},"end":{"line":null,"column":-1}}},"fnMap":{"0":{"name":"detailPost","decl":{"start":{"line":8,"column":2},"end":{"line":8,"column":13}},"loc":{"start":{"line":8,"column":20},"end":{"line":13,"column":3}}}},"branchMap":{"0":{"loc":{"start":{"line":10,"column":18},"end":{"line":10,"column":17}},"type":"binary-expr","locations":[{"start":{"line":10,"column":18},"end":{"line":10,"column":17}},{"start":{"line":10,"column":33},"end":{"line":10,"column":4}}]},"1":{"loc":{"start":{"line":12,"column":18},"end":{"line":12,"column":17}},"type":"binary-expr","locations":[{"start":{"line":12,"column":18},"end":{"line":12,"column":17}},{"start":{"line":12,"column":33},"end":{"line":12,"column":4}}]}},"s":{"0":1,"1":1,"2":1,"3":1,"4":1,"5":3,"6":1},"f":{"0":1},"b":{"0":[1,0],"1":[1,1]}}
,"/media/my0sot1s/STUDY/DRIVE/wkr/dbwkr/src/models/index.js": {"path":"/media/my0sot1s/STUDY/DRIVE/wkr/dbwkr/src/models/index.js","statementMap":{"0":{"start":{"line":1,"column":0},"end":{"line":null,"column":-1}},"1":{"start":{"line":2,"column":0},"end":{"line":null,"column":-1}},"2":{"start":{"line":3,"column":0},"end":{"line":null,"column":-1}},"3":{"start":{"line":4,"column":0},"end":{"line":null,"column":-1}},"4":{"start":{"line":5,"column":0},"end":{"line":null,"column":-1}},"5":{"start":{"line":7,"column":13},"end":{"line":7,"column":7}}},"fnMap":{},"branchMap":{},"s":{"0":1,"1":1,"2":1,"3":1,"4":1,"5":1},"f":{},"b":{}}
,"/media/my0sot1s/STUDY/DRIVE/wkr/dbwkr/src/models/listPosts.js": {"path":"/media/my0sot1s/STUDY/DRIVE/wkr/dbwkr/src/models/listPosts.js","statementMap":{"0":{"start":{"line":8,"column":20},"end":{"line":null,"column":-1}},"1":{"start":{"line":9,"column":4},"end":{"line":null,"column":-1}},"2":{"start":{"line":10,"column":4},"end":{"line":null,"column":-1}},"3":{"start":{"line":11,"column":4},"end":{"line":null,"column":-1}},"4":{"start":{"line":12,"column":4},"end":{"line":null,"column":-1}},"5":{"start":{"line":13,"column":4},"end":{"line":null,"column":-1}},"6":{"start":{"line":14,"column":4},"end":{"line":null,"column":-1}},"7":{"start":{"line":15,"column":4},"end":{"line":null,"column":-1}},"8":{"start":{"line":16,"column":4},"end":{"line":null,"column":-1}},"9":{"start":{"line":22,"column":4},"end":{"line":null,"column":-1}},"10":{"start":{"line":37,"column":4},"end":{"line":null,"column":-1}}},"fnMap":{"0":{"name":"listPosts","decl":{"start":{"line":8,"column":2},"end":{"line":8,"column":13}},"loc":{"start":{"line":8,"column":20},"end":{"line":17,"column":3}}}},"branchMap":{"0":{"loc":{"start":{"line":15,"column":22},"end":{"line":15,"column":21}},"type":"binary-expr","locations":[{"start":{"line":15,"column":22},"end":{"line":15,"column":21}},{"start":{"line":15,"column":41},"end":{"line":15,"column":4}}]},"1":{"loc":{"start":{"line":16,"column":18},"end":{"line":16,"column":17}},"type":"binary-expr","locations":[{"start":{"line":16,"column":18},"end":{"line":16,"column":17}},{"start":{"line":16,"column":33},"end":{"line":16,"column":4}}]}},"s":{"0":1,"1":1,"2":1,"3":1,"4":1,"5":1,"6":1,"7":1,"8":1,"9":3,"10":1},"f":{"0":1},"b":{"0":[1,1],"1":[1,1]}}
,"/media/my0sot1s/STUDY/DRIVE/wkr/dbwkr/src/process/Base.js": {"path":"/media/my0sot1s/STUDY/DRIVE/wkr/dbwkr/src/process/Base.js","statementMap":{"0":{"start":{"line":3,"column":0},"end":{"line":null,"column":-1}},"1":{"start":{"line":4,"column":0},"end":{"line":null,"column":-1}},"2":{"start":{"line":5,"column":0},"end":{"line":null,"column":-1}},"3":{"start":{"line":6,"column":0},"end":{"line":null,"column":-1}},"4":{"start":{"line":8,"column":0},"end":{"line":null,"column":-1}},"5":{"start":{"line":9,"column":16},"end":{"line":9,"column":0}},"6":{"start":{"line":11,"column":20},"end":{"line":11,"column":0}},"7":{"start":{"line":20,"column":16},"end":{"line":null,"column":-1}},"8":{"start":{"line":21,"column":4},"end":{"line":null,"column":-1}},"9":{"start":{"line":22,"column":4},"end":{"line":20,"column":16}},"10":{"start":{"line":28,"column":4},"end":{"line":null,"column":-1}},"11":{"start":{"line":35,"column":4},"end":{"line":null,"column":-1}},"12":{"start":{"line":45,"column":21},"end":{"line":null,"column":-1}},"13":{"start":{"line":47,"column":4},"end":{"line":null,"column":-1}},"14":{"start":{"line":48,"column":4},"end":{"line":null,"column":-1}},"15":{"start":{"line":49,"column":4},"end":{"line":null,"column":-1}},"16":{"start":{"line":54,"column":23},"end":{"line":null,"column":-1}},"17":{"start":{"line":55,"column":4},"end":{"line":null,"column":-1}},"18":{"start":{"line":56,"column":6},"end":{"line":68,"column":7}},"19":{"start":{"line":57,"column":8},"end":{"line":null,"column":-1}},"20":{"start":{"line":58,"column":10},"end":{"line":64,"column":11}},"21":{"start":{"line":59,"column":12},"end":{"line":null,"column":-1}},"22":{"start":{"line":60,"column":12},"end":{"line":null,"column":-1}},"23":{"start":{"line":63,"column":12},"end":{"line":null,"column":-1}},"24":{"start":{"line":67,"column":8},"end":{"line":null,"column":-1}},"25":{"start":{"line":76,"column":4},"end":{"line":86,"column":5}},"26":{"start":{"line":77,"column":6},"end":{"line":83,"column":7}},"27":{"start":{"line":78,"column":8},"end":{"line":null,"column":-1}},"28":{"start":{"line":79,"column":8},"end":{"line":null,"column":-1}},"29":{"start":{"line":82,"column":8},"end":{"line":null,"column":-1}},"30":{"start":{"line":85,"column":6},"end":{"line":null,"column":-1}},"31":{"start":{"line":93,"column":4},"end":{"line":104,"column":5}},"32":{"start":{"line":94,"column":6},"end":{"line":null,"column":-1}},"33":{"start":{"line":95,"column":8},"end":{"line":null,"column":-1}},"34":{"start":{"line":96,"column":8},"end":{"line":null,"column":-1}},"35":{"start":{"line":100,"column":6},"end":{"line":null,"column":-1}},"36":{"start":{"line":101,"column":8},"end":{"line":null,"column":-1}},"37":{"start":{"line":102,"column":8},"end":{"line":null,"column":-1}}},"fnMap":{"0":{"name":"IBaseProcess","decl":{"start":{"line":20,"column":2},"end":{"line":20,"column":15}},"loc":{"start":{"line":20,"column":16},"end":{"line":23,"column":3}}},"1":{"name":"BaseProcess","decl":{"start":{"line":45,"column":2},"end":{"line":45,"column":13}},"loc":{"start":{"line":45,"column":21},"end":{"line":50,"column":3}}},"2":{"name":"(anonymous_16)","decl":{"start":{"line":55,"column":23},"end":{"line":55,"column":23}},"loc":{"start":{"line":55,"column":44},"end":{"line":55,"column":11}}},"3":{"name":"(anonymous_17)","decl":{"start":{"line":57,"column":38},"end":{"line":57,"column":38}},"loc":{"start":{"line":57,"column":51},"end":{"line":57,"column":8}}},"4":{"name":"(anonymous_20)","decl":{"start":{"line":94,"column":32},"end":{"line":94,"column":39}},"loc":{"start":{"line":94,"column":40},"end":{"line":94,"column":6}}},"5":{"name":"(anonymous_21)","decl":{"start":{"line":100,"column":27},"end":{"line":100,"column":33}},"loc":{"start":{"line":100,"column":34},"end":{"line":100,"column":6}}}},"branchMap":{"0":{"loc":{"start":{"line":45,"column":21},"end":{"line":null,"column":-1}},"type":"binary-expr","locations":[{"start":{"line":45,"column":21},"end":{"line":null,"column":-1}},{"start":{"line":45,"column":21},"end":{"line":null,"column":-1}}]},"1":{"loc":{"start":{"line":49,"column":39},"end":{"line":49,"column":17}},"type":"cond-expr","locations":[{"start":{"line":49,"column":39},"end":{"line":49,"column":17}},{"start":{"line":49,"column":47},"end":{"line":49,"column":4}}]},"2":{"loc":{"start":{"line":58,"column":10},"end":{"line":64,"column":11}},"type":"if","locations":[{"start":{"line":58,"column":10},"end":{"line":64,"column":11}},{"start":{"line":58,"column":10},"end":{"line":64,"column":11}}]},"3":{"loc":{"start":{"line":58,"column":14},"end":{"line":58,"column":20}},"type":"binary-expr","locations":[{"start":{"line":58,"column":14},"end":{"line":58,"column":20}},{"start":{"line":58,"column":21},"end":{"line":58,"column":14}},{"start":{"line":58,"column":48},"end":{"line":58,"column":10}}]},"4":{"loc":{"start":{"line":60,"column":19},"end":{"line":60,"column":25}},"type":"binary-expr","locations":[{"start":{"line":60,"column":19},"end":{"line":60,"column":25}},{"start":{"line":60,"column":26},"end":{"line":60,"column":12}}]},"5":{"loc":{"start":{"line":77,"column":6},"end":{"line":83,"column":7}},"type":"if","locations":[{"start":{"line":77,"column":6},"end":{"line":83,"column":7}},{"start":{"line":77,"column":6},"end":{"line":83,"column":7}}]},"6":{"loc":{"start":{"line":93,"column":4},"end":{"line":104,"column":5}},"type":"if","locations":[{"start":{"line":93,"column":4},"end":{"line":104,"column":5}},{"start":{"line":93,"column":4},"end":{"line":104,"column":5}}]},"7":{"loc":{"start":{"line":93,"column":8},"end":{"line":93,"column":7}},"type":"binary-expr","locations":[{"start":{"line":93,"column":8},"end":{"line":93,"column":7}},{"start":{"line":93,"column":29},"end":{"line":93,"column":4}}]},"8":{"loc":{"start":{"line":93,"column":29},"end":{"line":93,"column":35}},"type":"cond-expr","locations":[{"start":{"line":93,"column":29},"end":{"line":93,"column":35}},{"start":{"line":93,"column":29},"end":{"line":93,"column":43}}]}},"s":{"0":1,"1":1,"2":1,"3":1,"4":1,"5":1,"6":1,"7":26,"8":26,"9":26,"10":1,"11":2,"12":75,"13":25,"14":25,"15":25,"16":14,"17":14,"18":14,"19":14,"20":0,"21":0,"22":0,"23":0,"24":14,"25":2,"26":2,"27":1,"28":1,"29":1,"30":0,"31":2,"32":1,"33":4,"34":4,"35":1,"36":1,"37":0},"f":{"0":26,"1":25,"2":14,"3":0,"4":4,"5":1},"b":{"0":[25,0],"1":[20,5],"2":[0,0],"3":[0,0,0],"4":[0,0],"5":[1,1],"6":[1,1],"7":[2,1],"8":[0,1]}}
,"/media/my0sot1s/STUDY/DRIVE/wkr/dbwkr/src/process/create.js": {"path":"/media/my0sot1s/STUDY/DRIVE/wkr/dbwkr/src/process/create.js","statementMap":{"0":{"start":{"line":3,"column":0},"end":{"line":null,"column":-1}},"1":{"start":{"line":4,"column":0},"end":{"line":null,"column":-1}},"2":{"start":{"line":5,"column":0},"end":{"line":null,"column":-1}},"3":{"start":{"line":6,"column":16},"end":{"line":6,"column":0}},"4":{"start":{"line":13,"column":14},"end":{"line":null,"column":-1}},"5":{"start":{"line":14,"column":4},"end":{"line":null,"column":-1}},"6":{"start":{"line":15,"column":6},"end":{"line":null,"column":-1}},"7":{"start":{"line":16,"column":17},"end":{"line":16,"column":6}},"8":{"start":{"line":17,"column":6},"end":{"line":52,"column":7}},"9":{"start":{"line":18,"column":8},"end":{"line":null,"column":-1}},"10":{"start":{"line":19,"column":8},"end":{"line":null,"column":-1}},"11":{"start":{"line":21,"column":11},"end":{"line":52,"column":7}},"12":{"start":{"line":22,"column":8},"end":{"line":null,"column":-1}},"13":{"start":{"line":23,"column":8},"end":{"line":null,"column":-1}},"14":{"start":{"line":26,"column":19},"end":{"line":26,"column":8}},"15":{"start":{"line":27,"column":8},"end":{"line":40,"column":9}},"16":{"start":{"line":28,"column":10},"end":{"line":null,"column":-1}},"17":{"start":{"line":30,"column":10},"end":{"line":null,"column":-1}},"18":{"start":{"line":32,"column":10},"end":{"line":null,"column":-1}},"19":{"start":{"line":34,"column":10},"end":{"line":null,"column":-1}},"20":{"start":{"line":36,"column":10},"end":{"line":null,"column":-1}},"21":{"start":{"line":39,"column":10},"end":{"line":null,"column":-1}},"22":{"start":{"line":41,"column":8},"end":{"line":null,"column":-1}},"23":{"start":{"line":43,"column":12},"end":{"line":null,"column":-1}},"24":{"start":{"line":44,"column":14},"end":{"line":null,"column":-1}},"25":{"start":{"line":45,"column":14},"end":{"line":null,"column":-1}},"26":{"start":{"line":49,"column":12},"end":{"line":null,"column":-1}},"27":{"start":{"line":50,"column":12},"end":{"line":null,"column":-1}}},"fnMap":{"0":{"name":"(anonymous_10)","decl":{"start":{"line":14,"column":23},"end":{"line":14,"column":23}},"loc":{"start":{"line":14,"column":44},"end":{"line":14,"column":11}}},"1":{"name":"(anonymous_11)","decl":{"start":{"line":42,"column":16},"end":{"line":42,"column":23}},"loc":{"start":{"line":42,"column":24},"end":{"line":41,"column":8}}},"2":{"name":"(anonymous_12)","decl":{"start":{"line":43,"column":39},"end":{"line":43,"column":46}},"loc":{"start":{"line":43,"column":47},"end":{"line":43,"column":12}}},"3":{"name":"(anonymous_13)","decl":{"start":{"line":48,"column":17},"end":{"line":48,"column":23}},"loc":{"start":{"line":48,"column":24},"end":{"line":41,"column":8}}}},"branchMap":{"0":{"loc":{"start":{"line":17,"column":6},"end":{"line":52,"column":7}},"type":"if","locations":[{"start":{"line":17,"column":6},"end":{"line":52,"column":7}},{"start":{"line":17,"column":6},"end":{"line":52,"column":7}}]},"1":{"loc":{"start":{"line":21,"column":11},"end":{"line":52,"column":7}},"type":"if","locations":[{"start":{"line":21,"column":11},"end":{"line":52,"column":7}},{"start":{"line":21,"column":11},"end":{"line":52,"column":7}}]},"2":{"loc":{"start":{"line":21,"column":15},"end":{"line":21,"column":14}},"type":"binary-expr","locations":[{"start":{"line":21,"column":15},"end":{"line":21,"column":14}},{"start":{"line":21,"column":35},"end":{"line":21,"column":15}},{"start":{"line":21,"column":57},"end":{"line":21,"column":15}},{"start":{"line":21,"column":72},"end":{"line":21,"column":11}}]},"3":{"loc":{"start":{"line":27,"column":8},"end":{"line":40,"column":9}},"type":"if","locations":[{"start":{"line":27,"column":8},"end":{"line":40,"column":9}},{"start":{"line":27,"column":8},"end":{"line":40,"column":9}}]}},"s":{"0":1,"1":1,"2":1,"3":1,"4":6,"5":6,"6":6,"7":6,"8":5,"9":1,"10":1,"11":4,"12":0,"13":0,"14":4,"15":4,"16":3,"17":0,"18":0,"19":0,"20":0,"21":1,"22":1,"23":0,"24":0,"25":0,"26":1,"27":1},"f":{"0":6,"1":0,"2":0,"3":1},"b":{"0":[1,4],"1":[0,4],"2":[4,4,4,4],"3":[3,1]}}
,"/media/my0sot1s/STUDY/DRIVE/wkr/dbwkr/src/process/deleted.js": {"path":"/media/my0sot1s/STUDY/DRIVE/wkr/dbwkr/src/process/deleted.js","statementMap":{"0":{"start":{"line":3,"column":0},"end":{"line":null,"column":-1}},"1":{"start":{"line":4,"column":0},"end":{"line":null,"column":-1}},"2":{"start":{"line":5,"column":0},"end":{"line":null,"column":-1}},"3":{"start":{"line":8,"column":0},"end":{"line":null,"column":-1}},"4":{"start":{"line":6,"column":16},"end":{"line":6,"column":0}},"5":{"start":{"line":15,"column":14},"end":{"line":null,"column":-1}},"6":{"start":{"line":16,"column":4},"end":{"line":null,"column":-1}},"7":{"start":{"line":17,"column":6},"end":{"line":19,"column":7}},"8":{"start":{"line":18,"column":8},"end":{"line":null,"column":-1}},"9":{"start":{"line":20,"column":6},"end":{"line":22,"column":7}},"10":{"start":{"line":21,"column":8},"end":{"line":20,"column":55}},"11":{"start":{"line":23,"column":6},"end":{"line":null,"column":-1}},"12":{"start":{"line":25,"column":10},"end":{"line":null,"column":-1}},"13":{"start":{"line":26,"column":12},"end":{"line":null,"column":-1}},"14":{"start":{"line":27,"column":12},"end":{"line":null,"column":-1}},"15":{"start":{"line":31,"column":10},"end":{"line":null,"column":-1}},"16":{"start":{"line":32,"column":10},"end":{"line":null,"column":-1}}},"fnMap":{"0":{"name":"(anonymous_10)","decl":{"start":{"line":16,"column":23},"end":{"line":16,"column":23}},"loc":{"start":{"line":16,"column":44},"end":{"line":16,"column":11}}},"1":{"name":"(anonymous_11)","decl":{"start":{"line":24,"column":14},"end":{"line":24,"column":21}},"loc":{"start":{"line":24,"column":22},"end":{"line":23,"column":6}}},"2":{"name":"(anonymous_12)","decl":{"start":{"line":25,"column":36},"end":{"line":25,"column":43}},"loc":{"start":{"line":25,"column":44},"end":{"line":25,"column":10}}},"3":{"name":"(anonymous_13)","decl":{"start":{"line":30,"column":15},"end":{"line":30,"column":21}},"loc":{"start":{"line":30,"column":22},"end":{"line":23,"column":6}}}},"branchMap":{"0":{"loc":{"start":{"line":17,"column":6},"end":{"line":19,"column":7}},"type":"if","locations":[{"start":{"line":17,"column":6},"end":{"line":19,"column":7}},{"start":{"line":17,"column":6},"end":{"line":19,"column":7}}]},"1":{"loc":{"start":{"line":20,"column":6},"end":{"line":22,"column":7}},"type":"if","locations":[{"start":{"line":20,"column":6},"end":{"line":22,"column":7}},{"start":{"line":20,"column":6},"end":{"line":22,"column":7}}]}},"s":{"0":1,"1":1,"2":1,"3":1,"4":1,"5":4,"6":4,"7":4,"8":1,"9":4,"10":2,"11":4,"12":0,"13":0,"14":0,"15":4,"16":4},"f":{"0":4,"1":0,"2":0,"3":4},"b":{"0":[1,3],"1":[2,2]}}
,"/media/my0sot1s/STUDY/DRIVE/wkr/dbwkr/src/process/find.js": {"path":"/media/my0sot1s/STUDY/DRIVE/wkr/dbwkr/src/process/find.js","statementMap":{"0":{"start":{"line":3,"column":0},"end":{"line":null,"column":-1}},"1":{"start":{"line":4,"column":0},"end":{"line":null,"column":-1}},"2":{"start":{"line":7,"column":0},"end":{"line":null,"column":-1}},"3":{"start":{"line":5,"column":16},"end":{"line":5,"column":0}},"4":{"start":{"line":14,"column":17},"end":{"line":null,"column":-1}},"5":{"start":{"line":15,"column":4},"end":{"line":null,"column":-1}},"6":{"start":{"line":16,"column":6},"end":{"line":null,"column":-1}},"7":{"start":{"line":17,"column":6},"end":{"line":19,"column":7}},"8":{"start":{"line":18,"column":8},"end":{"line":null,"column":-1}},"9":{"start":{"line":20,"column":6},"end":{"line":null,"column":-1}},"10":{"start":{"line":22,"column":10},"end":{"line":null,"column":-1}},"11":{"start":{"line":23,"column":12},"end":{"line":28,"column":13}},"12":{"start":{"line":24,"column":14},"end":{"line":null,"column":-1}},"13":{"start":{"line":27,"column":14},"end":{"line":null,"column":-1}},"14":{"start":{"line":32,"column":10},"end":{"line":null,"column":-1}},"15":{"start":{"line":33,"column":10},"end":{"line":null,"column":-1}}},"fnMap":{"0":{"name":"(anonymous_10)","decl":{"start":{"line":15,"column":23},"end":{"line":15,"column":23}},"loc":{"start":{"line":15,"column":44},"end":{"line":15,"column":11}}},"1":{"name":"(anonymous_11)","decl":{"start":{"line":21,"column":14},"end":{"line":21,"column":21}},"loc":{"start":{"line":21,"column":22},"end":{"line":20,"column":6}}},"2":{"name":"(anonymous_12)","decl":{"start":{"line":22,"column":38},"end":{"line":22,"column":38}},"loc":{"start":{"line":22,"column":53},"end":{"line":22,"column":10}}},"3":{"name":"(anonymous_13)","decl":{"start":{"line":31,"column":15},"end":{"line":31,"column":21}},"loc":{"start":{"line":31,"column":22},"end":{"line":20,"column":6}}}},"branchMap":{"0":{"loc":{"start":{"line":17,"column":6},"end":{"line":19,"column":7}},"type":"if","locations":[{"start":{"line":17,"column":6},"end":{"line":19,"column":7}},{"start":{"line":17,"column":6},"end":{"line":19,"column":7}}]},"1":{"loc":{"start":{"line":23,"column":12},"end":{"line":28,"column":13}},"type":"if","locations":[{"start":{"line":23,"column":12},"end":{"line":28,"column":13}},{"start":{"line":23,"column":12},"end":{"line":28,"column":13}}]}},"s":{"0":1,"1":1,"2":1,"3":1,"4":3,"5":3,"6":3,"7":3,"8":1,"9":3,"10":0,"11":0,"12":0,"13":0,"14":3,"15":3},"f":{"0":3,"1":0,"2":0,"3":3},"b":{"0":[1,2],"1":[0,0]}}
,"/media/my0sot1s/STUDY/DRIVE/wkr/dbwkr/src/process/index.js": {"path":"/media/my0sot1s/STUDY/DRIVE/wkr/dbwkr/src/process/index.js","statementMap":{"0":{"start":{"line":5,"column":0},"end":{"line":null,"column":-1}},"1":{"start":{"line":6,"column":0},"end":{"line":null,"column":-1}},"2":{"start":{"line":7,"column":0},"end":{"line":null,"column":-1}},"3":{"start":{"line":8,"column":0},"end":{"line":null,"column":-1}},"4":{"start":{"line":9,"column":0},"end":{"line":null,"column":-1}},"5":{"start":{"line":10,"column":0},"end":{"line":null,"column":-1}}},"fnMap":{},"branchMap":{},"s":{"0":1,"1":1,"2":1,"3":1,"4":1,"5":1},"f":{},"b":{}}
,"/media/my0sot1s/STUDY/DRIVE/wkr/dbwkr/src/process/read.js": {"path":"/media/my0sot1s/STUDY/DRIVE/wkr/dbwkr/src/process/read.js","statementMap":{"0":{"start":{"line":3,"column":0},"end":{"line":null,"column":-1}},"1":{"start":{"line":4,"column":0},"end":{"line":null,"column":-1}},"2":{"start":{"line":5,"column":0},"end":{"line":null,"column":-1}},"3":{"start":{"line":7,"column":0},"end":{"line":null,"column":-1}},"4":{"start":{"line":6,"column":16},"end":{"line":6,"column":0}},"5":{"start":{"line":14,"column":9},"end":{"line":null,"column":-1}},"6":{"start":{"line":15,"column":4},"end":{"line":null,"column":-1}},"7":{"start":{"line":16,"column":6},"end":{"line":58,"column":7}},"8":{"start":{"line":17,"column":8},"end":{"line":null,"column":-1}},"9":{"start":{"line":20,"column":8},"end":{"line":57,"column":9}},"10":{"start":{"line":22,"column":10},"end":{"line":null,"column":-1}},"11":{"start":{"line":24,"column":14},"end":{"line":null,"column":-1}},"12":{"start":{"line":25,"column":16},"end":{"line":47,"column":17}},"13":{"start":{"line":26,"column":18},"end":{"line":null,"column":-1}},"14":{"start":{"line":29,"column":28},"end":{"line":29,"column":18}},"15":{"start":{"line":30,"column":18},"end":{"line":46,"column":19}},"16":{"start":{"line":31,"column":20},"end":{"line":34,"column":21}},"17":{"start":{"line":32,"column":22},"end":{"line":null,"column":-1}},"18":{"start":{"line":33,"column":22},"end":{"line":null,"column":-1}},"19":{"start":{"line":38,"column":20},"end":{"line":45,"column":21}},"20":{"start":{"line":39,"column":22},"end":{"line":null,"column":-1}},"21":{"start":{"line":40,"column":22},"end":{"line":42,"column":23}},"22":{"start":{"line":41,"column":24},"end":{"line":null,"column":-1}},"23":{"start":{"line":43,"column":22},"end":{"line":null,"column":-1}},"24":{"start":{"line":44,"column":22},"end":{"line":null,"column":-1}},"25":{"start":{"line":51,"column":14},"end":{"line":null,"column":-1}},"26":{"start":{"line":52,"column":14},"end":{"line":null,"column":-1}},"27":{"start":{"line":55,"column":10},"end":{"line":null,"column":-1}},"28":{"start":{"line":56,"column":10},"end":{"line":null,"column":-1}}},"fnMap":{"0":{"name":"(anonymous_10)","decl":{"start":{"line":15,"column":23},"end":{"line":15,"column":23}},"loc":{"start":{"line":15,"column":44},"end":{"line":15,"column":11}}},"1":{"name":"(anonymous_11)","decl":{"start":{"line":23,"column":18},"end":{"line":23,"column":25}},"loc":{"start":{"line":23,"column":26},"end":{"line":22,"column":10}}},"2":{"name":"(anonymous_12)","decl":{"start":{"line":24,"column":36},"end":{"line":24,"column":36}},"loc":{"start":{"line":24,"column":51},"end":{"line":24,"column":14}}},"3":{"name":"(anonymous_13)","decl":{"start":{"line":50,"column":19},"end":{"line":50,"column":25}},"loc":{"start":{"line":50,"column":26},"end":{"line":22,"column":10}}}},"branchMap":{"0":{"loc":{"start":{"line":16,"column":6},"end":{"line":58,"column":7}},"type":"if","locations":[{"start":{"line":16,"column":6},"end":{"line":58,"column":7}},{"start":{"line":16,"column":6},"end":{"line":58,"column":7}}]},"1":{"loc":{"start":{"line":20,"column":8},"end":{"line":57,"column":9}},"type":"if","locations":[{"start":{"line":20,"column":8},"end":{"line":57,"column":9}},{"start":{"line":20,"column":8},"end":{"line":57,"column":9}}]},"2":{"loc":{"start":{"line":20,"column":12},"end":{"line":20,"column":11}},"type":"binary-expr","locations":[{"start":{"line":20,"column":12},"end":{"line":20,"column":11}},{"start":{"line":21,"column":13},"end":{"line":20,"column":8}}]},"3":{"loc":{"start":{"line":25,"column":16},"end":{"line":47,"column":17}},"type":"if","locations":[{"start":{"line":25,"column":16},"end":{"line":47,"column":17}},{"start":{"line":25,"column":16},"end":{"line":47,"column":17}}]},"4":{"loc":{"start":{"line":30,"column":18},"end":{"line":46,"column":19}},"type":"if","locations":[{"start":{"line":30,"column":18},"end":{"line":46,"column":19}},{"start":{"line":30,"column":18},"end":{"line":46,"column":19}}]},"5":{"loc":{"start":{"line":40,"column":22},"end":{"line":42,"column":23}},"type":"if","locations":[{"start":{"line":40,"column":22},"end":{"line":42,"column":23}},{"start":{"line":40,"column":22},"end":{"line":42,"column":23}}]}},"s":{"0":1,"1":1,"2":1,"3":1,"4":1,"5":5,"6":5,"7":5,"8":1,"9":4,"10":4,"11":0,"12":0,"13":0,"14":0,"15":0,"16":0,"17":0,"18":0,"19":0,"20":0,"21":0,"22":0,"23":0,"24":0,"25":4,"26":4,"27":0,"28":0},"f":{"0":5,"1":0,"2":0,"3":4},"b":{"0":[1,4],"1":[4,0],"2":[4,2],"3":[0,0],"4":[0,0],"5":[0,0]}}
,"/media/my0sot1s/STUDY/DRIVE/wkr/dbwkr/src/process/update.js": {"path":"/media/my0sot1s/STUDY/DRIVE/wkr/dbwkr/src/process/update.js","statementMap":{"0":{"start":{"line":3,"column":0},"end":{"line":null,"column":-1}},"1":{"start":{"line":4,"column":0},"end":{"line":null,"column":-1}},"2":{"start":{"line":5,"column":0},"end":{"line":null,"column":-1}},"3":{"start":{"line":6,"column":0},"end":{"line":null,"column":-1}},"4":{"start":{"line":7,"column":16},"end":{"line":7,"column":0}},"5":{"start":{"line":14,"column":14},"end":{"line":null,"column":-1}},"6":{"start":{"line":15,"column":4},"end":{"line":null,"column":-1}},"7":{"start":{"line":16,"column":6},"end":{"line":18,"column":7}},"8":{"start":{"line":17,"column":8},"end":{"line":null,"column":-1}},"9":{"start":{"line":19,"column":17},"end":{"line":19,"column":6}},"10":{"start":{"line":20,"column":6},"end":{"line":22,"column":7}},"11":{"start":{"line":21,"column":8},"end":{"line":null,"column":-1}},"12":{"start":{"line":23,"column":17},"end":{"line":23,"column":6}},"13":{"start":{"line":24,"column":6},"end":{"line":30,"column":7}},"14":{"start":{"line":25,"column":8},"end":{"line":null,"column":-1}},"15":{"start":{"line":26,"column":8},"end":{"line":null,"column":-1}},"16":{"start":{"line":29,"column":8},"end":{"line":null,"column":-1}},"17":{"start":{"line":31,"column":6},"end":{"line":null,"column":-1}},"18":{"start":{"line":33,"column":10},"end":{"line":null,"column":-1}},"19":{"start":{"line":34,"column":12},"end":{"line":null,"column":-1}},"20":{"start":{"line":38,"column":10},"end":{"line":null,"column":-1}},"21":{"start":{"line":39,"column":10},"end":{"line":null,"column":-1}}},"fnMap":{"0":{"name":"(anonymous_10)","decl":{"start":{"line":15,"column":23},"end":{"line":15,"column":23}},"loc":{"start":{"line":15,"column":44},"end":{"line":15,"column":11}}},"1":{"name":"(anonymous_11)","decl":{"start":{"line":32,"column":14},"end":{"line":32,"column":21}},"loc":{"start":{"line":32,"column":22},"end":{"line":31,"column":6}}},"2":{"name":"(anonymous_12)","decl":{"start":{"line":33,"column":64},"end":{"line":33,"column":71}},"loc":{"start":{"line":33,"column":72},"end":{"line":33,"column":10}}},"3":{"name":"(anonymous_13)","decl":{"start":{"line":37,"column":15},"end":{"line":37,"column":21}},"loc":{"start":{"line":37,"column":22},"end":{"line":31,"column":6}}}},"branchMap":{"0":{"loc":{"start":{"line":16,"column":6},"end":{"line":18,"column":7}},"type":"if","locations":[{"start":{"line":16,"column":6},"end":{"line":18,"column":7}},{"start":{"line":16,"column":6},"end":{"line":18,"column":7}}]},"1":{"loc":{"start":{"line":20,"column":6},"end":{"line":22,"column":7}},"type":"if","locations":[{"start":{"line":20,"column":6},"end":{"line":22,"column":7}},{"start":{"line":20,"column":6},"end":{"line":22,"column":7}}]},"2":{"loc":{"start":{"line":20,"column":10},"end":{"line":20,"column":9}},"type":"binary-expr","locations":[{"start":{"line":20,"column":10},"end":{"line":20,"column":9}},{"start":{"line":20,"column":27},"end":{"line":20,"column":6}}]},"3":{"loc":{"start":{"line":24,"column":6},"end":{"line":30,"column":7}},"type":"if","locations":[{"start":{"line":24,"column":6},"end":{"line":30,"column":7}},{"start":{"line":24,"column":6},"end":{"line":30,"column":7}}]}},"s":{"0":1,"1":1,"2":1,"3":1,"4":1,"5":5,"6":5,"7":5,"8":1,"9":5,"10":4,"11":2,"12":2,"13":2,"14":1,"15":0,"16":1,"17":1,"18":0,"19":0,"20":1,"21":1},"f":{"0":5,"1":0,"2":0,"3":1},"b":{"0":[1,4],"1":[2,0],"2":[4,3],"3":[1,1]}}
,"/media/my0sot1s/STUDY/DRIVE/wkr/dbwkr/src/rest/restBase.js": {"path":"/media/my0sot1s/STUDY/DRIVE/wkr/dbwkr/src/rest/restBase.js","statementMap":{"0":{"start":{"line":2,"column":0},"end":{"line":null,"column":-1}},"1":{"start":{"line":10,"column":0},"end":{"line":null,"column":-1}},"2":{"start":{"line":12,"column":0},"end":{"line":null,"column":-1}},"3":{"start":{"line":13,"column":0},"end":{"line":null,"column":-1}},"4":{"start":{"line":11,"column":16},"end":{"line":11,"column":0}},"5":{"start":{"line":14,"column":15},"end":{"line":14,"column":0}},"6":{"start":{"line":16,"column":0},"end":{"line":null,"column":-1}},"7":{"start":{"line":22,"column":4},"end":{"line":28,"column":5}},"8":{"start":{"line":23,"column":6},"end":{"line":null,"column":-1}},"9":{"start":{"line":24,"column":6},"end":{"line":null,"column":-1}},"10":{"start":{"line":25,"column":6},"end":{"line":null,"column":-1}},"11":{"start":{"line":27,"column":6},"end":{"line":null,"column":-1}},"12":{"start":{"line":32,"column":17},"end":{"line":32,"column":4}},"13":{"start":{"line":33,"column":4},"end":{"line":null,"column":-1}},"14":{"start":{"line":34,"column":6},"end":{"line":40,"column":7}},"15":{"start":{"line":35,"column":8},"end":{"line":null,"column":-1}},"16":{"start":{"line":36,"column":8},"end":{"line":null,"column":-1}},"17":{"start":{"line":39,"column":8},"end":{"line":null,"column":-1}},"18":{"start":{"line":42,"column":6},"end":{"line":null,"column":-1}},"19":{"start":{"line":43,"column":6},"end":{"line":null,"column":-1}},"20":{"start":{"line":47,"column":17},"end":{"line":47,"column":4}},"21":{"start":{"line":48,"column":4},"end":{"line":null,"column":-1}},"22":{"start":{"line":50,"column":8},"end":{"line":55,"column":9}},"23":{"start":{"line":51,"column":10},"end":{"line":null,"column":-1}},"24":{"start":{"line":54,"column":10},"end":{"line":null,"column":-1}},"25":{"start":{"line":58,"column":8},"end":{"line":null,"column":-1}},"26":{"start":{"line":59,"column":8},"end":{"line":null,"column":-1}},"27":{"start":{"line":63,"column":18},"end":{"line":63,"column":4}},"28":{"start":{"line":64,"column":4},"end":{"line":null,"column":-1}},"29":{"start":{"line":66,"column":8},"end":{"line":71,"column":9}},"30":{"start":{"line":67,"column":10},"end":{"line":null,"column":-1}},"31":{"start":{"line":70,"column":10},"end":{"line":null,"column":-1}},"32":{"start":{"line":74,"column":8},"end":{"line":null,"column":-1}},"33":{"start":{"line":75,"column":8},"end":{"line":null,"column":-1}},"34":{"start":{"line":79,"column":17},"end":{"line":79,"column":4}},"35":{"start":{"line":80,"column":4},"end":{"line":null,"column":-1}},"36":{"start":{"line":82,"column":8},"end":{"line":87,"column":9}},"37":{"start":{"line":83,"column":10},"end":{"line":null,"column":-1}},"38":{"start":{"line":86,"column":10},"end":{"line":null,"column":-1}},"39":{"start":{"line":90,"column":8},"end":{"line":null,"column":-1}},"40":{"start":{"line":91,"column":8},"end":{"line":null,"column":-1}},"41":{"start":{"line":95,"column":18},"end":{"line":95,"column":4}},"42":{"start":{"line":96,"column":4},"end":{"line":null,"column":-1}},"43":{"start":{"line":98,"column":8},"end":{"line":103,"column":9}},"44":{"start":{"line":99,"column":10},"end":{"line":null,"column":-1}},"45":{"start":{"line":102,"column":10},"end":{"line":null,"column":-1}},"46":{"start":{"line":106,"column":8},"end":{"line":null,"column":-1}},"47":{"start":{"line":107,"column":8},"end":{"line":null,"column":-1}}},"fnMap":{"0":{"name":"(anonymous_1)","decl":{"start":{"line":21,"column":18},"end":{"line":21,"column":18}},"loc":{"start":{"line":21,"column":32},"end":{"line":16,"column":0}}},"1":{"name":"(anonymous_2)","decl":{"start":{"line":31,"column":15},"end":{"line":31,"column":15}},"loc":{"start":{"line":31,"column":29},"end":{"line":16,"column":0}}},"2":{"name":"(anonymous_3)","decl":{"start":{"line":33,"column":23},"end":{"line":33,"column":30}},"loc":{"start":{"line":33,"column":31},"end":{"line":33,"column":4}}},"3":{"name":"(anonymous_4)","decl":{"start":{"line":41,"column":13},"end":{"line":41,"column":21}},"loc":{"start":{"line":41,"column":22},"end":{"line":33,"column":4}}},"4":{"name":"(anonymous_5)","decl":{"start":{"line":46,"column":23},"end":{"line":46,"column":23}},"loc":{"start":{"line":46,"column":37},"end":{"line":16,"column":0}}},"5":{"name":"(anonymous_6)","decl":{"start":{"line":49,"column":12},"end":{"line":49,"column":19}},"loc":{"start":{"line":49,"column":20},"end":{"line":48,"column":4}}},"6":{"name":"(anonymous_7)","decl":{"start":{"line":57,"column":13},"end":{"line":57,"column":21}},"loc":{"start":{"line":57,"column":22},"end":{"line":48,"column":4}}},"7":{"name":"(anonymous_8)","decl":{"start":{"line":62,"column":16},"end":{"line":62,"column":16}},"loc":{"start":{"line":62,"column":30},"end":{"line":16,"column":0}}},"8":{"name":"(anonymous_9)","decl":{"start":{"line":65,"column":12},"end":{"line":65,"column":19}},"loc":{"start":{"line":65,"column":20},"end":{"line":64,"column":4}}},"9":{"name":"(anonymous_10)","decl":{"start":{"line":73,"column":13},"end":{"line":73,"column":21}},"loc":{"start":{"line":73,"column":22},"end":{"line":64,"column":4}}},"10":{"name":"(anonymous_11)","decl":{"start":{"line":78,"column":15},"end":{"line":78,"column":15}},"loc":{"start":{"line":78,"column":29},"end":{"line":16,"column":0}}},"11":{"name":"(anonymous_12)","decl":{"start":{"line":81,"column":12},"end":{"line":81,"column":19}},"loc":{"start":{"line":81,"column":20},"end":{"line":80,"column":4}}},"12":{"name":"(anonymous_13)","decl":{"start":{"line":89,"column":13},"end":{"line":89,"column":21}},"loc":{"start":{"line":89,"column":22},"end":{"line":80,"column":4}}},"13":{"name":"(anonymous_14)","decl":{"start":{"line":94,"column":18},"end":{"line":94,"column":18}},"loc":{"start":{"line":94,"column":32},"end":{"line":16,"column":0}}},"14":{"name":"(anonymous_15)","decl":{"start":{"line":97,"column":12},"end":{"line":97,"column":19}},"loc":{"start":{"line":97,"column":20},"end":{"line":96,"column":4}}},"15":{"name":"(anonymous_16)","decl":{"start":{"line":105,"column":13},"end":{"line":105,"column":21}},"loc":{"start":{"line":105,"column":22},"end":{"line":96,"column":4}}}},"branchMap":{"0":{"loc":{"start":{"line":34,"column":6},"end":{"line":40,"column":7}},"type":"if","locations":[{"start":{"line":34,"column":6},"end":{"line":40,"column":7}},{"start":{"line":34,"column":6},"end":{"line":40,"column":7}}]},"1":{"loc":{"start":{"line":36,"column":29},"end":{"line":36,"column":36}},"type":"binary-expr","locations":[{"start":{"line":36,"column":29},"end":{"line":36,"column":36}},{"start":{"line":36,"column":37},"end":{"line":36,"column":8}}]},"2":{"loc":{"start":{"line":50,"column":8},"end":{"line":55,"column":9}},"type":"if","locations":[{"start":{"line":50,"column":8},"end":{"line":55,"column":9}},{"start":{"line":50,"column":8},"end":{"line":55,"column":9}}]},"3":{"loc":{"start":{"line":51,"column":31},"end":{"line":51,"column":38}},"type":"binary-expr","locations":[{"start":{"line":51,"column":31},"end":{"line":51,"column":38}},{"start":{"line":51,"column":39},"end":{"line":51,"column":10}}]},"4":{"loc":{"start":{"line":66,"column":8},"end":{"line":71,"column":9}},"type":"if","locations":[{"start":{"line":66,"column":8},"end":{"line":71,"column":9}},{"start":{"line":66,"column":8},"end":{"line":71,"column":9}}]},"5":{"loc":{"start":{"line":67,"column":31},"end":{"line":67,"column":38}},"type":"binary-expr","locations":[{"start":{"line":67,"column":31},"end":{"line":67,"column":38}},{"start":{"line":67,"column":39},"end":{"line":67,"column":10}}]},"6":{"loc":{"start":{"line":82,"column":8},"end":{"line":87,"column":9}},"type":"if","locations":[{"start":{"line":82,"column":8},"end":{"line":87,"column":9}},{"start":{"line":82,"column":8},"end":{"line":87,"column":9}}]},"7":{"loc":{"start":{"line":83,"column":31},"end":{"line":83,"column":38}},"type":"binary-expr","locations":[{"start":{"line":83,"column":31},"end":{"line":83,"column":38}},{"start":{"line":83,"column":39},"end":{"line":83,"column":10}}]},"8":{"loc":{"start":{"line":98,"column":8},"end":{"line":103,"column":9}},"type":"if","locations":[{"start":{"line":98,"column":8},"end":{"line":103,"column":9}},{"start":{"line":98,"column":8},"end":{"line":103,"column":9}}]},"9":{"loc":{"start":{"line":99,"column":31},"end":{"line":99,"column":38}},"type":"binary-expr","locations":[{"start":{"line":99,"column":31},"end":{"line":99,"column":38}},{"start":{"line":99,"column":39},"end":{"line":99,"column":10}}]}},"s":{"0":1,"1":1,"2":1,"3":1,"4":1,"5":1,"6":1,"7":0,"8":0,"9":0,"10":0,"11":0,"12":0,"13":0,"14":0,"15":0,"16":0,"17":0,"18":0,"19":0,"20":0,"21":0,"22":0,"23":0,"24":0,"25":0,"26":0,"27":0,"28":0,"29":0,"30":0,"31":0,"32":0,"33":0,"34":0,"35":0,"36":0,"37":0,"38":0,"39":0,"40":0,"41":0,"42":0,"43":0,"44":0,"45":0,"46":0,"47":0},"f":{"0":0,"1":0,"2":0,"3":0,"4":0,"5":0,"6":0,"7":0,"8":0,"9":0,"10":0,"11":0,"12":0,"13":0,"14":0,"15":0},"b":{"0":[0,0],"1":[0,0],"2":[0,0],"3":[0,0],"4":[0,0],"5":[0,0],"6":[0,0],"7":[0,0],"8":[0,0],"9":[0,0]}}
,"/media/my0sot1s/STUDY/DRIVE/wkr/dbwkr/src/storages/index.js": {"path":"/media/my0sot1s/STUDY/DRIVE/wkr/dbwkr/src/storages/index.js","statementMap":{"0":{"start":{"line":1,"column":16},"end":{"line":1,"column":0}},"1":{"start":{"line":23,"column":13},"end":{"line":23,"column":7}},"2":{"start":{"line":24,"column":2},"end":{"line":23,"column":44}}},"fnMap":{"0":{"name":"dynamicClass","decl":{"start":{"line":23,"column":13},"end":{"line":23,"column":28}},"loc":{"start":{"line":23,"column":44},"end":{"line":23,"column":7}}}},"branchMap":{},"s":{"0":1,"1":1,"2":4},"f":{"0":4},"b":{}}
}
