TN:
SF:/media/my0sot1s/STUDY/DRIVE/wkr/dbwkr/globals.js
FN:3,dbGenUrl
FN:19,middleware
FN:26,middlewareUpload
FN:35,destination
FN:38,filename
FN:39,(anonymous_5)
FN:44,checkall
FN:52,toText
FNF:8
FNH:2
FNDA:25,dbGenUrl
FNDA:0,middleware
FNDA:0,middlewareUpload
FNDA:0,destination
FNDA:0,filename
FNDA:0,(anonymous_5)
FNDA:4,checkall
FNDA:0,toText
DA:1,1
DA:2,1
DA:4,25
DA:5,25
DA:8,0
DA:20,0
DA:21,0
DA:22,0
DA:23,0
DA:24,0
DA:27,0
DA:28,0
DA:29,0
DA:30,0
DA:31,0
DA:32,0
DA:36,0
DA:39,0
DA:40,0
DA:45,4
DA:46,4
DA:47,4
DA:48,0
DA:49,0
DA:53,0
DA:54,0
DA:60,0
DA:64,1
LF:28
LH:8
BRDA:4,0,0,25
BRDA:4,0,1,0
BRDA:46,1,0,4
BRDA:46,1,1,0
BRF:4
BRH:2
end_of_record
TN:
SF:/media/my0sot1s/STUDY/DRIVE/wkr/dbwkr/__tests__/models/Images.js
FN:10,(anonymous_1)
FN:18,(anonymous_2)
FN:23,(anonymous_3)
FNF:3
FNH:3
FNDA:1,(anonymous_1)
FNDA:1,(anonymous_2)
FNDA:1,(anonymous_3)
DA:1,1
DA:2,1
DA:4,1
DA:5,1
DA:10,1
DA:12,1
DA:17,1
DA:18,1
DA:19,1
DA:20,1
DA:21,1
DA:23,1
DA:24,1
LF:13
LH:13
BRF:0
BRH:0
end_of_record
TN:
SF:/media/my0sot1s/STUDY/DRIVE/wkr/dbwkr/__tests__/models/Products.js
FN:14,(anonymous_1)
FN:22,(anonymous_2)
FN:27,(anonymous_3)
FNF:3
FNH:3
FNDA:1,(anonymous_1)
FNDA:1,(anonymous_2)
FNDA:1,(anonymous_3)
DA:1,1
DA:2,1
DA:4,1
DA:5,1
DA:6,1
DA:7,1
DA:8,1
DA:9,1
DA:14,1
DA:16,1
DA:21,1
DA:22,1
DA:23,1
DA:24,1
DA:25,1
DA:27,1
DA:28,1
LF:17
LH:17
BRF:0
BRH:0
end_of_record
TN:
SF:/media/my0sot1s/STUDY/DRIVE/wkr/dbwkr/__tests__/models/Users.js
FN:10,(anonymous_1)
FN:18,(anonymous_2)
FN:23,(anonymous_3)
FNF:3
FNH:3
FNDA:1,(anonymous_1)
FNDA:1,(anonymous_2)
FNDA:1,(anonymous_3)
DA:1,1
DA:2,1
DA:4,1
DA:5,1
DA:10,1
DA:12,1
DA:17,1
DA:18,1
DA:19,1
DA:20,1
DA:21,1
DA:23,1
DA:24,1
LF:13
LH:13
BRF:0
BRH:0
end_of_record
TN:
SF:/media/my0sot1s/STUDY/DRIVE/wkr/dbwkr/__tests__/models/detailPost.js
FN:11,(anonymous_1)
FN:19,(anonymous_2)
FN:24,(anonymous_3)
FNF:3
FNH:3
FNDA:1,(anonymous_1)
FNDA:1,(anonymous_2)
FNDA:1,(anonymous_3)
DA:1,1
DA:2,1
DA:4,1
DA:6,1
DA:11,1
DA:13,1
DA:18,1
DA:19,1
DA:20,1
DA:21,1
DA:22,1
DA:24,1
DA:25,1
LF:13
LH:13
BRF:0
BRH:0
end_of_record
TN:
SF:/media/my0sot1s/STUDY/DRIVE/wkr/dbwkr/__tests__/models/index.js
FN:11,(anonymous_1)
FN:13,(anonymous_2)
FNF:2
FNH:2
FNDA:1,(anonymous_1)
FNDA:1,(anonymous_2)
DA:1,1
DA:2,1
DA:4,1
DA:5,1
DA:6,1
DA:11,1
DA:13,1
DA:14,1
LF:8
LH:8
BRF:0
BRH:0
end_of_record
TN:
SF:/media/my0sot1s/STUDY/DRIVE/wkr/dbwkr/__tests__/models/listPosts.js
FN:11,(anonymous_1)
FN:19,(anonymous_2)
FN:24,(anonymous_3)
FNF:3
FNH:3
FNDA:1,(anonymous_1)
FNDA:1,(anonymous_2)
FNDA:1,(anonymous_3)
DA:1,1
DA:2,1
DA:4,1
DA:6,1
DA:11,1
DA:13,1
DA:18,1
DA:19,1
DA:20,1
DA:21,1
DA:22,1
DA:24,1
DA:25,1
LF:13
LH:13
BRF:0
BRH:0
end_of_record
TN:
SF:/media/my0sot1s/STUDY/DRIVE/wkr/dbwkr/__tests__/process/Base.js
FN:17,(anonymous_1)
FN:18,(anonymous_2)
FN:21,(anonymous_3)
FN:29,(anonymous_4)
FN:30,(anonymous_5)
FN:31,(anonymous_6)
FN:33,(anonymous_7)
FN:37,(anonymous_8)
FN:39,close
FN:43,(anonymous_10)
FN:47,(anonymous_11)
FN:52,(anonymous_12)
FNF:12
FNH:11
FNDA:1,(anonymous_1)
FNDA:1,(anonymous_2)
FNDA:1,(anonymous_3)
FNDA:1,(anonymous_4)
FNDA:1,(anonymous_5)
FNDA:0,(anonymous_6)
FNDA:1,(anonymous_7)
FNDA:1,(anonymous_8)
FNDA:1,close
FNDA:1,(anonymous_10)
FNDA:1,(anonymous_11)
FNDA:1,(anonymous_12)
DA:1,1
DA:2,1
DA:3,1
DA:5,1
DA:7,1
DA:8,1
DA:11,1
DA:12,1
DA:17,1
DA:18,1
DA:19,1
DA:21,1
DA:22,1
DA:23,1
DA:29,1
DA:30,1
DA:31,1
DA:32,0
DA:34,1
DA:37,1
DA:38,1
DA:39,1
DA:41,1
DA:43,1
DA:44,1
DA:45,1
DA:47,1
DA:48,1
DA:49,1
DA:50,0
DA:52,1
DA:53,1
DA:54,1
DA:55,0
DA:56,0
LF:35
LH:31
BRF:0
BRH:0
end_of_record
TN:
SF:/media/my0sot1s/STUDY/DRIVE/wkr/dbwkr/__tests__/process/create.js
FN:21,(anonymous_1)
FN:22,(anonymous_2)
FN:26,(anonymous_3)
FN:30,(anonymous_4)
FN:34,(anonymous_5)
FN:38,(anonymous_6)
FN:42,(anonymous_7)
FNF:7
FNH:7
FNDA:1,(anonymous_1)
FNDA:1,(anonymous_2)
FNDA:1,(anonymous_3)
FNDA:1,(anonymous_4)
FNDA:1,(anonymous_5)
FNDA:1,(anonymous_6)
FNDA:1,(anonymous_7)
DA:1,1
DA:2,1
DA:3,1
DA:5,1
DA:6,1
DA:8,1
DA:9,1
DA:10,1
DA:18,1
DA:19,1
DA:21,1
DA:22,1
DA:23,1
DA:24,1
DA:26,1
DA:27,1
DA:28,1
DA:30,1
DA:31,1
DA:32,1
DA:34,1
DA:35,1
DA:36,1
DA:38,1
DA:39,1
DA:40,1
DA:42,1
DA:43,1
DA:44,1
LF:29
LH:29
BRF:0
BRH:0
end_of_record
TN:
SF:/media/my0sot1s/STUDY/DRIVE/wkr/dbwkr/__tests__/process/deleted.js
FN:20,(anonymous_1)
FN:21,(anonymous_2)
FN:25,(anonymous_3)
FN:29,(anonymous_4)
FN:33,(anonymous_5)
FN:37,(anonymous_6)
FNF:6
FNH:6
FNDA:1,(anonymous_1)
FNDA:1,(anonymous_2)
FNDA:1,(anonymous_3)
FNDA:1,(anonymous_4)
FNDA:1,(anonymous_5)
FNDA:1,(anonymous_6)
DA:1,1
DA:2,1
DA:3,1
DA:5,1
DA:6,1
DA:8,1
DA:9,1
DA:11,1
DA:12,1
DA:20,1
DA:21,1
DA:22,1
DA:23,1
DA:25,1
DA:26,1
DA:27,1
DA:29,1
DA:30,1
DA:31,1
DA:33,1
DA:34,1
DA:35,1
DA:37,1
DA:38,1
DA:39,1
LF:25
LH:25
BRF:0
BRH:0
end_of_record
TN:
SF:/media/my0sot1s/STUDY/DRIVE/wkr/dbwkr/__tests__/process/find.js
FN:12,(anonymous_1)
FN:13,(anonymous_2)
FN:18,(anonymous_3)
FN:23,(anonymous_4)
FNF:4
FNH:4
FNDA:1,(anonymous_1)
FNDA:1,(anonymous_2)
FNDA:1,(anonymous_3)
FNDA:1,(anonymous_4)
DA:1,1
DA:2,1
DA:3,1
DA:5,1
DA:6,1
DA:8,1
DA:9,1
DA:11,1
DA:12,1
DA:13,1
DA:14,1
DA:15,1
DA:18,1
DA:19,1
DA:20,1
DA:23,1
DA:24,1
DA:25,1
LF:18
LH:18
BRF:0
BRH:0
end_of_record
TN:
SF:/media/my0sot1s/STUDY/DRIVE/wkr/dbwkr/__tests__/process/read.js
FN:19,(anonymous_1)
FN:20,(anonymous_2)
FN:24,(anonymous_3)
FN:28,(anonymous_4)
FN:32,(anonymous_5)
FN:36,(anonymous_6)
FNF:6
FNH:6
FNDA:1,(anonymous_1)
FNDA:1,(anonymous_2)
FNDA:1,(anonymous_3)
FNDA:1,(anonymous_4)
FNDA:1,(anonymous_5)
FNDA:1,(anonymous_6)
DA:1,1
DA:2,1
DA:3,1
DA:5,1
DA:6,1
DA:8,1
DA:9,1
DA:10,1
DA:19,1
DA:20,1
DA:21,1
DA:22,1
DA:24,1
DA:25,1
DA:26,1
DA:28,1
DA:29,1
DA:30,1
DA:32,1
DA:33,1
DA:34,1
DA:36,1
DA:37,1
DA:38,1
LF:24
LH:24
BRF:0
BRH:0
end_of_record
TN:
SF:/media/my0sot1s/STUDY/DRIVE/wkr/dbwkr/__tests__/process/update.js
FN:21,(anonymous_1)
FN:22,(anonymous_2)
FN:27,(anonymous_3)
FN:32,(anonymous_4)
FN:37,(anonymous_5)
FN:41,(anonymous_6)
FNF:6
FNH:6
FNDA:1,(anonymous_1)
FNDA:1,(anonymous_2)
FNDA:1,(anonymous_3)
FNDA:1,(anonymous_4)
FNDA:1,(anonymous_5)
FNDA:1,(anonymous_6)
DA:1,1
DA:2,1
DA:3,1
DA:5,1
DA:6,1
DA:8,1
DA:9,1
DA:10,1
DA:18,1
DA:19,1
DA:21,1
DA:22,1
DA:23,1
DA:24,1
DA:27,1
DA:28,1
DA:29,1
DA:32,1
DA:33,1
DA:34,1
DA:37,1
DA:38,1
DA:39,1
DA:41,1
DA:42,1
DA:43,1
LF:26
LH:26
BRF:0
BRH:0
end_of_record
TN:
SF:/media/my0sot1s/STUDY/DRIVE/wkr/dbwkr/__tests__/rest/restBase.js
FN:12,(anonymous_1)
FN:13,(anonymous_2)
FN:18,(anonymous_3)
FN:21,(anonymous_4)
FN:24,(anonymous_5)
FN:29,(anonymous_6)
FN:32,(anonymous_7)
FN:36,(anonymous_8)
FN:38,(anonymous_9)
FN:41,(anonymous_10)
FN:45,(anonymous_11)
FN:47,(anonymous_12)
FN:50,(anonymous_13)
FNF:13
FNH:5
FNDA:1,(anonymous_1)
FNDA:1,(anonymous_2)
FNDA:1,(anonymous_3)
FNDA:0,(anonymous_4)
FNDA:0,(anonymous_5)
FNDA:0,(anonymous_6)
FNDA:0,(anonymous_7)
FNDA:1,(anonymous_8)
FNDA:0,(anonymous_9)
FNDA:0,(anonymous_10)
FNDA:1,(anonymous_11)
FNDA:0,(anonymous_12)
FNDA:0,(anonymous_13)
DA:1,1
DA:2,1
DA:3,1
DA:4,1
DA:6,1
DA:8,1
DA:9,1
DA:10,1
DA:12,1
DA:13,1
DA:14,1
DA:16,1
DA:18,1
DA:19,1
DA:22,0
DA:25,0
DA:27,1
DA:30,0
DA:33,0
DA:36,1
DA:37,1
DA:39,0
DA:42,0
DA:45,1
DA:46,1
DA:48,0
DA:51,0
LF:27
LH:19
BRF:0
BRH:0
end_of_record
TN:
SF:/media/my0sot1s/STUDY/DRIVE/wkr/dbwkr/src/initialize.js
FNF:0
FNH:0
DA:4,1
DA:5,1
DA:6,1
DA:10,1
DA:11,1
DA:14,1
DA:16,1
DA:18,1
DA:22,1
DA:34,1
LF:10
LH:10
BRDA:10,0,0,1
BRDA:10,0,1,0
BRDA:23,1,0,0
BRDA:23,1,1,1
BRF:4
BRH:2
end_of_record
TN:
SF:/media/my0sot1s/STUDY/DRIVE/wkr/dbwkr/src/models/Images.js
FN:8,Images
FNF:1
FNH:1
FNDA:1,Images
DA:8,1
DA:9,1
DA:10,1
DA:11,1
DA:17,3
DA:27,1
LF:6
LH:6
BRDA:11,0,0,1
BRDA:11,0,1,0
BRF:2
BRH:1
end_of_record
TN:
SF:/media/my0sot1s/STUDY/DRIVE/wkr/dbwkr/src/models/Products.js
FN:8,Products
FNF:1
FNH:1
FNDA:1,Products
DA:8,1
DA:9,1
DA:10,1
DA:11,1
DA:12,1
DA:13,1
DA:14,1
DA:15,1
DA:16,1
DA:17,1
DA:18,1
DA:19,1
DA:20,1
DA:26,3
DA:45,1
LF:15
LH:15
BRDA:13,0,0,1
BRDA:13,0,1,1
BRDA:15,1,0,1
BRDA:15,1,1,1
BRDA:16,2,0,1
BRDA:16,2,1,1
BRDA:17,3,0,1
BRDA:17,3,1,1
BRDA:18,4,0,1
BRDA:18,4,1,1
BRDA:19,5,0,1
BRDA:19,5,1,1
BRDA:20,6,0,1
BRDA:20,6,1,1
BRF:14
BRH:14
end_of_record
TN:
SF:/media/my0sot1s/STUDY/DRIVE/wkr/dbwkr/src/models/Users.js
FN:8,Users
FNF:1
FNH:1
FNDA:1,Users
DA:8,1
DA:9,1
DA:10,1
DA:11,1
DA:12,1
DA:13,1
DA:14,1
DA:15,1
DA:21,3
DA:35,1
LF:10
LH:10
BRDA:10,0,0,1
BRDA:10,0,1,0
BRDA:11,1,0,1
BRDA:11,1,1,0
BRDA:12,2,0,1
BRDA:12,2,1,1
BRDA:13,3,0,1
BRDA:13,3,1,1
BRDA:15,4,0,1
BRDA:15,4,1,1
BRF:10
BRH:8
end_of_record
TN:
SF:/media/my0sot1s/STUDY/DRIVE/wkr/dbwkr/src/models/detailPost.js
FN:8,detailPost
FNF:1
FNH:1
FNDA:1,detailPost
DA:8,1
DA:9,1
DA:10,1
DA:11,1
DA:12,1
DA:18,3
DA:29,1
LF:7
LH:7
BRDA:10,0,0,1
BRDA:10,0,1,0
BRDA:12,1,0,1
BRDA:12,1,1,1
BRF:4
BRH:3
end_of_record
TN:
SF:/media/my0sot1s/STUDY/DRIVE/wkr/dbwkr/src/models/index.js
FNF:0
FNH:0
DA:1,1
DA:2,1
DA:3,1
DA:4,1
DA:5,1
DA:7,1
LF:6
LH:6
BRF:0
BRH:0
end_of_record
TN:
SF:/media/my0sot1s/STUDY/DRIVE/wkr/dbwkr/src/models/listPosts.js
FN:8,listPosts
FNF:1
FNH:1
FNDA:1,listPosts
DA:8,1
DA:9,1
DA:10,1
DA:11,1
DA:12,1
DA:13,1
DA:14,1
DA:15,1
DA:16,1
DA:22,3
DA:37,1
LF:11
LH:11
BRDA:15,0,0,1
BRDA:15,0,1,1
BRDA:16,1,0,1
BRDA:16,1,1,1
BRF:4
BRH:4
end_of_record
TN:
SF:/media/my0sot1s/STUDY/DRIVE/wkr/dbwkr/src/process/Base.js
FN:20,IBaseProcess
FN:45,BaseProcess
FN:55,(anonymous_16)
FN:57,(anonymous_17)
FN:94,(anonymous_20)
FN:100,(anonymous_21)
FNF:6
FNH:5
FNDA:26,IBaseProcess
FNDA:25,BaseProcess
FNDA:14,(anonymous_16)
FNDA:0,(anonymous_17)
FNDA:4,(anonymous_20)
FNDA:1,(anonymous_21)
DA:3,1
DA:4,1
DA:5,1
DA:6,1
DA:8,1
DA:9,1
DA:11,1
DA:20,26
DA:21,26
DA:22,26
DA:28,1
DA:35,2
DA:45,75
DA:47,25
DA:48,25
DA:49,25
DA:54,14
DA:55,14
DA:56,14
DA:57,14
DA:58,0
DA:59,0
DA:60,0
DA:63,0
DA:67,14
DA:76,2
DA:77,2
DA:78,1
DA:79,1
DA:82,1
DA:85,0
DA:93,2
DA:94,1
DA:95,4
DA:96,4
DA:100,1
DA:101,1
DA:102,0
LF:38
LH:32
BRDA:45,0,0,25
BRDA:45,0,1,0
BRDA:49,1,0,20
BRDA:49,1,1,5
BRDA:58,2,0,0
BRDA:58,2,1,0
BRDA:58,3,0,0
BRDA:58,3,1,0
BRDA:58,3,2,0
BRDA:60,4,0,0
BRDA:60,4,1,0
BRDA:77,5,0,1
BRDA:77,5,1,1
BRDA:93,6,0,1
BRDA:93,6,1,1
BRDA:93,7,0,2
BRDA:93,7,1,1
BRDA:93,8,0,0
BRDA:93,8,1,1
BRF:19
BRH:10
end_of_record
TN:
SF:/media/my0sot1s/STUDY/DRIVE/wkr/dbwkr/src/process/create.js
FN:14,(anonymous_10)
FN:42,(anonymous_11)
FN:43,(anonymous_12)
FN:48,(anonymous_13)
FNF:4
FNH:2
FNDA:6,(anonymous_10)
FNDA:0,(anonymous_11)
FNDA:0,(anonymous_12)
FNDA:1,(anonymous_13)
DA:3,1
DA:4,1
DA:5,1
DA:6,1
DA:13,6
DA:14,6
DA:15,6
DA:16,6
DA:17,5
DA:18,1
DA:19,1
DA:21,4
DA:22,0
DA:23,0
DA:26,4
DA:27,4
DA:28,3
DA:30,0
DA:32,0
DA:34,0
DA:36,0
DA:39,1
DA:41,1
DA:43,0
DA:44,0
DA:45,0
DA:49,1
DA:50,1
LF:28
LH:19
BRDA:17,0,0,1
BRDA:17,0,1,4
BRDA:21,1,0,0
BRDA:21,1,1,4
BRDA:21,2,0,4
BRDA:21,2,1,4
BRDA:21,2,2,4
BRDA:21,2,3,4
BRDA:27,3,0,3
BRDA:27,3,1,1
BRF:10
BRH:9
end_of_record
TN:
SF:/media/my0sot1s/STUDY/DRIVE/wkr/dbwkr/src/process/deleted.js
FN:16,(anonymous_10)
FN:24,(anonymous_11)
FN:25,(anonymous_12)
FN:30,(anonymous_13)
FNF:4
FNH:2
FNDA:4,(anonymous_10)
FNDA:0,(anonymous_11)
FNDA:0,(anonymous_12)
FNDA:4,(anonymous_13)
DA:3,1
DA:4,1
DA:5,1
DA:6,1
DA:8,1
DA:15,4
DA:16,4
DA:17,4
DA:18,1
DA:20,4
DA:21,2
DA:23,4
DA:25,0
DA:26,0
DA:27,0
DA:31,4
DA:32,4
LF:17
LH:14
BRDA:17,0,0,1
BRDA:17,0,1,3
BRDA:20,1,0,2
BRDA:20,1,1,2
BRF:4
BRH:4
end_of_record
TN:
SF:/media/my0sot1s/STUDY/DRIVE/wkr/dbwkr/src/process/find.js
FN:15,(anonymous_10)
FN:21,(anonymous_11)
FN:22,(anonymous_12)
FN:31,(anonymous_13)
FNF:4
FNH:2
FNDA:3,(anonymous_10)
FNDA:0,(anonymous_11)
FNDA:0,(anonymous_12)
FNDA:3,(anonymous_13)
DA:3,1
DA:4,1
DA:5,1
DA:7,1
DA:14,3
DA:15,3
DA:16,3
DA:17,3
DA:18,1
DA:20,3
DA:22,0
DA:23,0
DA:24,0
DA:27,0
DA:32,3
DA:33,3
LF:16
LH:12
BRDA:17,0,0,1
BRDA:17,0,1,2
BRDA:23,1,0,0
BRDA:23,1,1,0
BRF:4
BRH:2
end_of_record
TN:
SF:/media/my0sot1s/STUDY/DRIVE/wkr/dbwkr/src/process/index.js
FNF:0
FNH:0
DA:5,1
DA:6,1
DA:7,1
DA:8,1
DA:9,1
DA:10,1
LF:6
LH:6
BRF:0
BRH:0
end_of_record
TN:
SF:/media/my0sot1s/STUDY/DRIVE/wkr/dbwkr/src/process/read.js
FN:15,(anonymous_10)
FN:23,(anonymous_11)
FN:24,(anonymous_12)
FN:50,(anonymous_13)
FNF:4
FNH:2
FNDA:5,(anonymous_10)
FNDA:0,(anonymous_11)
FNDA:0,(anonymous_12)
FNDA:4,(anonymous_13)
DA:3,1
DA:4,1
DA:5,1
DA:6,1
DA:7,1
DA:14,5
DA:15,5
DA:16,5
DA:17,1
DA:20,4
DA:22,4
DA:24,0
DA:25,0
DA:26,0
DA:29,0
DA:30,0
DA:31,0
DA:32,0
DA:33,0
DA:38,0
DA:39,0
DA:40,0
DA:41,0
DA:43,0
DA:44,0
DA:51,4
DA:52,4
DA:55,0
DA:56,0
LF:29
LH:13
BRDA:16,0,0,1
BRDA:16,0,1,4
BRDA:20,1,0,4
BRDA:20,1,1,0
BRDA:20,2,0,4
BRDA:20,2,1,2
BRDA:25,3,0,0
BRDA:25,3,1,0
BRDA:30,4,0,0
BRDA:30,4,1,0
BRDA:40,5,0,0
BRDA:40,5,1,0
BRF:12
BRH:5
end_of_record
TN:
SF:/media/my0sot1s/STUDY/DRIVE/wkr/dbwkr/src/process/update.js
FN:15,(anonymous_10)
FN:32,(anonymous_11)
FN:33,(anonymous_12)
FN:37,(anonymous_13)
FNF:4
FNH:2
FNDA:5,(anonymous_10)
FNDA:0,(anonymous_11)
FNDA:0,(anonymous_12)
FNDA:1,(anonymous_13)
DA:3,1
DA:4,1
DA:5,1
DA:6,1
DA:7,1
DA:14,5
DA:15,5
DA:16,5
DA:17,1
DA:19,5
DA:20,4
DA:21,2
DA:23,2
DA:24,2
DA:25,1
DA:26,0
DA:29,1
DA:31,1
DA:33,0
DA:34,0
DA:38,1
DA:39,1
LF:22
LH:19
BRDA:16,0,0,1
BRDA:16,0,1,4
BRDA:20,1,0,2
BRDA:20,1,1,0
BRDA:20,2,0,4
BRDA:20,2,1,3
BRDA:24,3,0,1
BRDA:24,3,1,1
BRF:8
BRH:7
end_of_record
TN:
SF:/media/my0sot1s/STUDY/DRIVE/wkr/dbwkr/src/rest/restBase.js
FN:21,(anonymous_1)
FN:31,(anonymous_2)
FN:33,(anonymous_3)
FN:41,(anonymous_4)
FN:46,(anonymous_5)
FN:49,(anonymous_6)
FN:57,(anonymous_7)
FN:62,(anonymous_8)
FN:65,(anonymous_9)
FN:73,(anonymous_10)
FN:78,(anonymous_11)
FN:81,(anonymous_12)
FN:89,(anonymous_13)
FN:94,(anonymous_14)
FN:97,(anonymous_15)
FN:105,(anonymous_16)
FNF:16
FNH:0
FNDA:0,(anonymous_1)
FNDA:0,(anonymous_2)
FNDA:0,(anonymous_3)
FNDA:0,(anonymous_4)
FNDA:0,(anonymous_5)
FNDA:0,(anonymous_6)
FNDA:0,(anonymous_7)
FNDA:0,(anonymous_8)
FNDA:0,(anonymous_9)
FNDA:0,(anonymous_10)
FNDA:0,(anonymous_11)
FNDA:0,(anonymous_12)
FNDA:0,(anonymous_13)
FNDA:0,(anonymous_14)
FNDA:0,(anonymous_15)
FNDA:0,(anonymous_16)
DA:2,1
DA:10,1
DA:11,1
DA:12,1
DA:13,1
DA:14,1
DA:16,1
DA:22,0
DA:23,0
DA:24,0
DA:25,0
DA:27,0
DA:32,0
DA:33,0
DA:34,0
DA:35,0
DA:36,0
DA:39,0
DA:42,0
DA:43,0
DA:47,0
DA:48,0
DA:50,0
DA:51,0
DA:54,0
DA:58,0
DA:59,0
DA:63,0
DA:64,0
DA:66,0
DA:67,0
DA:70,0
DA:74,0
DA:75,0
DA:79,0
DA:80,0
DA:82,0
DA:83,0
DA:86,0
DA:90,0
DA:91,0
DA:95,0
DA:96,0
DA:98,0
DA:99,0
DA:102,0
DA:106,0
DA:107,0
LF:48
LH:7
BRDA:34,0,0,0
BRDA:34,0,1,0
BRDA:36,1,0,0
BRDA:36,1,1,0
BRDA:50,2,0,0
BRDA:50,2,1,0
BRDA:51,3,0,0
BRDA:51,3,1,0
BRDA:66,4,0,0
BRDA:66,4,1,0
BRDA:67,5,0,0
BRDA:67,5,1,0
BRDA:82,6,0,0
BRDA:82,6,1,0
BRDA:83,7,0,0
BRDA:83,7,1,0
BRDA:98,8,0,0
BRDA:98,8,1,0
BRDA:99,9,0,0
BRDA:99,9,1,0
BRF:20
BRH:0
end_of_record
TN:
SF:/media/my0sot1s/STUDY/DRIVE/wkr/dbwkr/src/storages/index.js
FN:23,dynamicClass
FNF:1
FNH:1
FNDA:4,dynamicClass
DA:1,1
DA:23,1
DA:24,4
LF:3
LH:3
BRF:0
BRH:0
end_of_record
